===== Iteration: 1 =====
Run 1 for 10 slices
PID	STATE		PRI	TOTAL	SYSCALL	EXECUTE	EXTRA
1	RUNNING		0	0	0	0	vruntime=0
Syscall Fork(3), remaining 9 -> Pid(2)


===== Iteration: 2 =====
Run 1 for 5 slices
PID	STATE		PRI	TOTAL	SYSCALL	EXECUTE	EXTRA
1	RUNNING		0	1	1	0	vruntime=1
2	READY		3	0	0	0	vruntime=1
Syscall Fork(5), remaining 4 -> Pid(3)


===== Iteration: 3 =====
Run 1 for 3 slices
PID	STATE		PRI	TOTAL	SYSCALL	EXECUTE	EXTRA
1	RUNNING		0	2	2	0	vruntime=2
2	READY		3	1	0	0	vruntime=1
3	READY		5	0	0	0	vruntime=1
Expired -> Success


===== Iteration: 4 =====
Run 2 for 3 slices
PID	STATE		PRI	TOTAL	SYSCALL	EXECUTE	EXTRA
1	READY		0	5	2	3	vruntime=5
2	RUNNING		3	4	0	0	vruntime=1
3	READY		5	3	0	0	vruntime=1
Expired -> Success


===== Iteration: 5 =====
Run 3 for 3 slices
PID	STATE		PRI	TOTAL	SYSCALL	EXECUTE	EXTRA
1	READY		0	8	2	3	vruntime=5
2	READY		3	7	0	3	vruntime=4
3	RUNNING		5	6	0	0	vruntime=1
Syscall Sleep(1), remaining 2 -> Success


===== Iteration: 6 =====
Run 2 for 5 slices
PID	STATE		PRI	TOTAL	SYSCALL	EXECUTE	EXTRA
1	READY		0	9	2	3	vruntime=5
2	RUNNING		3	8	0	3	vruntime=4
3	SLEEP		5	7	1	0	vruntime=2
Expired -> Success


===== Iteration: 7 =====
Run 3 for 3 slices
PID	STATE		PRI	TOTAL	SYSCALL	EXECUTE	EXTRA
1	READY		0	14	2	3	vruntime=5
2	READY		3	13	0	8	vruntime=9
3	RUNNING		5	12	1	0	vruntime=2
Syscall Sleep(1), remaining 0 -> Success


===== Iteration: 8 =====
Run 1 for 5 slices
PID	STATE		PRI	TOTAL	SYSCALL	EXECUTE	EXTRA
1	RUNNING		0	17	2	3	vruntime=5
2	READY		3	16	0	8	vruntime=9
3	SLEEP		5	15	2	2	vruntime=5
Expired -> Success


===== Iteration: 9 =====
Run 3 for 3 slices
PID	STATE		PRI	TOTAL	SYSCALL	EXECUTE	EXTRA
1	READY		0	22	2	8	vruntime=10
2	READY		3	21	0	8	vruntime=9
3	RUNNING		5	20	2	2	vruntime=5
Syscall Sleep(1), remaining 0 -> Success


===== Iteration: 10 =====
Run 2 for 5 slices
PID	STATE		PRI	TOTAL	SYSCALL	EXECUTE	EXTRA
1	READY		0	25	2	8	vruntime=10
2	RUNNING		3	24	0	8	vruntime=9
3	SLEEP		5	23	3	4	vruntime=8
Syscall Exit, remaining 2 -> Success


===== Iteration: 11 =====
Run 3 for 5 slices
PID	STATE		PRI	TOTAL	SYSCALL	EXECUTE	EXTRA
1	READY		0	28	2	8	vruntime=10
3	RUNNING		5	26	3	4	vruntime=8
Syscall Sleep(1), remaining 2 -> Success


===== Iteration: 12 =====
Run 1 for 10 slices
PID	STATE		PRI	TOTAL	SYSCALL	EXECUTE	EXTRA
1	RUNNING		0	31	2	8	vruntime=10
3	SLEEP		5	29	4	6	vruntime=11
Expired -> Success


===== Iteration: 13 =====
Run 3 for 5 slices
PID	STATE		PRI	TOTAL	SYSCALL	EXECUTE	EXTRA
1	READY		0	41	2	18	vruntime=20
3	RUNNING		5	39	4	6	vruntime=11
Syscall Sleep(1), remaining 2 -> Success


===== Iteration: 14 =====
Run 1 for 10 slices
PID	STATE		PRI	TOTAL	SYSCALL	EXECUTE	EXTRA
1	RUNNING		0	44	2	18	vruntime=20
3	SLEEP		5	42	5	8	vruntime=14
Expired -> Success


===== Iteration: 15 =====
Run 3 for 5 slices
PID	STATE		PRI	TOTAL	SYSCALL	EXECUTE	EXTRA
1	READY		0	54	2	28	vruntime=30
3	RUNNING		5	52	5	8	vruntime=14
Syscall Sleep(1), remaining 2 -> Success


===== Iteration: 16 =====
Run 1 for 10 slices
PID	STATE		PRI	TOTAL	SYSCALL	EXECUTE	EXTRA
1	RUNNING		0	57	2	28	vruntime=30
3	SLEEP		5	55	6	10	vruntime=17
Expired -> Success


===== Iteration: 17 =====
Run 3 for 5 slices
PID	STATE		PRI	TOTAL	SYSCALL	EXECUTE	EXTRA
1	READY		0	67	2	38	vruntime=40
3	RUNNING		5	65	6	10	vruntime=17
Syscall Sleep(1), remaining 2 -> Success


===== Iteration: 18 =====
Run 1 for 10 slices
PID	STATE		PRI	TOTAL	SYSCALL	EXECUTE	EXTRA
1	RUNNING		0	70	2	38	vruntime=40
3	SLEEP		5	68	7	12	vruntime=20
Expired -> Success


===== Iteration: 19 =====
Run 3 for 5 slices
PID	STATE		PRI	TOTAL	SYSCALL	EXECUTE	EXTRA
1	READY		0	80	2	48	vruntime=50
3	RUNNING		5	78	7	12	vruntime=20
Syscall Sleep(1), remaining 2 -> Success


===== Iteration: 20 =====
Run 1 for 10 slices
PID	STATE		PRI	TOTAL	SYSCALL	EXECUTE	EXTRA
1	RUNNING		0	83	2	48	vruntime=50
3	SLEEP		5	81	8	14	vruntime=23
Syscall Exit, remaining 7 -> Success


===== Iteration: 21 =====
Panic, process 1 has stopped
PID	STATE		PRI	TOTAL	SYSCALL	EXECUTE	EXTRA
3	READY		5	84	8	14	vruntime=23


