===== Iteration: 1 =====
Run 1 for 12 slices
PID	STATE		PRI	TOTAL	SYSCALL	EXECUTE	EXTRA
1	RUNNING		0	0	0	0	vruntime=0
Syscall Fork(3), remaining 11 -> Pid(2)


===== Iteration: 2 =====
Run 1 for 6 slices
PID	STATE		PRI	TOTAL	SYSCALL	EXECUTE	EXTRA
1	RUNNING		0	1	1	0	vruntime=1
2	READY		3	0	0	0	vruntime=1
Syscall Fork(5), remaining 5 -> Pid(3)


===== Iteration: 3 =====
Run 1 for 4 slices
PID	STATE		PRI	TOTAL	SYSCALL	EXECUTE	EXTRA
1	RUNNING		0	2	2	0	vruntime=2
2	READY		3	1	0	0	vruntime=1
3	READY		5	0	0	0	vruntime=1
Expired -> Success


===== Iteration: 4 =====
Run 2 for 4 slices
PID	STATE		PRI	TOTAL	SYSCALL	EXECUTE	EXTRA
1	READY		0	6	2	4	vruntime=6
2	RUNNING		3	5	0	0	vruntime=1
3	READY		5	4	0	0	vruntime=1
Expired -> Success


===== Iteration: 5 =====
Run 3 for 4 slices
PID	STATE		PRI	TOTAL	SYSCALL	EXECUTE	EXTRA
1	READY		0	10	2	4	vruntime=6
2	READY		3	9	0	4	vruntime=5
3	RUNNING		5	8	0	0	vruntime=1
Syscall Sleep(1), remaining 3 -> Success


===== Iteration: 6 =====
Run 2 for 6 slices
PID	STATE		PRI	TOTAL	SYSCALL	EXECUTE	EXTRA
1	READY		0	11	2	4	vruntime=6
2	RUNNING		3	10	0	4	vruntime=5
3	SLEEP		5	9	1	0	vruntime=2
Expired -> Success


===== Iteration: 7 =====
Run 3 for 4 slices
PID	STATE		PRI	TOTAL	SYSCALL	EXECUTE	EXTRA
1	READY		0	17	2	4	vruntime=6
2	READY		3	16	0	10	vruntime=11
3	RUNNING		5	15	1	0	vruntime=2
Syscall Sleep(1), remaining 1 -> Success


===== Iteration: 8 =====
Run 1 for 6 slices
PID	STATE		PRI	TOTAL	SYSCALL	EXECUTE	EXTRA
1	RUNNING		0	20	2	4	vruntime=6
2	READY		3	19	0	10	vruntime=11
3	SLEEP		5	18	2	2	vruntime=5
Expired -> Success


===== Iteration: 9 =====
Run 3 for 4 slices
PID	STATE		PRI	TOTAL	SYSCALL	EXECUTE	EXTRA
1	READY		0	26	2	10	vruntime=12
2	READY		3	25	0	10	vruntime=11
3	RUNNING		5	24	2	2	vruntime=5
Syscall Sleep(1), remaining 1 -> Success


===== Iteration: 10 =====
Run 2 for 6 slices
PID	STATE		PRI	TOTAL	SYSCALL	EXECUTE	EXTRA
1	READY		0	29	2	10	vruntime=12
2	RUNNING		3	28	0	10	vruntime=11
3	SLEEP		5	27	3	4	vruntime=8
Syscall Exit, remaining 5 -> Success


===== Iteration: 11 =====
Run 3 for 6 slices
PID	STATE		PRI	TOTAL	SYSCALL	EXECUTE	EXTRA
1	READY		0	30	2	10	vruntime=12
3	RUNNING		5	28	3	4	vruntime=8
Syscall Sleep(1), remaining 3 -> Success


===== Iteration: 12 =====
Run 1 for 12 slices
PID	STATE		PRI	TOTAL	SYSCALL	EXECUTE	EXTRA
1	RUNNING		0	33	2	10	vruntime=12
3	SLEEP		5	31	4	6	vruntime=11
Expired -> Success


===== Iteration: 13 =====
Run 3 for 6 slices
PID	STATE		PRI	TOTAL	SYSCALL	EXECUTE	EXTRA
1	READY		0	45	2	22	vruntime=24
3	RUNNING		5	43	4	6	vruntime=11
Syscall Sleep(1), remaining 3 -> Success


===== Iteration: 14 =====
Run 1 for 12 slices
PID	STATE		PRI	TOTAL	SYSCALL	EXECUTE	EXTRA
1	RUNNING		0	48	2	22	vruntime=24
3	SLEEP		5	46	5	8	vruntime=14
Expired -> Success


===== Iteration: 15 =====
Run 3 for 6 slices
PID	STATE		PRI	TOTAL	SYSCALL	EXECUTE	EXTRA
1	READY		0	60	2	34	vruntime=36
3	RUNNING		5	58	5	8	vruntime=14
Syscall Sleep(1), remaining 3 -> Success


===== Iteration: 16 =====
Run 1 for 12 slices
PID	STATE		PRI	TOTAL	SYSCALL	EXECUTE	EXTRA
1	RUNNING		0	63	2	34	vruntime=36
3	SLEEP		5	61	6	10	vruntime=17
Expired -> Success


===== Iteration: 17 =====
Run 3 for 6 slices
PID	STATE		PRI	TOTAL	SYSCALL	EXECUTE	EXTRA
1	READY		0	75	2	46	vruntime=48
3	RUNNING		5	73	6	10	vruntime=17
Syscall Sleep(1), remaining 3 -> Success


===== Iteration: 18 =====
Run 1 for 12 slices
PID	STATE		PRI	TOTAL	SYSCALL	EXECUTE	EXTRA
1	RUNNING		0	78	2	46	vruntime=48
3	SLEEP		5	76	7	12	vruntime=20
Syscall Exit, remaining 7 -> Success


===== Iteration: 19 =====
Panic, process 1 has stopped
PID	STATE		PRI	TOTAL	SYSCALL	EXECUTE	EXTRA
3	READY		5	81	7	12	vruntime=20


