===== Iteration: 1 =====
Run 1 for 5 slices
PID	STATE		PRI	TOTAL	SYSCALL	EXECUTE	EXTRA
1	RUNNING		0	0	0	0	
Syscall Fork(5), remaining 4 -> Pid(2)


===== Iteration: 2 =====
Run 1 for 4 slices
PID	STATE		PRI	TOTAL	SYSCALL	EXECUTE	EXTRA
1	RUNNING		0	1	1	0	
2	READY		5	0	0	0	
Expired -> Success


===== Iteration: 3 =====
Run 2 for 5 slices
PID	STATE		PRI	TOTAL	SYSCALL	EXECUTE	EXTRA
1	READY		0	5	1	4	
2	RUNNING		5	4	0	0	
Expired -> Success


===== Iteration: 4 =====
Run 2 for 5 slices
PID	STATE		PRI	TOTAL	SYSCALL	EXECUTE	EXTRA
1	READY		0	10	1	4	
2	RUNNING		4	9	0	5	
Expired -> Success


===== Iteration: 5 =====
Run 2 for 5 slices
PID	STATE		PRI	TOTAL	SYSCALL	EXECUTE	EXTRA
1	READY		0	15	1	4	
2	RUNNING		3	14	0	10	
Expired -> Success


===== Iteration: 6 =====
Run 2 for 5 slices
PID	STATE		PRI	TOTAL	SYSCALL	EXECUTE	EXTRA
1	READY		0	20	1	4	
2	RUNNING		2	19	0	15	
Expired -> Success


===== Iteration: 7 =====
Run 2 for 5 slices
PID	STATE		PRI	TOTAL	SYSCALL	EXECUTE	EXTRA
1	READY		0	25	1	4	
2	RUNNING		1	24	0	20	
Syscall Fork(5), remaining 4 -> Pid(3)


===== Iteration: 8 =====
Run 2 for 4 slices
PID	STATE		PRI	TOTAL	SYSCALL	EXECUTE	EXTRA
1	READY		0	26	1	4	
2	RUNNING		2	25	1	20	
3	READY		5	0	0	0	
Syscall Exit, remaining 3 -> Success


===== Iteration: 9 =====
Run 3 for 5 slices
PID	STATE		PRI	TOTAL	SYSCALL	EXECUTE	EXTRA
1	READY		0	27	1	4	
3	RUNNING		5	1	0	0	
Expired -> Success


===== Iteration: 10 =====
Run 3 for 5 slices
PID	STATE		PRI	TOTAL	SYSCALL	EXECUTE	EXTRA
1	READY		0	32	1	4	
3	RUNNING		4	6	0	5	
Expired -> Success


===== Iteration: 11 =====
Run 3 for 5 slices
PID	STATE		PRI	TOTAL	SYSCALL	EXECUTE	EXTRA
1	READY		0	37	1	4	
3	RUNNING		3	11	0	10	
Expired -> Success


===== Iteration: 12 =====
Run 3 for 5 slices
PID	STATE		PRI	TOTAL	SYSCALL	EXECUTE	EXTRA
1	READY		0	42	1	4	
3	RUNNING		2	16	0	15	
Expired -> Success


===== Iteration: 13 =====
Run 3 for 5 slices
PID	STATE		PRI	TOTAL	SYSCALL	EXECUTE	EXTRA
1	READY		0	47	1	4	
3	RUNNING		1	21	0	20	
Syscall Exit, remaining 4 -> Success


===== Iteration: 14 =====
Run 1 for 5 slices
PID	STATE		PRI	TOTAL	SYSCALL	EXECUTE	EXTRA
1	RUNNING		0	48	1	4	
Expired -> Success


===== Iteration: 15 =====
Run 1 for 5 slices
PID	STATE		PRI	TOTAL	SYSCALL	EXECUTE	EXTRA
1	RUNNING		0	53	1	9	
Expired -> Success


===== Iteration: 16 =====
Run 1 for 5 slices
PID	STATE		PRI	TOTAL	SYSCALL	EXECUTE	EXTRA
1	RUNNING		0	58	1	14	
Expired -> Success


===== Iteration: 17 =====
Run 1 for 5 slices
PID	STATE		PRI	TOTAL	SYSCALL	EXECUTE	EXTRA
1	RUNNING		0	63	1	19	
Expired -> Success


===== Iteration: 18 =====
Run 1 for 5 slices
PID	STATE		PRI	TOTAL	SYSCALL	EXECUTE	EXTRA
1	RUNNING		0	68	1	24	
Expired -> Success


===== Iteration: 19 =====
Run 1 for 5 slices
PID	STATE		PRI	TOTAL	SYSCALL	EXECUTE	EXTRA
1	RUNNING		0	73	1	29	
Expired -> Success


===== Iteration: 20 =====
Run 1 for 5 slices
PID	STATE		PRI	TOTAL	SYSCALL	EXECUTE	EXTRA
1	RUNNING		0	78	1	34	
Expired -> Success


===== Iteration: 21 =====
Run 1 for 5 slices
PID	STATE		PRI	TOTAL	SYSCALL	EXECUTE	EXTRA
1	RUNNING		0	83	1	39	
Expired -> Success


===== Iteration: 22 =====
Run 1 for 5 slices
PID	STATE		PRI	TOTAL	SYSCALL	EXECUTE	EXTRA
1	RUNNING		0	88	1	44	
Expired -> Success


===== Iteration: 23 =====
Run 1 for 5 slices
PID	STATE		PRI	TOTAL	SYSCALL	EXECUTE	EXTRA
1	RUNNING		0	93	1	49	
Syscall Exit, remaining 3 -> Success


===== Iteration: 24 =====
Done, no more processes
PID	STATE		PRI	TOTAL	SYSCALL	EXECUTE	EXTRA


