===== Iteration: 1 =====
Run 1 for 3 slices
PID	STATE		PRI	TOTAL	SYSCALL	EXECUTE	EXTRA
1	RUNNING		0	0	0	0	
Syscall Fork(5), remaining 2 -> Pid(2)


===== Iteration: 2 =====
Run 1 for 2 slices
PID	STATE		PRI	TOTAL	SYSCALL	EXECUTE	EXTRA
1	RUNNING		0	1	1	0	
2	READY		5	0	0	0	
Syscall Sleep(110), remaining 1 -> Success


===== Iteration: 3 =====
Run 2 for 3 slices
PID	STATE		PRI	TOTAL	SYSCALL	EXECUTE	EXTRA
1	SLEEP		0	2	2	0	
2	RUNNING		5	1	0	0	
Syscall Fork(5), remaining 2 -> Pid(3)


===== Iteration: 4 =====
Run 2 for 2 slices
PID	STATE		PRI	TOTAL	SYSCALL	EXECUTE	EXTRA
1	SLEEP		0	3	2	0	
2	RUNNING		5	2	1	0	
3	READY		5	0	0	0	
Expired -> Success


===== Iteration: 5 =====
Run 3 for 3 slices
PID	STATE		PRI	TOTAL	SYSCALL	EXECUTE	EXTRA
1	SLEEP		0	5	2	0	
2	READY		5	4	1	2	
3	RUNNING		5	2	0	0	
Expired -> Success


===== Iteration: 6 =====
Run 2 for 3 slices
PID	STATE		PRI	TOTAL	SYSCALL	EXECUTE	EXTRA
1	SLEEP		0	8	2	0	
2	RUNNING		5	7	1	2	
3	READY		5	5	0	3	
Expired -> Success


===== Iteration: 7 =====
Run 3 for 3 slices
PID	STATE		PRI	TOTAL	SYSCALL	EXECUTE	EXTRA
1	SLEEP		0	11	2	0	
2	READY		5	10	1	5	
3	RUNNING		5	8	0	3	
Expired -> Success


===== Iteration: 8 =====
Run 2 for 3 slices
PID	STATE		PRI	TOTAL	SYSCALL	EXECUTE	EXTRA
1	SLEEP		0	14	2	0	
2	RUNNING		5	13	1	5	
3	READY		5	11	0	6	
Expired -> Success


===== Iteration: 9 =====
Run 3 for 3 slices
PID	STATE		PRI	TOTAL	SYSCALL	EXECUTE	EXTRA
1	SLEEP		0	17	2	0	
2	READY		5	16	1	8	
3	RUNNING		5	14	0	6	
Expired -> Success


===== Iteration: 10 =====
Run 2 for 3 slices
PID	STATE		PRI	TOTAL	SYSCALL	EXECUTE	EXTRA
1	SLEEP		0	20	2	0	
2	RUNNING		5	19	1	8	
3	READY		5	17	0	9	
Expired -> Success


===== Iteration: 11 =====
Run 3 for 3 slices
PID	STATE		PRI	TOTAL	SYSCALL	EXECUTE	EXTRA
1	SLEEP		0	23	2	0	
2	READY		5	22	1	11	
3	RUNNING		5	20	0	9	
Expired -> Success


===== Iteration: 12 =====
Run 2 for 3 slices
PID	STATE		PRI	TOTAL	SYSCALL	EXECUTE	EXTRA
1	SLEEP		0	26	2	0	
2	RUNNING		5	25	1	11	
3	READY		5	23	0	12	
Expired -> Success


===== Iteration: 13 =====
Run 3 for 3 slices
PID	STATE		PRI	TOTAL	SYSCALL	EXECUTE	EXTRA
1	SLEEP		0	29	2	0	
2	READY		5	28	1	14	
3	RUNNING		5	26	0	12	
Expired -> Success


===== Iteration: 14 =====
Run 2 for 3 slices
PID	STATE		PRI	TOTAL	SYSCALL	EXECUTE	EXTRA
1	SLEEP		0	32	2	0	
2	RUNNING		5	31	1	14	
3	READY		5	29	0	15	
Expired -> Success


===== Iteration: 15 =====
Run 3 for 3 slices
PID	STATE		PRI	TOTAL	SYSCALL	EXECUTE	EXTRA
1	SLEEP		0	35	2	0	
2	READY		5	34	1	17	
3	RUNNING		5	32	0	15	
Expired -> Success


===== Iteration: 16 =====
Run 2 for 3 slices
PID	STATE		PRI	TOTAL	SYSCALL	EXECUTE	EXTRA
1	SLEEP		0	38	2	0	
2	RUNNING		5	37	1	17	
3	READY		5	35	0	18	
Expired -> Success


===== Iteration: 17 =====
Run 3 for 3 slices
PID	STATE		PRI	TOTAL	SYSCALL	EXECUTE	EXTRA
1	SLEEP		0	41	2	0	
2	READY		5	40	1	20	
3	RUNNING		5	38	0	18	
Syscall Exit, remaining 0 -> Success


===== Iteration: 18 =====
Run 2 for 3 slices
PID	STATE		PRI	TOTAL	SYSCALL	EXECUTE	EXTRA
1	SLEEP		0	44	2	0	
2	RUNNING		5	43	1	20	
Syscall Fork(5), remaining 2 -> Pid(4)


===== Iteration: 19 =====
Run 2 for 2 slices
PID	STATE		PRI	TOTAL	SYSCALL	EXECUTE	EXTRA
1	SLEEP		0	45	2	0	
2	RUNNING		5	44	2	20	
4	READY		5	0	0	0	
Syscall Exit, remaining 1 -> Success


===== Iteration: 20 =====
Run 4 for 3 slices
PID	STATE		PRI	TOTAL	SYSCALL	EXECUTE	EXTRA
1	SLEEP		0	46	2	0	
4	RUNNING		5	1	0	0	
Expired -> Success


===== Iteration: 21 =====
Run 4 for 3 slices
PID	STATE		PRI	TOTAL	SYSCALL	EXECUTE	EXTRA
1	SLEEP		0	49	2	0	
4	RUNNING		5	4	0	3	
Expired -> Success


===== Iteration: 22 =====
Run 4 for 3 slices
PID	STATE		PRI	TOTAL	SYSCALL	EXECUTE	EXTRA
1	SLEEP		0	52	2	0	
4	RUNNING		5	7	0	6	
Expired -> Success


===== Iteration: 23 =====
Run 4 for 3 slices
PID	STATE		PRI	TOTAL	SYSCALL	EXECUTE	EXTRA
1	SLEEP		0	55	2	0	
4	RUNNING		5	10	0	9	
Expired -> Success


===== Iteration: 24 =====
Run 4 for 3 slices
PID	STATE		PRI	TOTAL	SYSCALL	EXECUTE	EXTRA
1	SLEEP		0	58	2	0	
4	RUNNING		5	13	0	12	
Expired -> Success


===== Iteration: 25 =====
Run 4 for 3 slices
PID	STATE		PRI	TOTAL	SYSCALL	EXECUTE	EXTRA
1	SLEEP		0	61	2	0	
4	RUNNING		5	16	0	15	
Expired -> Success


===== Iteration: 26 =====
Run 4 for 3 slices
PID	STATE		PRI	TOTAL	SYSCALL	EXECUTE	EXTRA
1	SLEEP		0	64	2	0	
4	RUNNING		5	19	0	18	
Syscall Exit, remaining 0 -> Success


===== Iteration: 27 =====
Sleep for 45 slices
PID	STATE		PRI	TOTAL	SYSCALL	EXECUTE	EXTRA
1	SLEEP		0	67	2	0	


===== Iteration: 28 =====
Run 1 for 3 slices
PID	STATE		PRI	TOTAL	SYSCALL	EXECUTE	EXTRA
1	RUNNING		0	112	2	0	
Expired -> Success


===== Iteration: 29 =====
Run 1 for 3 slices
PID	STATE		PRI	TOTAL	SYSCALL	EXECUTE	EXTRA
1	RUNNING		0	115	2	3	
Expired -> Success


===== Iteration: 30 =====
Run 1 for 3 slices
PID	STATE		PRI	TOTAL	SYSCALL	EXECUTE	EXTRA
1	RUNNING		0	118	2	6	
Expired -> Success


===== Iteration: 31 =====
Run 1 for 3 slices
PID	STATE		PRI	TOTAL	SYSCALL	EXECUTE	EXTRA
1	RUNNING		0	121	2	9	
Expired -> Success


===== Iteration: 32 =====
Run 1 for 3 slices
PID	STATE		PRI	TOTAL	SYSCALL	EXECUTE	EXTRA
1	RUNNING		0	124	2	12	
Expired -> Success


===== Iteration: 33 =====
Run 1 for 3 slices
PID	STATE		PRI	TOTAL	SYSCALL	EXECUTE	EXTRA
1	RUNNING		0	127	2	15	
Expired -> Success


===== Iteration: 34 =====
Run 1 for 3 slices
PID	STATE		PRI	TOTAL	SYSCALL	EXECUTE	EXTRA
1	RUNNING		0	130	2	18	
Expired -> Success


===== Iteration: 35 =====
Run 1 for 3 slices
PID	STATE		PRI	TOTAL	SYSCALL	EXECUTE	EXTRA
1	RUNNING		0	133	2	21	
Expired -> Success


===== Iteration: 36 =====
Run 1 for 3 slices
PID	STATE		PRI	TOTAL	SYSCALL	EXECUTE	EXTRA
1	RUNNING		0	136	2	24	
Expired -> Success


===== Iteration: 37 =====
Run 1 for 3 slices
PID	STATE		PRI	TOTAL	SYSCALL	EXECUTE	EXTRA
1	RUNNING		0	139	2	27	
Expired -> Success


===== Iteration: 38 =====
Run 1 for 3 slices
PID	STATE		PRI	TOTAL	SYSCALL	EXECUTE	EXTRA
1	RUNNING		0	142	2	30	
Expired -> Success


===== Iteration: 39 =====
Run 1 for 3 slices
PID	STATE		PRI	TOTAL	SYSCALL	EXECUTE	EXTRA
1	RUNNING		0	145	2	33	
Expired -> Success


===== Iteration: 40 =====
Run 1 for 3 slices
PID	STATE		PRI	TOTAL	SYSCALL	EXECUTE	EXTRA
1	RUNNING		0	148	2	36	
Expired -> Success


===== Iteration: 41 =====
Run 1 for 3 slices
PID	STATE		PRI	TOTAL	SYSCALL	EXECUTE	EXTRA
1	RUNNING		0	151	2	39	
Expired -> Success


===== Iteration: 42 =====
Run 1 for 3 slices
PID	STATE		PRI	TOTAL	SYSCALL	EXECUTE	EXTRA
1	RUNNING		0	154	2	42	
Expired -> Success


===== Iteration: 43 =====
Run 1 for 3 slices
PID	STATE		PRI	TOTAL	SYSCALL	EXECUTE	EXTRA
1	RUNNING		0	157	2	45	
Expired -> Success


===== Iteration: 44 =====
Run 1 for 3 slices
PID	STATE		PRI	TOTAL	SYSCALL	EXECUTE	EXTRA
1	RUNNING		0	160	2	48	
Syscall Exit, remaining 0 -> Success


===== Iteration: 45 =====
Done, no more processes
PID	STATE		PRI	TOTAL	SYSCALL	EXECUTE	EXTRA


