===== Iteration: 1 =====
Run 1 for 3 slices
PID	STATE		PRI	TOTAL	SYSCALL	EXECUTE	EXTRA
1	RUNNING		0	0	0	0	
Syscall Fork(5), remaining 2 -> Pid(2)


===== Iteration: 2 =====
Run 2 for 3 slices
PID	STATE		PRI	TOTAL	SYSCALL	EXECUTE	EXTRA
1	READY		0	1	1	0	
2	RUNNING		5	0	0	0	
Syscall Fork(5), remaining 2 -> Pid(3)


===== Iteration: 3 =====
Run 1 for 3 slices
PID	STATE		PRI	TOTAL	SYSCALL	EXECUTE	EXTRA
1	RUNNING		0	2	1	0	
2	READY		5	1	1	0	
3	READY		5	0	0	0	
Syscall Sleep(110), remaining 2 -> Success


===== Iteration: 4 =====
Run 3 for 3 slices
PID	STATE		PRI	TOTAL	SYSCALL	EXECUTE	EXTRA
1	SLEEP		0	3	2	0	
2	READY		5	2	1	0	
3	RUNNING		5	1	0	0	
Expired -> Success


===== Iteration: 5 =====
Run 2 for 3 slices
PID	STATE		PRI	TOTAL	SYSCALL	EXECUTE	EXTRA
1	SLEEP		0	6	2	0	
2	RUNNING		5	5	1	0	
3	READY		5	4	0	3	
Expired -> Success


===== Iteration: 6 =====
Run 3 for 3 slices
PID	STATE		PRI	TOTAL	SYSCALL	EXECUTE	EXTRA
1	SLEEP		0	9	2	0	
2	READY		5	8	1	3	
3	RUNNING		5	7	0	3	
Expired -> Success


===== Iteration: 7 =====
Run 2 for 3 slices
PID	STATE		PRI	TOTAL	SYSCALL	EXECUTE	EXTRA
1	SLEEP		0	12	2	0	
2	RUNNING		5	11	1	3	
3	READY		5	10	0	6	
Expired -> Success


===== Iteration: 8 =====
Run 3 for 3 slices
PID	STATE		PRI	TOTAL	SYSCALL	EXECUTE	EXTRA
1	SLEEP		0	15	2	0	
2	READY		5	14	1	6	
3	RUNNING		5	13	0	6	
Expired -> Success


===== Iteration: 9 =====
Run 2 for 3 slices
PID	STATE		PRI	TOTAL	SYSCALL	EXECUTE	EXTRA
1	SLEEP		0	18	2	0	
2	RUNNING		5	17	1	6	
3	READY		5	16	0	9	
Expired -> Success


===== Iteration: 10 =====
Run 3 for 3 slices
PID	STATE		PRI	TOTAL	SYSCALL	EXECUTE	EXTRA
1	SLEEP		0	21	2	0	
2	READY		5	20	1	9	
3	RUNNING		5	19	0	9	
Expired -> Success


===== Iteration: 11 =====
Run 2 for 3 slices
PID	STATE		PRI	TOTAL	SYSCALL	EXECUTE	EXTRA
1	SLEEP		0	24	2	0	
2	RUNNING		5	23	1	9	
3	READY		5	22	0	12	
Expired -> Success


===== Iteration: 12 =====
Run 3 for 3 slices
PID	STATE		PRI	TOTAL	SYSCALL	EXECUTE	EXTRA
1	SLEEP		0	27	2	0	
2	READY		5	26	1	12	
3	RUNNING		5	25	0	12	
Expired -> Success


===== Iteration: 13 =====
Run 2 for 3 slices
PID	STATE		PRI	TOTAL	SYSCALL	EXECUTE	EXTRA
1	SLEEP		0	30	2	0	
2	RUNNING		5	29	1	12	
3	READY		5	28	0	15	
Expired -> Success


===== Iteration: 14 =====
Run 3 for 3 slices
PID	STATE		PRI	TOTAL	SYSCALL	EXECUTE	EXTRA
1	SLEEP		0	33	2	0	
2	READY		5	32	1	15	
3	RUNNING		5	31	0	15	
Expired -> Success


===== Iteration: 15 =====
Run 2 for 3 slices
PID	STATE		PRI	TOTAL	SYSCALL	EXECUTE	EXTRA
1	SLEEP		0	36	2	0	
2	RUNNING		5	35	1	15	
3	READY		5	34	0	18	
Expired -> Success


===== Iteration: 16 =====
Run 3 for 3 slices
PID	STATE		PRI	TOTAL	SYSCALL	EXECUTE	EXTRA
1	SLEEP		0	39	2	0	
2	READY		5	38	1	18	
3	RUNNING		5	37	0	18	
Syscall Exit, remaining 0 -> Success


===== Iteration: 17 =====
Run 2 for 3 slices
PID	STATE		PRI	TOTAL	SYSCALL	EXECUTE	EXTRA
1	SLEEP		0	42	2	0	
2	RUNNING		5	41	1	18	
Syscall Fork(5), remaining 0 -> Pid(4)


===== Iteration: 18 =====
Run 4 for 3 slices
PID	STATE		PRI	TOTAL	SYSCALL	EXECUTE	EXTRA
1	SLEEP		0	45	2	0	
2	READY		5	44	2	20	
4	RUNNING		5	0	0	0	
Expired -> Success


===== Iteration: 19 =====
Run 2 for 3 slices
PID	STATE		PRI	TOTAL	SYSCALL	EXECUTE	EXTRA
1	SLEEP		0	48	2	0	
2	RUNNING		5	47	2	20	
4	READY		5	3	0	3	
Syscall Exit, remaining 2 -> Success


===== Iteration: 20 =====
Run 4 for 3 slices
PID	STATE		PRI	TOTAL	SYSCALL	EXECUTE	EXTRA
1	SLEEP		0	49	2	0	
4	RUNNING		5	4	0	3	
Expired -> Success


===== Iteration: 21 =====
Run 4 for 3 slices
PID	STATE		PRI	TOTAL	SYSCALL	EXECUTE	EXTRA
1	SLEEP		0	52	2	0	
4	RUNNING		5	7	0	6	
Expired -> Success


===== Iteration: 22 =====
Run 4 for 3 slices
PID	STATE		PRI	TOTAL	SYSCALL	EXECUTE	EXTRA
1	SLEEP		0	55	2	0	
4	RUNNING		5	10	0	9	
Expired -> Success


===== Iteration: 23 =====
Run 4 for 3 slices
PID	STATE		PRI	TOTAL	SYSCALL	EXECUTE	EXTRA
1	SLEEP		0	58	2	0	
4	RUNNING		5	13	0	12	
Expired -> Success


===== Iteration: 24 =====
Run 4 for 3 slices
PID	STATE		PRI	TOTAL	SYSCALL	EXECUTE	EXTRA
1	SLEEP		0	61	2	0	
4	RUNNING		5	16	0	15	
Expired -> Success


===== Iteration: 25 =====
Run 4 for 3 slices
PID	STATE		PRI	TOTAL	SYSCALL	EXECUTE	EXTRA
1	SLEEP		0	64	2	0	
4	RUNNING		5	19	0	18	
Syscall Exit, remaining 0 -> Success


===== Iteration: 26 =====
Sleep for 46 slices
PID	STATE		PRI	TOTAL	SYSCALL	EXECUTE	EXTRA
1	SLEEP		0	67	2	0	


===== Iteration: 27 =====
Run 1 for 3 slices
PID	STATE		PRI	TOTAL	SYSCALL	EXECUTE	EXTRA
1	RUNNING		0	113	2	0	
Expired -> Success


===== Iteration: 28 =====
Run 1 for 3 slices
PID	STATE		PRI	TOTAL	SYSCALL	EXECUTE	EXTRA
1	RUNNING		0	116	2	3	
Expired -> Success


===== Iteration: 29 =====
Run 1 for 3 slices
PID	STATE		PRI	TOTAL	SYSCALL	EXECUTE	EXTRA
1	RUNNING		0	119	2	6	
Expired -> Success


===== Iteration: 30 =====
Run 1 for 3 slices
PID	STATE		PRI	TOTAL	SYSCALL	EXECUTE	EXTRA
1	RUNNING		0	122	2	9	
Expired -> Success


===== Iteration: 31 =====
Run 1 for 3 slices
PID	STATE		PRI	TOTAL	SYSCALL	EXECUTE	EXTRA
1	RUNNING		0	125	2	12	
Expired -> Success


===== Iteration: 32 =====
Run 1 for 3 slices
PID	STATE		PRI	TOTAL	SYSCALL	EXECUTE	EXTRA
1	RUNNING		0	128	2	15	
Expired -> Success


===== Iteration: 33 =====
Run 1 for 3 slices
PID	STATE		PRI	TOTAL	SYSCALL	EXECUTE	EXTRA
1	RUNNING		0	131	2	18	
Expired -> Success


===== Iteration: 34 =====
Run 1 for 3 slices
PID	STATE		PRI	TOTAL	SYSCALL	EXECUTE	EXTRA
1	RUNNING		0	134	2	21	
Expired -> Success


===== Iteration: 35 =====
Run 1 for 3 slices
PID	STATE		PRI	TOTAL	SYSCALL	EXECUTE	EXTRA
1	RUNNING		0	137	2	24	
Expired -> Success


===== Iteration: 36 =====
Run 1 for 3 slices
PID	STATE		PRI	TOTAL	SYSCALL	EXECUTE	EXTRA
1	RUNNING		0	140	2	27	
Expired -> Success


===== Iteration: 37 =====
Run 1 for 3 slices
PID	STATE		PRI	TOTAL	SYSCALL	EXECUTE	EXTRA
1	RUNNING		0	143	2	30	
Expired -> Success


===== Iteration: 38 =====
Run 1 for 3 slices
PID	STATE		PRI	TOTAL	SYSCALL	EXECUTE	EXTRA
1	RUNNING		0	146	2	33	
Expired -> Success


===== Iteration: 39 =====
Run 1 for 3 slices
PID	STATE		PRI	TOTAL	SYSCALL	EXECUTE	EXTRA
1	RUNNING		0	149	2	36	
Expired -> Success


===== Iteration: 40 =====
Run 1 for 3 slices
PID	STATE		PRI	TOTAL	SYSCALL	EXECUTE	EXTRA
1	RUNNING		0	152	2	39	
Expired -> Success


===== Iteration: 41 =====
Run 1 for 3 slices
PID	STATE		PRI	TOTAL	SYSCALL	EXECUTE	EXTRA
1	RUNNING		0	155	2	42	
Expired -> Success


===== Iteration: 42 =====
Run 1 for 3 slices
PID	STATE		PRI	TOTAL	SYSCALL	EXECUTE	EXTRA
1	RUNNING		0	158	2	45	
Expired -> Success


===== Iteration: 43 =====
Run 1 for 3 slices
PID	STATE		PRI	TOTAL	SYSCALL	EXECUTE	EXTRA
1	RUNNING		0	161	2	48	
Syscall Exit, remaining 0 -> Success


===== Iteration: 44 =====
Done, no more processes
PID	STATE		PRI	TOTAL	SYSCALL	EXECUTE	EXTRA


