===== Iteration: 1 =====
Run 1 for 3 slices
PID	STATE		PRI	TOTAL	SYSCALL	EXECUTE	EXTRA
1	RUNNING		0	0	0	0	
Syscall Fork(3), remaining 2 -> Pid(2)


===== Iteration: 2 =====
Run 2 for 3 slices
PID	STATE		PRI	TOTAL	SYSCALL	EXECUTE	EXTRA
1	READY		0	1	1	0	
2	RUNNING		3	0	0	0	
Expired -> Success


===== Iteration: 3 =====
Run 1 for 3 slices
PID	STATE		PRI	TOTAL	SYSCALL	EXECUTE	EXTRA
1	RUNNING		0	4	1	0	
2	READY		3	3	0	3	
Syscall Fork(5), remaining 2 -> Pid(3)


===== Iteration: 4 =====
Run 2 for 3 slices
PID	STATE		PRI	TOTAL	SYSCALL	EXECUTE	EXTRA
1	READY		0	5	2	0	
2	RUNNING		3	4	0	3	
3	READY		5	0	0	0	
Expired -> Success


===== Iteration: 5 =====
Run 3 for 3 slices
PID	STATE		PRI	TOTAL	SYSCALL	EXECUTE	EXTRA
1	READY		0	8	2	0	
2	READY		3	7	0	6	
3	RUNNING		5	3	0	0	
Syscall Sleep(1), remaining 2 -> Success


===== Iteration: 6 =====
Run 1 for 3 slices
PID	STATE		PRI	TOTAL	SYSCALL	EXECUTE	EXTRA
1	RUNNING		0	9	2	0	
2	READY		3	8	0	6	
3	SLEEP		5	4	1	0	
Expired -> Success


===== Iteration: 7 =====
Run 2 for 3 slices
PID	STATE		PRI	TOTAL	SYSCALL	EXECUTE	EXTRA
1	READY		0	12	2	3	
2	RUNNING		3	11	0	6	
3	READY		5	7	1	0	
Expired -> Success


===== Iteration: 8 =====
Run 3 for 3 slices
PID	STATE		PRI	TOTAL	SYSCALL	EXECUTE	EXTRA
1	READY		0	15	2	3	
2	READY		3	14	0	9	
3	RUNNING		5	10	1	0	
Syscall Sleep(1), remaining 0 -> Success


===== Iteration: 9 =====
Run 1 for 3 slices
PID	STATE		PRI	TOTAL	SYSCALL	EXECUTE	EXTRA
1	RUNNING		0	18	2	3	
2	READY		3	17	0	9	
3	SLEEP		5	13	2	2	
Expired -> Success


===== Iteration: 10 =====
Run 2 for 3 slices
PID	STATE		PRI	TOTAL	SYSCALL	EXECUTE	EXTRA
1	READY		0	21	2	6	
2	RUNNING		3	20	0	9	
3	READY		5	16	2	2	
Syscall Exit, remaining 1 -> Success


===== Iteration: 11 =====
Run 3 for 3 slices
PID	STATE		PRI	TOTAL	SYSCALL	EXECUTE	EXTRA
1	READY		0	23	2	6	
3	RUNNING		5	18	2	2	
Syscall Sleep(1), remaining 0 -> Success


===== Iteration: 12 =====
Run 1 for 3 slices
PID	STATE		PRI	TOTAL	SYSCALL	EXECUTE	EXTRA
1	RUNNING		0	26	2	6	
3	SLEEP		5	21	3	4	
Expired -> Success


===== Iteration: 13 =====
Run 3 for 3 slices
PID	STATE		PRI	TOTAL	SYSCALL	EXECUTE	EXTRA
1	READY		0	29	2	9	
3	RUNNING		5	24	3	4	
Syscall Sleep(1), remaining 0 -> Success


===== Iteration: 14 =====
Run 1 for 3 slices
PID	STATE		PRI	TOTAL	SYSCALL	EXECUTE	EXTRA
1	RUNNING		0	32	2	9	
3	SLEEP		5	27	4	6	
Expired -> Success


===== Iteration: 15 =====
Run 3 for 3 slices
PID	STATE		PRI	TOTAL	SYSCALL	EXECUTE	EXTRA
1	READY		0	35	2	12	
3	RUNNING		5	30	4	6	
Syscall Sleep(1), remaining 0 -> Success


===== Iteration: 16 =====
Run 1 for 3 slices
PID	STATE		PRI	TOTAL	SYSCALL	EXECUTE	EXTRA
1	RUNNING		0	38	2	12	
3	SLEEP		5	33	5	8	
Expired -> Success


===== Iteration: 17 =====
Run 3 for 3 slices
PID	STATE		PRI	TOTAL	SYSCALL	EXECUTE	EXTRA
1	READY		0	41	2	15	
3	RUNNING		5	36	5	8	
Syscall Sleep(1), remaining 0 -> Success


===== Iteration: 18 =====
Run 1 for 3 slices
PID	STATE		PRI	TOTAL	SYSCALL	EXECUTE	EXTRA
1	RUNNING		0	44	2	15	
3	SLEEP		5	39	6	10	
Expired -> Success


===== Iteration: 19 =====
Run 3 for 3 slices
PID	STATE		PRI	TOTAL	SYSCALL	EXECUTE	EXTRA
1	READY		0	47	2	18	
3	RUNNING		5	42	6	10	
Syscall Sleep(1), remaining 0 -> Success


===== Iteration: 20 =====
Run 1 for 3 slices
PID	STATE		PRI	TOTAL	SYSCALL	EXECUTE	EXTRA
1	RUNNING		0	50	2	18	
3	SLEEP		5	45	7	12	
Expired -> Success


===== Iteration: 21 =====
Run 3 for 3 slices
PID	STATE		PRI	TOTAL	SYSCALL	EXECUTE	EXTRA
1	READY		0	53	2	21	
3	RUNNING		5	48	7	12	
Syscall Sleep(1), remaining 0 -> Success


===== Iteration: 22 =====
Run 1 for 3 slices
PID	STATE		PRI	TOTAL	SYSCALL	EXECUTE	EXTRA
1	RUNNING		0	56	2	21	
3	SLEEP		5	51	8	14	
Expired -> Success


===== Iteration: 23 =====
Run 3 for 3 slices
PID	STATE		PRI	TOTAL	SYSCALL	EXECUTE	EXTRA
1	READY		0	59	2	24	
3	RUNNING		5	54	8	14	
Syscall Sleep(1), remaining 0 -> Success


===== Iteration: 24 =====
Run 1 for 3 slices
PID	STATE		PRI	TOTAL	SYSCALL	EXECUTE	EXTRA
1	RUNNING		0	62	2	24	
3	SLEEP		5	57	9	16	
Expired -> Success


===== Iteration: 25 =====
Run 3 for 3 slices
PID	STATE		PRI	TOTAL	SYSCALL	EXECUTE	EXTRA
1	READY		0	65	2	27	
3	RUNNING		5	60	9	16	
Syscall Sleep(1), remaining 0 -> Success


===== Iteration: 26 =====
Run 1 for 3 slices
PID	STATE		PRI	TOTAL	SYSCALL	EXECUTE	EXTRA
1	RUNNING		0	68	2	27	
3	SLEEP		5	63	10	18	
Expired -> Success


===== Iteration: 27 =====
Run 3 for 3 slices
PID	STATE		PRI	TOTAL	SYSCALL	EXECUTE	EXTRA
1	READY		0	71	2	30	
3	RUNNING		5	66	10	18	
Syscall Sleep(1), remaining 0 -> Success


===== Iteration: 28 =====
Run 1 for 3 slices
PID	STATE		PRI	TOTAL	SYSCALL	EXECUTE	EXTRA
1	RUNNING		0	74	2	30	
3	SLEEP		5	69	11	20	
Expired -> Success


===== Iteration: 29 =====
Run 3 for 3 slices
PID	STATE		PRI	TOTAL	SYSCALL	EXECUTE	EXTRA
1	READY		0	77	2	33	
3	RUNNING		5	72	11	20	
Syscall Sleep(1), remaining 0 -> Success


===== Iteration: 30 =====
Run 1 for 3 slices
PID	STATE		PRI	TOTAL	SYSCALL	EXECUTE	EXTRA
1	RUNNING		0	80	2	33	
3	SLEEP		5	75	12	22	
Expired -> Success


===== Iteration: 31 =====
Run 3 for 3 slices
PID	STATE		PRI	TOTAL	SYSCALL	EXECUTE	EXTRA
1	READY		0	83	2	36	
3	RUNNING		5	78	12	22	
Syscall Sleep(1), remaining 0 -> Success


===== Iteration: 32 =====
Run 1 for 3 slices
PID	STATE		PRI	TOTAL	SYSCALL	EXECUTE	EXTRA
1	RUNNING		0	86	2	36	
3	SLEEP		5	81	13	24	
Expired -> Success


===== Iteration: 33 =====
Run 3 for 3 slices
PID	STATE		PRI	TOTAL	SYSCALL	EXECUTE	EXTRA
1	READY		0	89	2	39	
3	RUNNING		5	84	13	24	
Syscall Sleep(1), remaining 0 -> Success


===== Iteration: 34 =====
Run 1 for 3 slices
PID	STATE		PRI	TOTAL	SYSCALL	EXECUTE	EXTRA
1	RUNNING		0	92	2	39	
3	SLEEP		5	87	14	26	
Expired -> Success


===== Iteration: 35 =====
Run 3 for 3 slices
PID	STATE		PRI	TOTAL	SYSCALL	EXECUTE	EXTRA
1	READY		0	95	2	42	
3	RUNNING		5	90	14	26	
Syscall Sleep(1), remaining 0 -> Success


===== Iteration: 36 =====
Run 1 for 3 slices
PID	STATE		PRI	TOTAL	SYSCALL	EXECUTE	EXTRA
1	RUNNING		0	98	2	42	
3	SLEEP		5	93	15	28	
Expired -> Success


===== Iteration: 37 =====
Run 3 for 3 slices
PID	STATE		PRI	TOTAL	SYSCALL	EXECUTE	EXTRA
1	READY		0	101	2	45	
3	RUNNING		5	96	15	28	
Syscall Sleep(1), remaining 0 -> Success


===== Iteration: 38 =====
Run 1 for 3 slices
PID	STATE		PRI	TOTAL	SYSCALL	EXECUTE	EXTRA
1	RUNNING		0	104	2	45	
3	SLEEP		5	99	16	30	
Expired -> Success


===== Iteration: 39 =====
Run 3 for 3 slices
PID	STATE		PRI	TOTAL	SYSCALL	EXECUTE	EXTRA
1	READY		0	107	2	48	
3	RUNNING		5	102	16	30	
Syscall Sleep(1), remaining 0 -> Success


===== Iteration: 40 =====
Run 1 for 3 slices
PID	STATE		PRI	TOTAL	SYSCALL	EXECUTE	EXTRA
1	RUNNING		0	110	2	48	
3	SLEEP		5	105	17	32	
Syscall Exit, remaining 0 -> Success


===== Iteration: 41 =====
Panic, process 1 has stopped
PID	STATE		PRI	TOTAL	SYSCALL	EXECUTE	EXTRA
3	READY		5	108	17	32	


