===== Iteration: 1 =====
Run 1 for 3 slices
PID	STATE		PRI	TOTAL	SYSCALL	EXECUTE	EXTRA
1	RUNNING		0	0	0	0	
Syscall Fork(5), remaining 2 -> Pid(2)


===== Iteration: 2 =====
Run 2 for 3 slices
PID	STATE		PRI	TOTAL	SYSCALL	EXECUTE	EXTRA
1	READY		0	1	1	0	
2	RUNNING		5	0	0	0	
Expired -> Success


===== Iteration: 3 =====
Run 1 for 3 slices
PID	STATE		PRI	TOTAL	SYSCALL	EXECUTE	EXTRA
1	RUNNING		0	4	1	0	
2	READY		5	3	0	3	
Expired -> Success


===== Iteration: 4 =====
Run 2 for 3 slices
PID	STATE		PRI	TOTAL	SYSCALL	EXECUTE	EXTRA
1	READY		0	7	1	3	
2	RUNNING		5	6	0	3	
Expired -> Success


===== Iteration: 5 =====
Run 1 for 3 slices
PID	STATE		PRI	TOTAL	SYSCALL	EXECUTE	EXTRA
1	RUNNING		0	10	1	3	
2	READY		5	9	0	6	
Expired -> Success


===== Iteration: 6 =====
Run 2 for 3 slices
PID	STATE		PRI	TOTAL	SYSCALL	EXECUTE	EXTRA
1	READY		0	13	1	6	
2	RUNNING		5	12	0	6	
Expired -> Success


===== Iteration: 7 =====
Run 1 for 3 slices
PID	STATE		PRI	TOTAL	SYSCALL	EXECUTE	EXTRA
1	RUNNING		0	16	1	6	
2	READY		5	15	0	9	
Expired -> Success


===== Iteration: 8 =====
Run 2 for 3 slices
PID	STATE		PRI	TOTAL	SYSCALL	EXECUTE	EXTRA
1	READY		0	19	1	9	
2	RUNNING		5	18	0	9	
Expired -> Success


===== Iteration: 9 =====
Run 1 for 3 slices
PID	STATE		PRI	TOTAL	SYSCALL	EXECUTE	EXTRA
1	RUNNING		0	22	1	9	
2	READY		5	21	0	12	
Expired -> Success


===== Iteration: 10 =====
Run 2 for 3 slices
PID	STATE		PRI	TOTAL	SYSCALL	EXECUTE	EXTRA
1	READY		0	25	1	12	
2	RUNNING		5	24	0	12	
Expired -> Success


===== Iteration: 11 =====
Run 1 for 3 slices
PID	STATE		PRI	TOTAL	SYSCALL	EXECUTE	EXTRA
1	RUNNING		0	28	1	12	
2	READY		5	27	0	15	
Expired -> Success


===== Iteration: 12 =====
Run 2 for 3 slices
PID	STATE		PRI	TOTAL	SYSCALL	EXECUTE	EXTRA
1	READY		0	31	1	15	
2	RUNNING		5	30	0	15	
Expired -> Success


===== Iteration: 13 =====
Run 1 for 3 slices
PID	STATE		PRI	TOTAL	SYSCALL	EXECUTE	EXTRA
1	RUNNING		0	34	1	15	
2	READY		5	33	0	18	
Expired -> Success


===== Iteration: 14 =====
Run 2 for 3 slices
PID	STATE		PRI	TOTAL	SYSCALL	EXECUTE	EXTRA
1	READY		0	37	1	18	
2	RUNNING		5	36	0	18	
Syscall Fork(5), remaining 0 -> Pid(3)


===== Iteration: 15 =====
Run 1 for 3 slices
PID	STATE		PRI	TOTAL	SYSCALL	EXECUTE	EXTRA
1	RUNNING		0	40	1	18	
2	READY		5	39	1	20	
3	READY		5	0	0	0	
Expired -> Success


===== Iteration: 16 =====
Run 3 for 3 slices
PID	STATE		PRI	TOTAL	SYSCALL	EXECUTE	EXTRA
1	READY		0	43	1	21	
2	READY		5	42	1	20	
3	RUNNING		5	3	0	0	
Expired -> Success


===== Iteration: 17 =====
Run 2 for 3 slices
PID	STATE		PRI	TOTAL	SYSCALL	EXECUTE	EXTRA
1	READY		0	46	1	21	
2	RUNNING		5	45	1	20	
3	READY		5	6	0	3	
Syscall Exit, remaining 2 -> Success


===== Iteration: 18 =====
Run 1 for 3 slices
PID	STATE		PRI	TOTAL	SYSCALL	EXECUTE	EXTRA
1	RUNNING		0	47	1	21	
3	READY		5	7	0	3	
Expired -> Success


===== Iteration: 19 =====
Run 3 for 3 slices
PID	STATE		PRI	TOTAL	SYSCALL	EXECUTE	EXTRA
1	READY		0	50	1	24	
3	RUNNING		5	10	0	3	
Expired -> Success


===== Iteration: 20 =====
Run 1 for 3 slices
PID	STATE		PRI	TOTAL	SYSCALL	EXECUTE	EXTRA
1	RUNNING		0	53	1	24	
3	READY		5	13	0	6	
Expired -> Success


===== Iteration: 21 =====
Run 3 for 3 slices
PID	STATE		PRI	TOTAL	SYSCALL	EXECUTE	EXTRA
1	READY		0	56	1	27	
3	RUNNING		5	16	0	6	
Expired -> Success


===== Iteration: 22 =====
Run 1 for 3 slices
PID	STATE		PRI	TOTAL	SYSCALL	EXECUTE	EXTRA
1	RUNNING		0	59	1	27	
3	READY		5	19	0	9	
Expired -> Success


===== Iteration: 23 =====
Run 3 for 3 slices
PID	STATE		PRI	TOTAL	SYSCALL	EXECUTE	EXTRA
1	READY		0	62	1	30	
3	RUNNING		5	22	0	9	
Expired -> Success


===== Iteration: 24 =====
Run 1 for 3 slices
PID	STATE		PRI	TOTAL	SYSCALL	EXECUTE	EXTRA
1	RUNNING		0	65	1	30	
3	READY		5	25	0	12	
Expired -> Success


===== Iteration: 25 =====
Run 3 for 3 slices
PID	STATE		PRI	TOTAL	SYSCALL	EXECUTE	EXTRA
1	READY		0	68	1	33	
3	RUNNING		5	28	0	12	
Expired -> Success


===== Iteration: 26 =====
Run 1 for 3 slices
PID	STATE		PRI	TOTAL	SYSCALL	EXECUTE	EXTRA
1	RUNNING		0	71	1	33	
3	READY		5	31	0	15	
Expired -> Success


===== Iteration: 27 =====
Run 3 for 3 slices
PID	STATE		PRI	TOTAL	SYSCALL	EXECUTE	EXTRA
1	READY		0	74	1	36	
3	RUNNING		5	34	0	15	
Expired -> Success


===== Iteration: 28 =====
Run 1 for 3 slices
PID	STATE		PRI	TOTAL	SYSCALL	EXECUTE	EXTRA
1	RUNNING		0	77	1	36	
3	READY		5	37	0	18	
Expired -> Success


===== Iteration: 29 =====
Run 3 for 3 slices
PID	STATE		PRI	TOTAL	SYSCALL	EXECUTE	EXTRA
1	READY		0	80	1	39	
3	RUNNING		5	40	0	18	
Syscall Exit, remaining 0 -> Success


===== Iteration: 30 =====
Run 1 for 3 slices
PID	STATE		PRI	TOTAL	SYSCALL	EXECUTE	EXTRA
1	RUNNING		0	83	1	39	
Expired -> Success


===== Iteration: 31 =====
Run 1 for 3 slices
PID	STATE		PRI	TOTAL	SYSCALL	EXECUTE	EXTRA
1	RUNNING		0	86	1	42	
Expired -> Success


===== Iteration: 32 =====
Run 1 for 3 slices
PID	STATE		PRI	TOTAL	SYSCALL	EXECUTE	EXTRA
1	RUNNING		0	89	1	45	
Expired -> Success


===== Iteration: 33 =====
Run 1 for 3 slices
PID	STATE		PRI	TOTAL	SYSCALL	EXECUTE	EXTRA
1	RUNNING		0	92	1	48	
Syscall Exit, remaining 0 -> Success


===== Iteration: 34 =====
Done, no more processes
PID	STATE		PRI	TOTAL	SYSCALL	EXECUTE	EXTRA


