===== Iteration: 1 =====
Run 1 for 5 slices
PID	STATE		PRI	TOTAL	SYSCALL	EXECUTE	EXTRA
1	RUNNING		0	0	0	0	
Syscall Fork(5), remaining 4 -> Pid(2)


===== Iteration: 2 =====
Run 1 for 4 slices
PID	STATE		PRI	TOTAL	SYSCALL	EXECUTE	EXTRA
1	RUNNING		0	1	1	0	
2	READY		5	0	0	0	
Expired -> Success


===== Iteration: 3 =====
Run 2 for 5 slices
PID	STATE		PRI	TOTAL	SYSCALL	EXECUTE	EXTRA
1	READY		0	5	1	4	
2	RUNNING		5	4	0	0	
Expired -> Success


===== Iteration: 4 =====
Run 1 for 5 slices
PID	STATE		PRI	TOTAL	SYSCALL	EXECUTE	EXTRA
1	RUNNING		0	10	1	4	
2	READY		5	9	0	5	
Expired -> Success


===== Iteration: 5 =====
Run 2 for 5 slices
PID	STATE		PRI	TOTAL	SYSCALL	EXECUTE	EXTRA
1	READY		0	15	1	9	
2	RUNNING		5	14	0	5	
Expired -> Success


===== Iteration: 6 =====
Run 1 for 5 slices
PID	STATE		PRI	TOTAL	SYSCALL	EXECUTE	EXTRA
1	RUNNING		0	20	1	9	
2	READY		5	19	0	10	
Expired -> Success


===== Iteration: 7 =====
Run 2 for 5 slices
PID	STATE		PRI	TOTAL	SYSCALL	EXECUTE	EXTRA
1	READY		0	25	1	14	
2	RUNNING		5	24	0	10	
Expired -> Success


===== Iteration: 8 =====
Run 1 for 5 slices
PID	STATE		PRI	TOTAL	SYSCALL	EXECUTE	EXTRA
1	RUNNING		0	30	1	14	
2	READY		5	29	0	15	
Expired -> Success


===== Iteration: 9 =====
Run 2 for 5 slices
PID	STATE		PRI	TOTAL	SYSCALL	EXECUTE	EXTRA
1	READY		0	35	1	19	
2	RUNNING		5	34	0	15	
Expired -> Success


===== Iteration: 10 =====
Run 1 for 5 slices
PID	STATE		PRI	TOTAL	SYSCALL	EXECUTE	EXTRA
1	RUNNING		0	40	1	19	
2	READY		5	39	0	20	
Expired -> Success


===== Iteration: 11 =====
Run 2 for 5 slices
PID	STATE		PRI	TOTAL	SYSCALL	EXECUTE	EXTRA
1	READY		0	45	1	24	
2	RUNNING		5	44	0	20	
Syscall Fork(5), remaining 4 -> Pid(3)


===== Iteration: 12 =====
Run 2 for 4 slices
PID	STATE		PRI	TOTAL	SYSCALL	EXECUTE	EXTRA
1	READY		0	46	1	24	
2	RUNNING		5	45	1	20	
3	READY		5	0	0	0	
Syscall Exit, remaining 3 -> Success


===== Iteration: 13 =====
Run 1 for 5 slices
PID	STATE		PRI	TOTAL	SYSCALL	EXECUTE	EXTRA
1	RUNNING		0	47	1	24	
3	READY		5	1	0	0	
Expired -> Success


===== Iteration: 14 =====
Run 3 for 5 slices
PID	STATE		PRI	TOTAL	SYSCALL	EXECUTE	EXTRA
1	READY		0	52	1	29	
3	RUNNING		5	6	0	0	
Expired -> Success


===== Iteration: 15 =====
Run 1 for 5 slices
PID	STATE		PRI	TOTAL	SYSCALL	EXECUTE	EXTRA
1	RUNNING		0	57	1	29	
3	READY		5	11	0	5	
Expired -> Success


===== Iteration: 16 =====
Run 3 for 5 slices
PID	STATE		PRI	TOTAL	SYSCALL	EXECUTE	EXTRA
1	READY		0	62	1	34	
3	RUNNING		5	16	0	5	
Expired -> Success


===== Iteration: 17 =====
Run 1 for 5 slices
PID	STATE		PRI	TOTAL	SYSCALL	EXECUTE	EXTRA
1	RUNNING		0	67	1	34	
3	READY		5	21	0	10	
Expired -> Success


===== Iteration: 18 =====
Run 3 for 5 slices
PID	STATE		PRI	TOTAL	SYSCALL	EXECUTE	EXTRA
1	READY		0	72	1	39	
3	RUNNING		5	26	0	10	
Expired -> Success


===== Iteration: 19 =====
Run 1 for 5 slices
PID	STATE		PRI	TOTAL	SYSCALL	EXECUTE	EXTRA
1	RUNNING		0	77	1	39	
3	READY		5	31	0	15	
Expired -> Success


===== Iteration: 20 =====
Run 3 for 5 slices
PID	STATE		PRI	TOTAL	SYSCALL	EXECUTE	EXTRA
1	READY		0	82	1	44	
3	RUNNING		5	36	0	15	
Expired -> Success


===== Iteration: 21 =====
Run 1 for 5 slices
PID	STATE		PRI	TOTAL	SYSCALL	EXECUTE	EXTRA
1	RUNNING		0	87	1	44	
3	READY		5	41	0	20	
Expired -> Success


===== Iteration: 22 =====
Run 3 for 5 slices
PID	STATE		PRI	TOTAL	SYSCALL	EXECUTE	EXTRA
1	READY		0	92	1	49	
3	RUNNING		5	46	0	20	
Syscall Exit, remaining 4 -> Success


===== Iteration: 23 =====
Run 1 for 5 slices
PID	STATE		PRI	TOTAL	SYSCALL	EXECUTE	EXTRA
1	RUNNING		0	93	1	49	
Syscall Exit, remaining 3 -> Success


===== Iteration: 24 =====
Done, no more processes
PID	STATE		PRI	TOTAL	SYSCALL	EXECUTE	EXTRA


