===== Iteration: 1 =====
Run 1 for 3 slices
PID	STATE		TOTAL	SYSCALL	EXECUTE
1	RUNNING		0	0	0
Syscall Fork(0), remaining 2 -> Pid(Pid(2))


===== Iteration: 2 =====
Run 2 for 3 slices
PID	STATE		TOTAL	SYSCALL	EXECUTE
1	READY		1	1	1
2	RUNNING		0	0	0
Syscall Sleep(5), remaining 2 -> Success


===== Iteration: 3 =====
Run 1 for 3 slices
PID	STATE		TOTAL	SYSCALL	EXECUTE
1	RUNNING		2	1	1
2	SLEEP		1	1	1
Syscall Exit, remaining 1 -> Success


===== Iteration: 4 =====
Panic, process 1 has stopped
PID	STATE		TOTAL	SYSCALL	EXECUTE
2	SLEEP		3	1	1


