===== Iteration: 1 =====
Run 1 for 3 slices
PID	STATE		PRI	TOTAL	SYSCALL	EXECUTE	EXTRA
1	RUNNING		0	0	0	0	
Syscall Fork(0), remaining 2 -> Pid(2)


===== Iteration: 2 =====
Run 2 for 3 slices
PID	STATE		PRI	TOTAL	SYSCALL	EXECUTE	EXTRA
1	READY		0	1	1	0	
2	RUNNING		0	0	0	0	
Expired -> Success


===== Iteration: 3 =====
Run 1 for 3 slices
PID	STATE		PRI	TOTAL	SYSCALL	EXECUTE	EXTRA
1	RUNNING		0	4	1	0	
2	READY		0	3	0	3	
Syscall Signal(2), remaining 2 -> Success


===== Iteration: 4 =====
Run 2 for 3 slices
PID	STATE		PRI	TOTAL	SYSCALL	EXECUTE	EXTRA
1	READY		0	5	2	0	
2	RUNNING		0	4	0	3	
Syscall Wait(2), remaining 0 -> Success


===== Iteration: 5 =====
Run 1 for 3 slices
PID	STATE		PRI	TOTAL	SYSCALL	EXECUTE	EXTRA
1	RUNNING		0	8	2	0	
2	EVENT 2		0	7	1	5	
Syscall Wait(2), remaining 2 -> Success


===== Iteration: 6 =====
Deadlock, unable to schedule anymore processes
PID	STATE		PRI	TOTAL	SYSCALL	EXECUTE	EXTRA
1	EVENT 2		0	9	3	0	
2	EVENT 2		0	8	1	5	


