===== Iteration: 1 =====
Run 1 for 3 slices
PID	STATE		PRI	TOTAL	SYSCALL	EXECUTE	EXTRA
1	RUNNING		0	0	0	0	
Syscall Fork(0), remaining 2 -> Pid(2)


===== Iteration: 2 =====
Run 1 for 2 slices
PID	STATE		PRI	TOTAL	SYSCALL	EXECUTE	EXTRA
1	RUNNING		0	1	1	0	
2	READY		0	0	0	0	
Syscall Fork(0), remaining 1 -> Pid(3)


===== Iteration: 3 =====
Run 1 for 1 slices
PID	STATE		PRI	TOTAL	SYSCALL	EXECUTE	EXTRA
1	RUNNING		0	2	2	0	
2	READY		0	1	0	0	
3	READY		0	0	0	0	
Syscall Fork(0), remaining 0 -> Pid(4)


===== Iteration: 4 =====
Run 2 for 3 slices
PID	STATE		PRI	TOTAL	SYSCALL	EXECUTE	EXTRA
1	READY		0	3	3	0	
2	RUNNING		0	2	0	0	
3	READY		0	1	0	0	
4	READY		0	0	0	0	
Expired -> Success


===== Iteration: 5 =====
Run 3 for 3 slices
PID	STATE		PRI	TOTAL	SYSCALL	EXECUTE	EXTRA
1	READY		0	6	3	0	
2	READY		0	5	0	3	
3	RUNNING		0	4	0	0	
4	READY		0	3	0	0	
Expired -> Success


===== Iteration: 6 =====
Run 4 for 3 slices
PID	STATE		PRI	TOTAL	SYSCALL	EXECUTE	EXTRA
1	READY		0	9	3	0	
2	READY		0	8	0	3	
3	READY		0	7	0	3	
4	RUNNING		0	6	0	0	
Expired -> Success


===== Iteration: 7 =====
Run 1 for 3 slices
PID	STATE		PRI	TOTAL	SYSCALL	EXECUTE	EXTRA
1	RUNNING		0	12	3	0	
2	READY		0	11	0	3	
3	READY		0	10	0	3	
4	READY		0	9	0	3	
Syscall Sleep(10), remaining 2 -> Success


===== Iteration: 8 =====
Run 2 for 3 slices
PID	STATE		PRI	TOTAL	SYSCALL	EXECUTE	EXTRA
1	SLEEP		0	13	4	0	
2	RUNNING		0	12	0	3	
3	READY		0	11	0	3	
4	READY		0	10	0	3	
Syscall Wait(1), remaining 0 -> Success


===== Iteration: 9 =====
Run 3 for 3 slices
PID	STATE		PRI	TOTAL	SYSCALL	EXECUTE	EXTRA
1	SLEEP		0	16	4	0	
2	EVENT 1		0	15	1	5	
3	RUNNING		0	14	0	3	
4	READY		0	13	0	3	
Syscall Wait(1), remaining 0 -> Success


===== Iteration: 10 =====
Run 4 for 3 slices
PID	STATE		PRI	TOTAL	SYSCALL	EXECUTE	EXTRA
1	SLEEP		0	19	4	0	
2	EVENT 1		0	18	1	5	
3	EVENT 1		0	17	1	5	
4	RUNNING		0	16	0	3	
Syscall Wait(2), remaining 0 -> Success


===== Iteration: 11 =====
Sleep for 1 slices
PID	STATE		PRI	TOTAL	SYSCALL	EXECUTE	EXTRA
1	SLEEP		0	22	4	0	
2	EVENT 1		0	21	1	5	
3	EVENT 1		0	20	1	5	
4	EVENT 2		0	19	1	5	


===== Iteration: 12 =====
Run 1 for 3 slices
PID	STATE		PRI	TOTAL	SYSCALL	EXECUTE	EXTRA
1	RUNNING		0	23	4	0	
2	EVENT 1		0	22	1	5	
3	EVENT 1		0	21	1	5	
4	EVENT 2		0	20	1	5	
Syscall Signal(1), remaining 2 -> Success


===== Iteration: 13 =====
Run 1 for 2 slices
PID	STATE		PRI	TOTAL	SYSCALL	EXECUTE	EXTRA
1	RUNNING		0	24	5	0	
2	READY		0	23	1	5	
3	READY		0	22	1	5	
4	EVENT 2		0	21	1	5	
Syscall Wait(0), remaining 1 -> Success


===== Iteration: 14 =====
Run 2 for 3 slices
PID	STATE		PRI	TOTAL	SYSCALL	EXECUTE	EXTRA
1	EVENT 0		0	25	6	0	
2	RUNNING		0	24	1	5	
3	READY		0	23	1	5	
4	EVENT 2		0	22	1	5	
Syscall Exit, remaining 2 -> Success


===== Iteration: 15 =====
Run 3 for 3 slices
PID	STATE		PRI	TOTAL	SYSCALL	EXECUTE	EXTRA
1	EVENT 0		0	26	6	0	
3	RUNNING		0	24	1	5	
4	EVENT 2		0	23	1	5	
Syscall Exit, remaining 2 -> Success


===== Iteration: 16 =====
Deadlock, unable to schedule anymore processes
PID	STATE		PRI	TOTAL	SYSCALL	EXECUTE	EXTRA
1	EVENT 0		0	27	6	0	
4	EVENT 2		0	24	1	5	


