===== Iteration: 1 =====
Run 1 for 5 slices
PID	STATE		PRI	TOTAL	SYSCALL	EXECUTE	EXTRA
1	RUNNING		0	0	0	0	
Syscall Fork(0), remaining 4 -> Pid(2)


===== Iteration: 2 =====
Run 1 for 4 slices
PID	STATE		PRI	TOTAL	SYSCALL	EXECUTE	EXTRA
1	RUNNING		0	1	1	0	
2	READY		0	0	0	0	
Syscall Fork(0), remaining 3 -> Pid(3)


===== Iteration: 3 =====
Run 1 for 3 slices
PID	STATE		PRI	TOTAL	SYSCALL	EXECUTE	EXTRA
1	RUNNING		0	2	2	0	
2	READY		0	1	0	0	
3	READY		0	0	0	0	
Syscall Fork(0), remaining 2 -> Pid(4)


===== Iteration: 4 =====
Run 1 for 2 slices
PID	STATE		PRI	TOTAL	SYSCALL	EXECUTE	EXTRA
1	RUNNING		0	3	3	0	
2	READY		0	2	0	0	
3	READY		0	1	0	0	
4	READY		0	0	0	0	
Syscall Sleep(10), remaining 1 -> Success


===== Iteration: 5 =====
Run 2 for 5 slices
PID	STATE		PRI	TOTAL	SYSCALL	EXECUTE	EXTRA
1	SLEEP		0	4	4	0	
2	RUNNING		0	3	0	0	
3	READY		0	2	0	0	
4	READY		0	1	0	0	
Expired -> Success


===== Iteration: 6 =====
Run 3 for 5 slices
PID	STATE		PRI	TOTAL	SYSCALL	EXECUTE	EXTRA
1	SLEEP		0	9	4	0	
2	READY		0	8	0	5	
3	RUNNING		0	7	0	0	
4	READY		0	6	0	0	
Expired -> Success


===== Iteration: 7 =====
Run 4 for 5 slices
PID	STATE		PRI	TOTAL	SYSCALL	EXECUTE	EXTRA
1	READY		0	14	4	0	
2	READY		0	13	0	5	
3	READY		0	12	0	5	
4	RUNNING		0	11	0	0	
Expired -> Success


===== Iteration: 8 =====
Run 1 for 5 slices
PID	STATE		PRI	TOTAL	SYSCALL	EXECUTE	EXTRA
1	RUNNING		0	19	4	0	
2	READY		0	18	0	5	
3	READY		0	17	0	5	
4	READY		0	16	0	5	
Syscall Signal(1), remaining 4 -> Success


===== Iteration: 9 =====
Run 1 for 4 slices
PID	STATE		PRI	TOTAL	SYSCALL	EXECUTE	EXTRA
1	RUNNING		0	20	5	0	
2	READY		0	19	0	5	
3	READY		0	18	0	5	
4	READY		0	17	0	5	
Syscall Wait(0), remaining 3 -> Success


===== Iteration: 10 =====
Run 2 for 5 slices
PID	STATE		PRI	TOTAL	SYSCALL	EXECUTE	EXTRA
1	EVENT 0		0	21	6	0	
2	RUNNING		0	20	0	5	
3	READY		0	19	0	5	
4	READY		0	18	0	5	
Syscall Wait(1), remaining 4 -> Success


===== Iteration: 11 =====
Run 3 for 5 slices
PID	STATE		PRI	TOTAL	SYSCALL	EXECUTE	EXTRA
1	EVENT 0		0	22	6	0	
2	EVENT 1		0	21	1	5	
3	RUNNING		0	20	0	5	
4	READY		0	19	0	5	
Syscall Wait(1), remaining 4 -> Success


===== Iteration: 12 =====
Run 4 for 5 slices
PID	STATE		PRI	TOTAL	SYSCALL	EXECUTE	EXTRA
1	EVENT 0		0	23	6	0	
2	EVENT 1		0	22	1	5	
3	EVENT 1		0	21	1	5	
4	RUNNING		0	20	0	5	
Syscall Wait(2), remaining 4 -> Success


===== Iteration: 13 =====
Deadlock, unable to schedule anymore processes
PID	STATE		PRI	TOTAL	SYSCALL	EXECUTE	EXTRA
1	EVENT 0		0	24	6	0	
2	EVENT 1		0	23	1	5	
3	EVENT 1		0	22	1	5	
4	EVENT 2		0	21	1	5	


