===== Iteration: 1 =====
Run 1 for 3 slices
PID	STATE		PRI	TOTAL	SYSCALL	EXECUTE	EXTRA
1	RUNNING		0	0	0	0	
Syscall Fork(5), remaining 2 -> Pid(2)


===== Iteration: 2 =====
Run 1 for 2 slices
PID	STATE		PRI	TOTAL	SYSCALL	EXECUTE	EXTRA
1	RUNNING		0	1	1	0	
2	READY		5	0	0	0	
Expired -> Success


===== Iteration: 3 =====
Run 2 for 3 slices
PID	STATE		PRI	TOTAL	SYSCALL	EXECUTE	EXTRA
1	READY		0	3	1	2	
2	RUNNING		5	2	0	0	
Expired -> Success


===== Iteration: 4 =====
Run 1 for 3 slices
PID	STATE		PRI	TOTAL	SYSCALL	EXECUTE	EXTRA
1	RUNNING		0	6	1	2	
2	READY		5	5	0	3	
Expired -> Success


===== Iteration: 5 =====
Run 2 for 3 slices
PID	STATE		PRI	TOTAL	SYSCALL	EXECUTE	EXTRA
1	READY		0	9	1	5	
2	RUNNING		5	8	0	3	
Expired -> Success


===== Iteration: 6 =====
Run 1 for 3 slices
PID	STATE		PRI	TOTAL	SYSCALL	EXECUTE	EXTRA
1	RUNNING		0	12	1	5	
2	READY		5	11	0	6	
Expired -> Success


===== Iteration: 7 =====
Run 2 for 3 slices
PID	STATE		PRI	TOTAL	SYSCALL	EXECUTE	EXTRA
1	READY		0	15	1	8	
2	RUNNING		5	14	0	6	
Expired -> Success


===== Iteration: 8 =====
Run 1 for 3 slices
PID	STATE		PRI	TOTAL	SYSCALL	EXECUTE	EXTRA
1	RUNNING		0	18	1	8	
2	READY		5	17	0	9	
Expired -> Success


===== Iteration: 9 =====
Run 2 for 3 slices
PID	STATE		PRI	TOTAL	SYSCALL	EXECUTE	EXTRA
1	READY		0	21	1	11	
2	RUNNING		5	20	0	9	
Expired -> Success


===== Iteration: 10 =====
Run 1 for 3 slices
PID	STATE		PRI	TOTAL	SYSCALL	EXECUTE	EXTRA
1	RUNNING		0	24	1	11	
2	READY		5	23	0	12	
Expired -> Success


===== Iteration: 11 =====
Run 2 for 3 slices
PID	STATE		PRI	TOTAL	SYSCALL	EXECUTE	EXTRA
1	READY		0	27	1	14	
2	RUNNING		5	26	0	12	
Expired -> Success


===== Iteration: 12 =====
Run 1 for 3 slices
PID	STATE		PRI	TOTAL	SYSCALL	EXECUTE	EXTRA
1	RUNNING		0	30	1	14	
2	READY		5	29	0	15	
Expired -> Success


===== Iteration: 13 =====
Run 2 for 3 slices
PID	STATE		PRI	TOTAL	SYSCALL	EXECUTE	EXTRA
1	READY		0	33	1	17	
2	RUNNING		5	32	0	15	
Expired -> Success


===== Iteration: 14 =====
Run 1 for 3 slices
PID	STATE		PRI	TOTAL	SYSCALL	EXECUTE	EXTRA
1	RUNNING		0	36	1	17	
2	READY		5	35	0	18	
Expired -> Success


===== Iteration: 15 =====
Run 2 for 3 slices
PID	STATE		PRI	TOTAL	SYSCALL	EXECUTE	EXTRA
1	READY		0	39	1	20	
2	RUNNING		5	38	0	18	
Syscall Fork(5), remaining 0 -> Pid(3)


===== Iteration: 16 =====
Run 1 for 3 slices
PID	STATE		PRI	TOTAL	SYSCALL	EXECUTE	EXTRA
1	RUNNING		0	42	1	20	
2	READY		5	41	1	20	
3	READY		5	0	0	0	
Expired -> Success


===== Iteration: 17 =====
Run 3 for 3 slices
PID	STATE		PRI	TOTAL	SYSCALL	EXECUTE	EXTRA
1	READY		0	45	1	23	
2	READY		5	44	1	20	
3	RUNNING		5	3	0	0	
Expired -> Success


===== Iteration: 18 =====
Run 2 for 3 slices
PID	STATE		PRI	TOTAL	SYSCALL	EXECUTE	EXTRA
1	READY		0	48	1	23	
2	RUNNING		5	47	1	20	
3	READY		5	6	0	3	
Syscall Exit, remaining 2 -> Success


===== Iteration: 19 =====
Run 1 for 3 slices
PID	STATE		PRI	TOTAL	SYSCALL	EXECUTE	EXTRA
1	RUNNING		0	49	1	23	
3	READY		5	7	0	3	
Expired -> Success


===== Iteration: 20 =====
Run 3 for 3 slices
PID	STATE		PRI	TOTAL	SYSCALL	EXECUTE	EXTRA
1	READY		0	52	1	26	
3	RUNNING		5	10	0	3	
Expired -> Success


===== Iteration: 21 =====
Run 1 for 3 slices
PID	STATE		PRI	TOTAL	SYSCALL	EXECUTE	EXTRA
1	RUNNING		0	55	1	26	
3	READY		5	13	0	6	
Expired -> Success


===== Iteration: 22 =====
Run 3 for 3 slices
PID	STATE		PRI	TOTAL	SYSCALL	EXECUTE	EXTRA
1	READY		0	58	1	29	
3	RUNNING		5	16	0	6	
Expired -> Success


===== Iteration: 23 =====
Run 1 for 3 slices
PID	STATE		PRI	TOTAL	SYSCALL	EXECUTE	EXTRA
1	RUNNING		0	61	1	29	
3	READY		5	19	0	9	
Expired -> Success


===== Iteration: 24 =====
Run 3 for 3 slices
PID	STATE		PRI	TOTAL	SYSCALL	EXECUTE	EXTRA
1	READY		0	64	1	32	
3	RUNNING		5	22	0	9	
Expired -> Success


===== Iteration: 25 =====
Run 1 for 3 slices
PID	STATE		PRI	TOTAL	SYSCALL	EXECUTE	EXTRA
1	RUNNING		0	67	1	32	
3	READY		5	25	0	12	
Expired -> Success


===== Iteration: 26 =====
Run 3 for 3 slices
PID	STATE		PRI	TOTAL	SYSCALL	EXECUTE	EXTRA
1	READY		0	70	1	35	
3	RUNNING		5	28	0	12	
Expired -> Success


===== Iteration: 27 =====
Run 1 for 3 slices
PID	STATE		PRI	TOTAL	SYSCALL	EXECUTE	EXTRA
1	RUNNING		0	73	1	35	
3	READY		5	31	0	15	
Expired -> Success


===== Iteration: 28 =====
Run 3 for 3 slices
PID	STATE		PRI	TOTAL	SYSCALL	EXECUTE	EXTRA
1	READY		0	76	1	38	
3	RUNNING		5	34	0	15	
Expired -> Success


===== Iteration: 29 =====
Run 1 for 3 slices
PID	STATE		PRI	TOTAL	SYSCALL	EXECUTE	EXTRA
1	RUNNING		0	79	1	38	
3	READY		5	37	0	18	
Expired -> Success


===== Iteration: 30 =====
Run 3 for 3 slices
PID	STATE		PRI	TOTAL	SYSCALL	EXECUTE	EXTRA
1	READY		0	82	1	41	
3	RUNNING		5	40	0	18	
Syscall Exit, remaining 0 -> Success


===== Iteration: 31 =====
Run 1 for 3 slices
PID	STATE		PRI	TOTAL	SYSCALL	EXECUTE	EXTRA
1	RUNNING		0	85	1	41	
Expired -> Success


===== Iteration: 32 =====
Run 1 for 3 slices
PID	STATE		PRI	TOTAL	SYSCALL	EXECUTE	EXTRA
1	RUNNING		0	88	1	44	
Expired -> Success


===== Iteration: 33 =====
Run 1 for 3 slices
PID	STATE		PRI	TOTAL	SYSCALL	EXECUTE	EXTRA
1	RUNNING		0	91	1	47	
Expired -> Success


===== Iteration: 34 =====
Run 1 for 3 slices
PID	STATE		PRI	TOTAL	SYSCALL	EXECUTE	EXTRA
1	RUNNING		0	94	1	50	
Syscall Exit, remaining 2 -> Success


===== Iteration: 35 =====
Done, no more processes
PID	STATE		PRI	TOTAL	SYSCALL	EXECUTE	EXTRA


