===== Iteration: 1 =====
Run 1 for 12 slices
PID	STATE		PRI	TOTAL	SYSCALL	EXECUTE	EXTRA
1	RUNNING		0	0	0	0	vruntime=0
Syscall Fork(0), remaining 11 -> Pid(2)


===== Iteration: 2 =====
Run 1 for 6 slices
PID	STATE		PRI	TOTAL	SYSCALL	EXECUTE	EXTRA
1	RUNNING		0	1	1	0	vruntime=1
2	READY		0	0	0	0	vruntime=1
Syscall Sleep(10), remaining 5 -> Success


===== Iteration: 3 =====
Run 2 for 12 slices
PID	STATE		PRI	TOTAL	SYSCALL	EXECUTE	EXTRA
1	SLEEP		0	2	2	0	vruntime=2
2	RUNNING		0	1	0	0	vruntime=1
Syscall Wait(2), remaining 6 -> Success


===== Iteration: 4 =====
Sleep for 4 slices
PID	STATE		PRI	TOTAL	SYSCALL	EXECUTE	EXTRA
1	SLEEP		0	8	2	0	vruntime=2
2	EVENT 2		0	7	1	5	vruntime=7


===== Iteration: 5 =====
Run 1 for 12 slices
PID	STATE		PRI	TOTAL	SYSCALL	EXECUTE	EXTRA
1	RUNNING		0	12	2	0	vruntime=2
2	EVENT 2		0	11	1	5	vruntime=7
Syscall Wait(1), remaining 11 -> Success


===== Iteration: 6 =====
Deadlock, unable to schedule anymore processes
PID	STATE		PRI	TOTAL	SYSCALL	EXECUTE	EXTRA
1	EVENT 1		0	13	3	0	vruntime=3
2	EVENT 2		0	12	1	5	vruntime=7


