===== Iteration: 1 =====
Run 1 for 10 slices
PID	STATE		PRI	TOTAL	SYSCALL	EXECUTE	EXTRA
1	RUNNING		0	0	0	0	vruntime=0
Syscall Fork(0), remaining 9 -> Pid(2)


===== Iteration: 2 =====
Run 1 for 5 slices
PID	STATE		PRI	TOTAL	SYSCALL	EXECUTE	EXTRA
1	RUNNING		0	1	1	0	vruntime=1
2	READY		0	0	0	0	vruntime=1
Syscall Fork(0), remaining 4 -> Pid(3)


===== Iteration: 3 =====
Run 1 for 3 slices
PID	STATE		PRI	TOTAL	SYSCALL	EXECUTE	EXTRA
1	RUNNING		0	2	2	0	vruntime=2
2	READY		0	1	0	0	vruntime=1
3	READY		0	0	0	0	vruntime=1
Syscall Fork(0), remaining 2 -> Pid(4)


===== Iteration: 4 =====
Run 1 for 2 slices
PID	STATE		PRI	TOTAL	SYSCALL	EXECUTE	EXTRA
1	RUNNING		0	3	3	0	vruntime=3
2	READY		0	2	0	0	vruntime=1
3	READY		0	1	0	0	vruntime=1
4	READY		0	0	0	0	vruntime=1
Syscall Sleep(10), remaining 1 -> Success


===== Iteration: 5 =====
Run 2 for 3 slices
PID	STATE		PRI	TOTAL	SYSCALL	EXECUTE	EXTRA
1	SLEEP		0	4	4	0	vruntime=4
2	RUNNING		0	3	0	0	vruntime=1
3	READY		0	2	0	0	vruntime=1
4	READY		0	1	0	0	vruntime=1
Expired -> Success


===== Iteration: 6 =====
Run 3 for 3 slices
PID	STATE		PRI	TOTAL	SYSCALL	EXECUTE	EXTRA
1	SLEEP		0	7	4	0	vruntime=4
2	READY		0	6	0	3	vruntime=4
3	RUNNING		0	5	0	0	vruntime=1
4	READY		0	4	0	0	vruntime=1
Expired -> Success


===== Iteration: 7 =====
Run 4 for 3 slices
PID	STATE		PRI	TOTAL	SYSCALL	EXECUTE	EXTRA
1	SLEEP		0	10	4	0	vruntime=4
2	READY		0	9	0	3	vruntime=4
3	READY		0	8	0	3	vruntime=4
4	RUNNING		0	7	0	0	vruntime=1
Expired -> Success


===== Iteration: 8 =====
Run 2 for 3 slices
PID	STATE		PRI	TOTAL	SYSCALL	EXECUTE	EXTRA
1	SLEEP		0	13	4	0	vruntime=4
2	RUNNING		0	12	0	3	vruntime=4
3	READY		0	11	0	3	vruntime=4
4	READY		0	10	0	3	vruntime=4
Syscall Wait(1), remaining 0 -> Success


===== Iteration: 9 =====
Run 1 for 3 slices
PID	STATE		PRI	TOTAL	SYSCALL	EXECUTE	EXTRA
1	RUNNING		0	16	4	0	vruntime=4
2	EVENT 1		0	15	1	5	vruntime=7
3	READY		0	14	0	3	vruntime=4
4	READY		0	13	0	3	vruntime=4
Syscall Signal(1), remaining 2 -> Success


===== Iteration: 10 =====
Run 1 for 2 slices
PID	STATE		PRI	TOTAL	SYSCALL	EXECUTE	EXTRA
1	RUNNING		0	17	5	0	vruntime=5
2	READY		0	16	1	5	vruntime=7
3	READY		0	15	0	3	vruntime=4
4	READY		0	14	0	3	vruntime=4
Syscall Wait(0), remaining 1 -> Success


===== Iteration: 11 =====
Run 3 for 3 slices
PID	STATE		PRI	TOTAL	SYSCALL	EXECUTE	EXTRA
1	EVENT 0		0	18	6	0	vruntime=6
2	READY		0	17	1	5	vruntime=7
3	RUNNING		0	16	0	3	vruntime=4
4	READY		0	15	0	3	vruntime=4
Syscall Wait(1), remaining 0 -> Success


===== Iteration: 12 =====
Run 4 for 5 slices
PID	STATE		PRI	TOTAL	SYSCALL	EXECUTE	EXTRA
1	EVENT 0		0	21	6	0	vruntime=6
2	READY		0	20	1	5	vruntime=7
3	EVENT 1		0	19	1	5	vruntime=7
4	RUNNING		0	18	0	3	vruntime=4
Syscall Wait(2), remaining 2 -> Success


===== Iteration: 13 =====
Run 2 for 10 slices
PID	STATE		PRI	TOTAL	SYSCALL	EXECUTE	EXTRA
1	EVENT 0		0	24	6	0	vruntime=6
2	RUNNING		0	23	1	5	vruntime=7
3	EVENT 1		0	22	1	5	vruntime=7
4	EVENT 2		0	21	1	5	vruntime=7
Syscall Exit, remaining 9 -> Success


===== Iteration: 14 =====
Deadlock, unable to schedule anymore processes
PID	STATE		PRI	TOTAL	SYSCALL	EXECUTE	EXTRA
1	EVENT 0		0	25	6	0	vruntime=6
3	EVENT 1		0	23	1	5	vruntime=7
4	EVENT 2		0	22	1	5	vruntime=7


