===== Iteration: 1 =====
Run 1 for 5 slices
PID	STATE		PRI	TOTAL	SYSCALL	EXECUTE	EXTRA
1	RUNNING		0	0	0	0	
Syscall Fork(3), remaining 4 -> Pid(2)


===== Iteration: 2 =====
Run 1 for 4 slices
PID	STATE		PRI	TOTAL	SYSCALL	EXECUTE	EXTRA
1	RUNNING		0	1	1	0	
2	READY		3	0	0	0	
Syscall Fork(5), remaining 3 -> Pid(3)


===== Iteration: 3 =====
Run 1 for 3 slices
PID	STATE		PRI	TOTAL	SYSCALL	EXECUTE	EXTRA
1	RUNNING		0	2	2	0	
2	READY		3	1	0	0	
3	READY		5	0	0	0	
Expired -> Success


===== Iteration: 4 =====
Run 3 for 5 slices
PID	STATE		PRI	TOTAL	SYSCALL	EXECUTE	EXTRA
1	READY		0	5	2	3	
2	READY		3	4	0	0	
3	RUNNING		5	3	0	0	
Syscall Sleep(1), remaining 4 -> Success


===== Iteration: 5 =====
Run 2 for 5 slices
PID	STATE		PRI	TOTAL	SYSCALL	EXECUTE	EXTRA
1	READY		0	6	2	3	
2	RUNNING		3	5	0	0	
3	SLEEP		5	4	1	0	
Expired -> Success


===== Iteration: 6 =====
Run 3 for 5 slices
PID	STATE		PRI	TOTAL	SYSCALL	EXECUTE	EXTRA
1	READY		0	11	2	3	
2	READY		2	10	0	5	
3	RUNNING		5	9	1	0	
Syscall Sleep(1), remaining 2 -> Success


===== Iteration: 7 =====
Run 2 for 5 slices
PID	STATE		PRI	TOTAL	SYSCALL	EXECUTE	EXTRA
1	READY		0	14	2	3	
2	RUNNING		2	13	0	5	
3	SLEEP		5	12	2	2	
Expired -> Success


===== Iteration: 8 =====
Run 3 for 5 slices
PID	STATE		PRI	TOTAL	SYSCALL	EXECUTE	EXTRA
1	READY		0	19	2	3	
2	READY		1	18	0	10	
3	RUNNING		5	17	2	2	
Syscall Sleep(1), remaining 2 -> Success


===== Iteration: 9 =====
Run 2 for 5 slices
PID	STATE		PRI	TOTAL	SYSCALL	EXECUTE	EXTRA
1	READY		0	22	2	3	
2	RUNNING		1	21	0	10	
3	SLEEP		5	20	3	4	
Syscall Exit, remaining 4 -> Success


===== Iteration: 10 =====
Run 3 for 5 slices
PID	STATE		PRI	TOTAL	SYSCALL	EXECUTE	EXTRA
1	READY		0	23	2	3	
3	RUNNING		5	21	3	4	
Syscall Sleep(1), remaining 2 -> Success


===== Iteration: 11 =====
Run 1 for 5 slices
PID	STATE		PRI	TOTAL	SYSCALL	EXECUTE	EXTRA
1	RUNNING		0	26	2	3	
3	SLEEP		5	24	4	6	
Expired -> Success


===== Iteration: 12 =====
Run 3 for 5 slices
PID	STATE		PRI	TOTAL	SYSCALL	EXECUTE	EXTRA
1	READY		0	31	2	8	
3	RUNNING		5	29	4	6	
Syscall Sleep(1), remaining 2 -> Success


===== Iteration: 13 =====
Run 1 for 5 slices
PID	STATE		PRI	TOTAL	SYSCALL	EXECUTE	EXTRA
1	RUNNING		0	34	2	8	
3	SLEEP		5	32	5	8	
Expired -> Success


===== Iteration: 14 =====
Run 3 for 5 slices
PID	STATE		PRI	TOTAL	SYSCALL	EXECUTE	EXTRA
1	READY		0	39	2	13	
3	RUNNING		5	37	5	8	
Syscall Sleep(1), remaining 2 -> Success


===== Iteration: 15 =====
Run 1 for 5 slices
PID	STATE		PRI	TOTAL	SYSCALL	EXECUTE	EXTRA
1	RUNNING		0	42	2	13	
3	SLEEP		5	40	6	10	
Expired -> Success


===== Iteration: 16 =====
Run 3 for 5 slices
PID	STATE		PRI	TOTAL	SYSCALL	EXECUTE	EXTRA
1	READY		0	47	2	18	
3	RUNNING		5	45	6	10	
Syscall Sleep(1), remaining 2 -> Success


===== Iteration: 17 =====
Run 1 for 5 slices
PID	STATE		PRI	TOTAL	SYSCALL	EXECUTE	EXTRA
1	RUNNING		0	50	2	18	
3	SLEEP		5	48	7	12	
Expired -> Success


===== Iteration: 18 =====
Run 3 for 5 slices
PID	STATE		PRI	TOTAL	SYSCALL	EXECUTE	EXTRA
1	READY		0	55	2	23	
3	RUNNING		5	53	7	12	
Syscall Sleep(1), remaining 2 -> Success


===== Iteration: 19 =====
Run 1 for 5 slices
PID	STATE		PRI	TOTAL	SYSCALL	EXECUTE	EXTRA
1	RUNNING		0	58	2	23	
3	SLEEP		5	56	8	14	
Expired -> Success


===== Iteration: 20 =====
Run 3 for 5 slices
PID	STATE		PRI	TOTAL	SYSCALL	EXECUTE	EXTRA
1	READY		0	63	2	28	
3	RUNNING		5	61	8	14	
Syscall Sleep(1), remaining 2 -> Success


===== Iteration: 21 =====
Run 1 for 5 slices
PID	STATE		PRI	TOTAL	SYSCALL	EXECUTE	EXTRA
1	RUNNING		0	66	2	28	
3	SLEEP		5	64	9	16	
Expired -> Success


===== Iteration: 22 =====
Run 3 for 5 slices
PID	STATE		PRI	TOTAL	SYSCALL	EXECUTE	EXTRA
1	READY		0	71	2	33	
3	RUNNING		5	69	9	16	
Syscall Sleep(1), remaining 2 -> Success


===== Iteration: 23 =====
Run 1 for 5 slices
PID	STATE		PRI	TOTAL	SYSCALL	EXECUTE	EXTRA
1	RUNNING		0	74	2	33	
3	SLEEP		5	72	10	18	
Expired -> Success


===== Iteration: 24 =====
Run 3 for 5 slices
PID	STATE		PRI	TOTAL	SYSCALL	EXECUTE	EXTRA
1	READY		0	79	2	38	
3	RUNNING		5	77	10	18	
Syscall Sleep(1), remaining 2 -> Success


===== Iteration: 25 =====
Run 1 for 5 slices
PID	STATE		PRI	TOTAL	SYSCALL	EXECUTE	EXTRA
1	RUNNING		0	82	2	38	
3	SLEEP		5	80	11	20	
Expired -> Success


===== Iteration: 26 =====
Run 3 for 5 slices
PID	STATE		PRI	TOTAL	SYSCALL	EXECUTE	EXTRA
1	READY		0	87	2	43	
3	RUNNING		5	85	11	20	
Syscall Sleep(1), remaining 2 -> Success


===== Iteration: 27 =====
Run 1 for 5 slices
PID	STATE		PRI	TOTAL	SYSCALL	EXECUTE	EXTRA
1	RUNNING		0	90	2	43	
3	SLEEP		5	88	12	22	
Expired -> Success


===== Iteration: 28 =====
Run 3 for 5 slices
PID	STATE		PRI	TOTAL	SYSCALL	EXECUTE	EXTRA
1	READY		0	95	2	48	
3	RUNNING		5	93	12	22	
Syscall Sleep(1), remaining 2 -> Success


===== Iteration: 29 =====
Run 1 for 5 slices
PID	STATE		PRI	TOTAL	SYSCALL	EXECUTE	EXTRA
1	RUNNING		0	98	2	48	
3	SLEEP		5	96	13	24	
Syscall Exit, remaining 2 -> Success


===== Iteration: 30 =====
Panic, process 1 has stopped
PID	STATE		PRI	TOTAL	SYSCALL	EXECUTE	EXTRA
3	READY		5	99	13	24	


