===== Iteration: 1 =====
Run 1 for 3 slices
PID	STATE		PRI	TOTAL	SYSCALL	EXECUTE	EXTRA
1	RUNNING		0	0	0	0	
Syscall Fork(0), remaining 2 -> Pid(2)


===== Iteration: 2 =====
Run 2 for 3 slices
PID	STATE		PRI	TOTAL	SYSCALL	EXECUTE	EXTRA
1	READY		0	1	1	0	
2	RUNNING		0	0	0	0	
Expired -> Success


===== Iteration: 3 =====
Run 1 for 3 slices
PID	STATE		PRI	TOTAL	SYSCALL	EXECUTE	EXTRA
1	RUNNING		0	4	1	0	
2	READY		0	3	0	3	
Syscall Exit, remaining 1 -> Success


===== Iteration: 4 =====
Panic, process 1 has stopped
PID	STATE		PRI	TOTAL	SYSCALL	EXECUTE	EXTRA
2	READY		0	5	0	3	


