===== Iteration: 1 =====
Run 1 for 3 slices
PID	STATE		TOTAL	SYSCALL	EXECUTE
1	RUNNING		0	0	0
Syscall Fork(0), remaining 2 -> Pid(Pid(2))


===== Iteration: 2 =====
Run 2 for 3 slices
PID	STATE		TOTAL	SYSCALL	EXECUTE
1	READY		1	1	1
2	RUNNING		0	0	0
Syscall Fork(0), remaining 2 -> Pid(Pid(3))


===== Iteration: 3 =====
Run 1 for 3 slices
PID	STATE		TOTAL	SYSCALL	EXECUTE
1	RUNNING		2	1	1
2	READY		1	1	1
3	READY		0	0	0
Expired -> Success


===== Iteration: 4 =====
Run 3 for 3 slices
PID	STATE		TOTAL	SYSCALL	EXECUTE
1	READY		5	1	4
2	READY		4	1	1
3	RUNNING		3	0	0
Expired -> Success


===== Iteration: 5 =====
Run 2 for 3 slices
PID	STATE		TOTAL	SYSCALL	EXECUTE
1	READY		8	1	4
2	RUNNING		7	1	1
3	READY		6	0	3
Expired -> Success


===== Iteration: 6 =====
Run 1 for 3 slices
PID	STATE		TOTAL	SYSCALL	EXECUTE
1	RUNNING		11	1	4
2	READY		10	1	4
3	READY		9	0	3
Expired -> Success


===== Iteration: 7 =====
Run 3 for 3 slices
PID	STATE		TOTAL	SYSCALL	EXECUTE
1	READY		14	1	7
2	READY		13	1	4
3	RUNNING		12	0	3
Syscall Exit, remaining 0 -> Success


===== Iteration: 8 =====
Run 2 for 3 slices
PID	STATE		TOTAL	SYSCALL	EXECUTE
1	READY		17	1	7
2	RUNNING		16	1	4
Syscall Exit, remaining 0 -> Success


===== Iteration: 9 =====
Run 1 for 3 slices
PID	STATE		TOTAL	SYSCALL	EXECUTE
1	RUNNING		20	1	7
Expired -> Success


===== Iteration: 10 =====
Run 1 for 3 slices
PID	STATE		TOTAL	SYSCALL	EXECUTE
1	RUNNING		23	1	10
Syscall Exit, remaining 1 -> Success


===== Iteration: 11 =====
Done, no more processes
PID	STATE		TOTAL	SYSCALL	EXECUTE


