===== Iteration: 1 =====
Run 1 for 5 slices
PID	STATE		TOTAL	SYSCALL	EXECUTE
1	RUNNING		0	0	0
Syscall Fork(0), remaining 4 -> Pid(Pid(2))


===== Iteration: 2 =====
Run 1 for 4 slices
PID	STATE		TOTAL	SYSCALL	EXECUTE
1	RUNNING		1	1	1
2	READY		0	0	0
Expired -> Success


===== Iteration: 3 =====
Run 2 for 5 slices
PID	STATE		TOTAL	SYSCALL	EXECUTE
1	READY		5	1	5
2	RUNNING		4	0	0
Expired -> Success


===== Iteration: 4 =====
Run 1 for 5 slices
PID	STATE		TOTAL	SYSCALL	EXECUTE
1	RUNNING		10	1	5
2	READY		9	0	5
Expired -> Success


===== Iteration: 5 =====
Run 2 for 5 slices
PID	STATE		TOTAL	SYSCALL	EXECUTE
1	READY		15	1	10
2	RUNNING		14	0	5
Syscall Exit, remaining 4 -> Success


===== Iteration: 6 =====
Run 1 for 5 slices
PID	STATE		TOTAL	SYSCALL	EXECUTE
1	RUNNING		16	1	10
Syscall Exit, remaining 3 -> Success


===== Iteration: 7 =====
Done, no more processes
PID	STATE		TOTAL	SYSCALL	EXECUTE


