===== Iteration: 1 =====
Run 1 for 3 slices
PID	STATE		TOTAL	SYSCALL	EXECUTE
1	RUNNING		0	0	0
Syscall Fork(0), remaining 2 -> Pid(Pid(2))


===== Iteration: 2 =====
Run 1 for 2 slices
PID	STATE		TOTAL	SYSCALL	EXECUTE
1	RUNNING		1	1	1
2	READY		0	0	0
Syscall Sleep(5), remaining 1 -> Success


===== Iteration: 3 =====
Run 2 for 3 slices
PID	STATE		TOTAL	SYSCALL	EXECUTE
1	SLEEP		2	2	2
2	RUNNING		1	0	0
Syscall Wait(1), remaining 2 -> Success


===== Iteration: 4 =====
Sleep for 4 slices
PID	STATE		TOTAL	SYSCALL	EXECUTE
1	SLEEP		3	2	2
2	EVENT 1		2	1	1


===== Iteration: 5 =====
Run 1 for 3 slices
PID	STATE		TOTAL	SYSCALL	EXECUTE
1	RUNNING		7	2	2
2	EVENT 1		6	1	1
Syscall Signal(1), remaining 2 -> Success


===== Iteration: 6 =====
Run 1 for 2 slices
PID	STATE		TOTAL	SYSCALL	EXECUTE
1	RUNNING		8	3	3
2	READY		7	1	1
Syscall Sleep(10), remaining 1 -> Success


===== Iteration: 7 =====
Run 2 for 3 slices
PID	STATE		TOTAL	SYSCALL	EXECUTE
1	SLEEP		9	4	4
2	RUNNING		8	1	1
Syscall Exit, remaining 2 -> Success


===== Iteration: 8 =====
Sleep for 9 slices
PID	STATE		TOTAL	SYSCALL	EXECUTE
1	SLEEP		10	4	4


===== Iteration: 9 =====
Run 1 for 3 slices
PID	STATE		TOTAL	SYSCALL	EXECUTE
1	RUNNING		19	4	4
Syscall Exit, remaining 2 -> Success


===== Iteration: 10 =====
Done, no more processes
PID	STATE		TOTAL	SYSCALL	EXECUTE


