===== Iteration: 1 =====
Run 1 for 3 slices
PID	STATE		TOTAL	SYSCALL	EXECUTE
1	RUNNING		0	0	0
Syscall Fork(0), remaining 2 -> Pid(Pid(2))


===== Iteration: 2 =====
Run 2 for 3 slices
PID	STATE		TOTAL	SYSCALL	EXECUTE
1	READY		1	1	1
2	RUNNING		0	0	0
Expired -> Success


===== Iteration: 3 =====
Run 1 for 3 slices
PID	STATE		TOTAL	SYSCALL	EXECUTE
1	RUNNING		4	1	1
2	READY		3	0	3
Expired -> Success


===== Iteration: 4 =====
Run 2 for 3 slices
PID	STATE		TOTAL	SYSCALL	EXECUTE
1	READY		7	1	4
2	RUNNING		6	0	3
Syscall Exit, remaining 0 -> Success


===== Iteration: 5 =====
Run 1 for 3 slices
PID	STATE		TOTAL	SYSCALL	EXECUTE
1	RUNNING		10	1	4
Expired -> Success


===== Iteration: 6 =====
Run 1 for 3 slices
PID	STATE		TOTAL	SYSCALL	EXECUTE
1	RUNNING		13	1	7
Expired -> Success


===== Iteration: 7 =====
Run 1 for 3 slices
PID	STATE		TOTAL	SYSCALL	EXECUTE
1	RUNNING		16	1	10
Syscall Exit, remaining 1 -> Success


===== Iteration: 8 =====
Done, no more processes
PID	STATE		TOTAL	SYSCALL	EXECUTE


