===== Iteration: 1 =====
Run 1 for 3 slices
PID	STATE		TOTAL	SYSCALL	EXECUTE
1	RUNNING		0	0	0
Syscall Fork(0), remaining 2 -> Pid(Pid(2))


===== Iteration: 2 =====
Run 1 for 2 slices
PID	STATE		TOTAL	SYSCALL	EXECUTE
1	RUNNING		1	1	1
2	READY		0	0	0
Expired -> Success


===== Iteration: 3 =====
Run 2 for 3 slices
PID	STATE		TOTAL	SYSCALL	EXECUTE
1	READY		3	1	3
2	RUNNING		2	0	0
Expired -> Success


===== Iteration: 4 =====
Run 1 for 3 slices
PID	STATE		TOTAL	SYSCALL	EXECUTE
1	RUNNING		6	1	3
2	READY		5	0	3
Expired -> Success


===== Iteration: 5 =====
Run 2 for 3 slices
PID	STATE		TOTAL	SYSCALL	EXECUTE
1	READY		9	1	6
2	RUNNING		8	0	3
Syscall Exit, remaining 0 -> Success


===== Iteration: 6 =====
Run 1 for 3 slices
PID	STATE		TOTAL	SYSCALL	EXECUTE
1	RUNNING		12	1	6
Expired -> Success


===== Iteration: 7 =====
Run 1 for 3 slices
PID	STATE		TOTAL	SYSCALL	EXECUTE
1	RUNNING		15	1	9
Syscall Exit, remaining 0 -> Success


===== Iteration: 8 =====
Done, no more processes
PID	STATE		TOTAL	SYSCALL	EXECUTE


