===== Iteration: 1 =====
Run 1 for 3 slices
PID	STATE		TOTAL	SYSCALL	EXECUTE
1	RUNNING		0	0	0
Syscall Fork(0), remaining 2 -> Pid(Pid(2))


===== Iteration: 2 =====
Run 2 for 3 slices
PID	STATE		TOTAL	SYSCALL	EXECUTE
1	READY		1	1	1
2	RUNNING		0	0	0
Syscall Wait(1), remaining 2 -> Success


===== Iteration: 3 =====
Run 1 for 3 slices
PID	STATE		TOTAL	SYSCALL	EXECUTE
1	RUNNING		2	1	1
2	EVENT 1		1	1	1
Syscall Sleep(5), remaining 2 -> Success


===== Iteration: 4 =====
Sleep for 5 slices
PID	STATE		TOTAL	SYSCALL	EXECUTE
1	SLEEP		3	2	2
2	EVENT 1		2	1	1


===== Iteration: 5 =====
Run 1 for 3 slices
PID	STATE		TOTAL	SYSCALL	EXECUTE
1	RUNNING		8	2	2
2	EVENT 1		7	1	1
Syscall Signal(1), remaining 2 -> Success


===== Iteration: 6 =====
Run 2 for 3 slices
PID	STATE		TOTAL	SYSCALL	EXECUTE
1	READY		9	3	3
2	RUNNING		8	1	1
Syscall Exit, remaining 2 -> Success


===== Iteration: 7 =====
Run 1 for 3 slices
PID	STATE		TOTAL	SYSCALL	EXECUTE
1	RUNNING		10	3	3
Syscall Sleep(10), remaining 2 -> Success


===== Iteration: 8 =====
Sleep for 10 slices
PID	STATE		TOTAL	SYSCALL	EXECUTE
1	SLEEP		11	4	4


===== Iteration: 9 =====
Run 1 for 3 slices
PID	STATE		TOTAL	SYSCALL	EXECUTE
1	RUNNING		21	4	4
Syscall Exit, remaining 2 -> Success


===== Iteration: 10 =====
Done, no more processes
PID	STATE		TOTAL	SYSCALL	EXECUTE


