===== Iteration: 1 =====
Run 1 for 5 slices
PID	STATE		PRI	TOTAL	SYSCALL	EXECUTE	EXTRA
1	RUNNING		0	0	0	0	
Syscall Fork(0), remaining 4 -> Pid(2)


===== Iteration: 2 =====
Run 1 for 4 slices
PID	STATE		PRI	TOTAL	SYSCALL	EXECUTE	EXTRA
1	RUNNING		0	1	1	0	
2	READY		0	0	0	0	
Expired -> Success


===== Iteration: 3 =====
Run 2 for 5 slices
PID	STATE		PRI	TOTAL	SYSCALL	EXECUTE	EXTRA
1	READY		0	5	1	4	
2	RUNNING		0	4	0	0	
Syscall Fork(0), remaining 4 -> Pid(3)


===== Iteration: 4 =====
Run 2 for 4 slices
PID	STATE		PRI	TOTAL	SYSCALL	EXECUTE	EXTRA
1	READY		0	6	1	4	
2	RUNNING		0	5	1	0	
3	READY		0	0	0	0	
Expired -> Success


===== Iteration: 5 =====
Run 1 for 5 slices
PID	STATE		PRI	TOTAL	SYSCALL	EXECUTE	EXTRA
1	RUNNING		0	10	1	4	
2	READY		0	9	1	4	
3	READY		0	4	0	0	
Expired -> Success


===== Iteration: 6 =====
Run 3 for 5 slices
PID	STATE		PRI	TOTAL	SYSCALL	EXECUTE	EXTRA
1	READY		0	15	1	9	
2	READY		0	14	1	4	
3	RUNNING		0	9	0	0	
Expired -> Success


===== Iteration: 7 =====
Run 2 for 5 slices
PID	STATE		PRI	TOTAL	SYSCALL	EXECUTE	EXTRA
1	READY		0	20	1	9	
2	RUNNING		0	19	1	4	
3	READY		0	14	0	5	
Syscall Exit, remaining 3 -> Success


===== Iteration: 8 =====
Run 1 for 5 slices
PID	STATE		PRI	TOTAL	SYSCALL	EXECUTE	EXTRA
1	RUNNING		0	22	1	9	
3	READY		0	16	0	5	
Syscall Exit, remaining 3 -> Success


===== Iteration: 9 =====
Panic, process 1 has stopped
PID	STATE		PRI	TOTAL	SYSCALL	EXECUTE	EXTRA
3	READY		0	18	0	5	


