===== Iteration: 1 =====
Run 1 for 3 slices
PID	STATE		PRI	TOTAL	SYSCALL	EXECUTE	EXTRA
1	RUNNING		0	0	0	0	
Syscall Fork(0), remaining 2 -> Pid(2)


===== Iteration: 2 =====
Run 1 for 2 slices
PID	STATE		PRI	TOTAL	SYSCALL	EXECUTE	EXTRA
1	RUNNING		0	1	1	0	
2	READY		0	0	0	0	
Expired -> Success


===== Iteration: 3 =====
Run 2 for 3 slices
PID	STATE		PRI	TOTAL	SYSCALL	EXECUTE	EXTRA
1	READY		0	3	1	2	
2	RUNNING		0	2	0	0	
Syscall Fork(0), remaining 2 -> Pid(3)


===== Iteration: 4 =====
Run 2 for 2 slices
PID	STATE		PRI	TOTAL	SYSCALL	EXECUTE	EXTRA
1	READY		0	4	1	2	
2	RUNNING		0	3	1	0	
3	READY		0	0	0	0	
Expired -> Success


===== Iteration: 5 =====
Run 1 for 3 slices
PID	STATE		PRI	TOTAL	SYSCALL	EXECUTE	EXTRA
1	RUNNING		0	6	1	2	
2	READY		0	5	1	2	
3	READY		0	2	0	0	
Expired -> Success


===== Iteration: 6 =====
Run 3 for 3 slices
PID	STATE		PRI	TOTAL	SYSCALL	EXECUTE	EXTRA
1	READY		0	9	1	5	
2	READY		0	8	1	2	
3	RUNNING		0	5	0	0	
Expired -> Success


===== Iteration: 7 =====
Run 2 for 3 slices
PID	STATE		PRI	TOTAL	SYSCALL	EXECUTE	EXTRA
1	READY		0	12	1	5	
2	RUNNING		0	11	1	2	
3	READY		0	8	0	3	
Expired -> Success


===== Iteration: 8 =====
Run 1 for 3 slices
PID	STATE		PRI	TOTAL	SYSCALL	EXECUTE	EXTRA
1	RUNNING		0	15	1	5	
2	READY		0	14	1	5	
3	READY		0	11	0	3	
Expired -> Success


===== Iteration: 9 =====
Run 3 for 3 slices
PID	STATE		PRI	TOTAL	SYSCALL	EXECUTE	EXTRA
1	READY		0	18	1	8	
2	READY		0	17	1	5	
3	RUNNING		0	14	0	3	
Syscall Exit, remaining 0 -> Success


===== Iteration: 10 =====
Run 2 for 3 slices
PID	STATE		PRI	TOTAL	SYSCALL	EXECUTE	EXTRA
1	READY		0	21	1	8	
2	RUNNING		0	20	1	5	
Syscall Exit, remaining 2 -> Success


===== Iteration: 11 =====
Run 1 for 3 slices
PID	STATE		PRI	TOTAL	SYSCALL	EXECUTE	EXTRA
1	RUNNING		0	22	1	8	
Syscall Exit, remaining 0 -> Success


===== Iteration: 12 =====
Done, no more processes
PID	STATE		PRI	TOTAL	SYSCALL	EXECUTE	EXTRA


