===== Iteration: 1 =====
Run 1 for 3 slices
PID	STATE		PRI	TOTAL	SYSCALL	EXECUTE	EXTRA
1	RUNNING		0	0	0	0	
Syscall Fork(0), remaining 2 -> Pid(2)


===== Iteration: 2 =====
Run 2 for 3 slices
PID	STATE		PRI	TOTAL	SYSCALL	EXECUTE	EXTRA
1	READY		0	1	1	0	
2	RUNNING		0	0	0	0	
Syscall Wait(1), remaining 2 -> Success


===== Iteration: 3 =====
Run 1 for 3 slices
PID	STATE		PRI	TOTAL	SYSCALL	EXECUTE	EXTRA
1	RUNNING		0	2	1	0	
2	EVENT 1		0	1	1	0	
Syscall Sleep(5), remaining 2 -> Success


===== Iteration: 4 =====
Sleep for 5 slices
PID	STATE		PRI	TOTAL	SYSCALL	EXECUTE	EXTRA
1	SLEEP		0	3	2	0	
2	EVENT 1		0	2	1	0	


===== Iteration: 5 =====
Run 1 for 3 slices
PID	STATE		PRI	TOTAL	SYSCALL	EXECUTE	EXTRA
1	RUNNING		0	8	2	0	
2	EVENT 1		0	7	1	0	
Syscall Signal(1), remaining 2 -> Success


===== Iteration: 6 =====
Run 2 for 3 slices
PID	STATE		PRI	TOTAL	SYSCALL	EXECUTE	EXTRA
1	READY		0	9	3	0	
2	RUNNING		0	8	1	0	
Syscall Exit, remaining 2 -> Success


===== Iteration: 7 =====
Run 1 for 3 slices
PID	STATE		PRI	TOTAL	SYSCALL	EXECUTE	EXTRA
1	RUNNING		0	10	3	0	
Syscall Sleep(10), remaining 2 -> Success


===== Iteration: 8 =====
Sleep for 10 slices
PID	STATE		PRI	TOTAL	SYSCALL	EXECUTE	EXTRA
1	SLEEP		0	11	4	0	


===== Iteration: 9 =====
Run 1 for 3 slices
PID	STATE		PRI	TOTAL	SYSCALL	EXECUTE	EXTRA
1	RUNNING		0	21	4	0	
Syscall Exit, remaining 2 -> Success


===== Iteration: 10 =====
Done, no more processes
PID	STATE		PRI	TOTAL	SYSCALL	EXECUTE	EXTRA


