===== Iteration: 1 =====
Run 1 for 5 slices
PID	STATE		PRI	TOTAL	SYSCALL	EXECUTE	EXTRA
1	RUNNING		0	0	0	0	
Syscall Sleep(10), remaining 1 -> Success


===== Iteration: 2 =====
Sleep for 10 slices
PID	STATE		PRI	TOTAL	SYSCALL	EXECUTE	EXTRA
1	SLEEP		0	4	1	3	


===== Iteration: 3 =====
Run 1 for 5 slices
PID	STATE		PRI	TOTAL	SYSCALL	EXECUTE	EXTRA
1	RUNNING		0	14	1	3	
Syscall Sleep(10), remaining 1 -> Success


===== Iteration: 4 =====
Sleep for 10 slices
PID	STATE		PRI	TOTAL	SYSCALL	EXECUTE	EXTRA
1	SLEEP		0	18	2	6	


===== Iteration: 5 =====
Run 1 for 5 slices
PID	STATE		PRI	TOTAL	SYSCALL	EXECUTE	EXTRA
1	RUNNING		0	28	2	6	
Syscall Sleep(10), remaining 1 -> Success


===== Iteration: 6 =====
Sleep for 10 slices
PID	STATE		PRI	TOTAL	SYSCALL	EXECUTE	EXTRA
1	SLEEP		0	32	3	9	


===== Iteration: 7 =====
Run 1 for 5 slices
PID	STATE		PRI	TOTAL	SYSCALL	EXECUTE	EXTRA
1	RUNNING		0	42	3	9	
Syscall Exit, remaining 4 -> Success


===== Iteration: 8 =====
Done, no more processes
PID	STATE		PRI	TOTAL	SYSCALL	EXECUTE	EXTRA


