===== Iteration: 1 =====
Run 1 for 3 slices
PID	STATE		TOTAL	SYSCALL	EXECUTE
1	RUNNING		0	0	0
Syscall Fork(0), remaining 2 -> Pid(Pid(2))


===== Iteration: 2 =====
Run 1 for 2 slices
PID	STATE		TOTAL	SYSCALL	EXECUTE
1	RUNNING		1	1	1
2	READY		0	0	0
Syscall Fork(0), remaining 1 -> Pid(Pid(3))


===== Iteration: 3 =====
Run 1 for 1 slices
PID	STATE		TOTAL	SYSCALL	EXECUTE
1	RUNNING		2	2	2
2	READY		1	0	0
3	READY		0	0	0
Syscall Fork(0), remaining 0 -> Pid(Pid(4))


===== Iteration: 4 =====
Run 2 for 3 slices
PID	STATE		TOTAL	SYSCALL	EXECUTE
1	READY		3	3	3
2	RUNNING		2	0	0
3	READY		1	0	0
4	READY		0	0	0
Syscall Wait(1), remaining 2 -> Success


===== Iteration: 5 =====
Run 3 for 3 slices
PID	STATE		TOTAL	SYSCALL	EXECUTE
1	READY		4	3	3
2	EVENT 1		3	1	1
3	RUNNING		2	0	0
4	READY		1	0	0
Syscall Wait(2), remaining 2 -> Success


===== Iteration: 6 =====
Run 4 for 3 slices
PID	STATE		TOTAL	SYSCALL	EXECUTE
1	READY		5	3	3
2	EVENT 1		4	1	1
3	EVENT 2		3	1	1
4	RUNNING		2	0	0
Syscall Wait(3), remaining 2 -> Success


===== Iteration: 7 =====
Run 1 for 3 slices
PID	STATE		TOTAL	SYSCALL	EXECUTE
1	RUNNING		6	3	3
2	EVENT 1		5	1	1
3	EVENT 2		4	1	1
4	EVENT 3		3	1	1
Syscall Fork(0), remaining 2 -> Pid(Pid(5))


===== Iteration: 8 =====
Run 1 for 2 slices
PID	STATE		TOTAL	SYSCALL	EXECUTE
1	RUNNING		7	4	4
2	EVENT 1		6	1	1
3	EVENT 2		5	1	1
4	EVENT 3		4	1	1
5	READY		0	0	0
Expired -> Success


===== Iteration: 9 =====
Run 5 for 3 slices
PID	STATE		TOTAL	SYSCALL	EXECUTE
1	READY		9	4	6
2	EVENT 1		8	1	1
3	EVENT 2		7	1	1
4	EVENT 3		6	1	1
5	RUNNING		2	0	0
Syscall Wait(3), remaining 2 -> Success


===== Iteration: 10 =====
Run 1 for 3 slices
PID	STATE		TOTAL	SYSCALL	EXECUTE
1	RUNNING		10	4	6
2	EVENT 1		9	1	1
3	EVENT 2		8	1	1
4	EVENT 3		7	1	1
5	EVENT 3		3	1	1
Expired -> Success


===== Iteration: 11 =====
Run 1 for 3 slices
PID	STATE		TOTAL	SYSCALL	EXECUTE
1	RUNNING		13	4	9
2	EVENT 1		12	1	1
3	EVENT 2		11	1	1
4	EVENT 3		10	1	1
5	EVENT 3		6	1	1
Expired -> Success


===== Iteration: 12 =====
Run 1 for 3 slices
PID	STATE		TOTAL	SYSCALL	EXECUTE
1	RUNNING		16	4	12
2	EVENT 1		15	1	1
3	EVENT 2		14	1	1
4	EVENT 3		13	1	1
5	EVENT 3		9	1	1
Syscall Signal(1), remaining 0 -> Success


===== Iteration: 13 =====
Run 2 for 3 slices
PID	STATE		TOTAL	SYSCALL	EXECUTE
1	READY		19	5	15
2	RUNNING		18	1	1
3	EVENT 2		17	1	1
4	EVENT 3		16	1	1
5	EVENT 3		12	1	1
Syscall Signal(2), remaining 2 -> Success


===== Iteration: 14 =====
Run 2 for 2 slices
PID	STATE		TOTAL	SYSCALL	EXECUTE
1	READY		20	5	15
2	RUNNING		19	2	2
3	READY		18	1	1
4	EVENT 3		17	1	1
5	EVENT 3		13	1	1
Syscall Exit, remaining 1 -> Success


===== Iteration: 15 =====
Run 3 for 3 slices
PID	STATE		TOTAL	SYSCALL	EXECUTE
1	READY		21	5	15
3	RUNNING		19	1	1
4	EVENT 3		18	1	1
5	EVENT 3		14	1	1
Syscall Signal(3), remaining 2 -> Success


===== Iteration: 16 =====
Run 3 for 2 slices
PID	STATE		TOTAL	SYSCALL	EXECUTE
1	READY		22	5	15
3	RUNNING		20	2	2
4	READY		19	1	1
5	READY		15	1	1
Syscall Exit, remaining 1 -> Success


===== Iteration: 17 =====
Run 4 for 3 slices
PID	STATE		TOTAL	SYSCALL	EXECUTE
1	READY		23	5	15
4	RUNNING		20	1	1
5	READY		16	1	1
Syscall Exit, remaining 2 -> Success


===== Iteration: 18 =====
Run 5 for 3 slices
PID	STATE		TOTAL	SYSCALL	EXECUTE
1	READY		24	5	15
5	RUNNING		17	1	1
Syscall Exit, remaining 2 -> Success


===== Iteration: 19 =====
Run 1 for 3 slices
PID	STATE		TOTAL	SYSCALL	EXECUTE
1	RUNNING		25	5	15
Syscall Sleep(10), remaining 2 -> Success


===== Iteration: 20 =====
Sleep for 10 slices
PID	STATE		TOTAL	SYSCALL	EXECUTE
1	SLEEP		26	6	16


===== Iteration: 21 =====
Run 1 for 3 slices
PID	STATE		TOTAL	SYSCALL	EXECUTE
1	RUNNING		36	6	16
Syscall Exit, remaining 2 -> Success


===== Iteration: 22 =====
Done, no more processes
PID	STATE		TOTAL	SYSCALL	EXECUTE


