===== Iteration: 1 =====
Run 1 for 3 slices
PID	STATE		TOTAL	SYSCALL	EXECUTE
1	RUNNING		0	0	0
Syscall Fork(0), remaining 2 -> Pid(Pid(2))


===== Iteration: 2 =====
Run 2 for 3 slices
PID	STATE		TOTAL	SYSCALL	EXECUTE
1	READY		1	1	1
2	RUNNING		0	0	0
Syscall Wait(1), remaining 2 -> Success


===== Iteration: 3 =====
Run 1 for 3 slices
PID	STATE		TOTAL	SYSCALL	EXECUTE
1	RUNNING		2	1	1
2	EVENT 1		1	1	1
Expired -> Success


===== Iteration: 4 =====
Run 1 for 3 slices
PID	STATE		TOTAL	SYSCALL	EXECUTE
1	RUNNING		5	1	4
2	EVENT 1		4	1	1
Syscall Signal(1), remaining 0 -> Success


===== Iteration: 5 =====
Run 2 for 3 slices
PID	STATE		TOTAL	SYSCALL	EXECUTE
1	READY		8	2	7
2	RUNNING		7	1	1
Expired -> Success


===== Iteration: 6 =====
Run 1 for 3 slices
PID	STATE		TOTAL	SYSCALL	EXECUTE
1	RUNNING		11	2	7
2	READY		10	1	4
Syscall Sleep(10), remaining 2 -> Success


===== Iteration: 7 =====
Run 2 for 3 slices
PID	STATE		TOTAL	SYSCALL	EXECUTE
1	SLEEP		12	3	8
2	RUNNING		11	1	4
Syscall Exit, remaining 0 -> Success


===== Iteration: 8 =====
Sleep for 7 slices
PID	STATE		TOTAL	SYSCALL	EXECUTE
1	SLEEP		15	3	8


===== Iteration: 9 =====
Run 1 for 3 slices
PID	STATE		TOTAL	SYSCALL	EXECUTE
1	RUNNING		22	3	8
Syscall Exit, remaining 2 -> Success


===== Iteration: 10 =====
Done, no more processes
PID	STATE		TOTAL	SYSCALL	EXECUTE


