===== Iteration: 1 =====
Run 1 for 3 slices
PID	STATE		TOTAL	SYSCALL	EXECUTE
1	RUNNING		0	0	0
Syscall Fork(0), remaining 2 -> Pid(Pid(2))


===== Iteration: 2 =====
Run 2 for 3 slices
PID	STATE		TOTAL	SYSCALL	EXECUTE
1	READY		1	1	1
2	RUNNING		0	0	0
Syscall Wait(1), remaining 2 -> Success


===== Iteration: 3 =====
Run 1 for 3 slices
PID	STATE		TOTAL	SYSCALL	EXECUTE
1	RUNNING		2	1	1
2	EVENT 1		1	1	1
Syscall Fork(0), remaining 2 -> Pid(Pid(3))


===== Iteration: 4 =====
Run 3 for 3 slices
PID	STATE		TOTAL	SYSCALL	EXECUTE
1	READY		3	2	2
2	EVENT 1		2	1	1
3	RUNNING		0	0	0
Syscall Wait(2), remaining 2 -> Success


===== Iteration: 5 =====
Run 1 for 3 slices
PID	STATE		TOTAL	SYSCALL	EXECUTE
1	RUNNING		4	2	2
2	EVENT 1		3	1	1
3	EVENT 2		1	1	1
Syscall Fork(0), remaining 2 -> Pid(Pid(4))


===== Iteration: 6 =====
Run 4 for 3 slices
PID	STATE		TOTAL	SYSCALL	EXECUTE
1	READY		5	3	3
2	EVENT 1		4	1	1
3	EVENT 2		2	1	1
4	RUNNING		0	0	0
Syscall Wait(3), remaining 2 -> Success


===== Iteration: 7 =====
Run 1 for 3 slices
PID	STATE		TOTAL	SYSCALL	EXECUTE
1	RUNNING		6	3	3
2	EVENT 1		5	1	1
3	EVENT 2		3	1	1
4	EVENT 3		1	1	1
Syscall Fork(0), remaining 2 -> Pid(Pid(5))


===== Iteration: 8 =====
Run 5 for 3 slices
PID	STATE		TOTAL	SYSCALL	EXECUTE
1	READY		7	4	4
2	EVENT 1		6	1	1
3	EVENT 2		4	1	1
4	EVENT 3		2	1	1
5	RUNNING		0	0	0
Syscall Wait(3), remaining 2 -> Success


===== Iteration: 9 =====
Run 1 for 3 slices
PID	STATE		TOTAL	SYSCALL	EXECUTE
1	RUNNING		8	4	4
2	EVENT 1		7	1	1
3	EVENT 2		5	1	1
4	EVENT 3		3	1	1
5	EVENT 3		1	1	1
Expired -> Success


===== Iteration: 10 =====
Run 1 for 3 slices
PID	STATE		TOTAL	SYSCALL	EXECUTE
1	RUNNING		11	4	7
2	EVENT 1		10	1	1
3	EVENT 2		8	1	1
4	EVENT 3		6	1	1
5	EVENT 3		4	1	1
Expired -> Success


===== Iteration: 11 =====
Run 1 for 3 slices
PID	STATE		TOTAL	SYSCALL	EXECUTE
1	RUNNING		14	4	10
2	EVENT 1		13	1	1
3	EVENT 2		11	1	1
4	EVENT 3		9	1	1
5	EVENT 3		7	1	1
Expired -> Success


===== Iteration: 12 =====
Run 1 for 3 slices
PID	STATE		TOTAL	SYSCALL	EXECUTE
1	RUNNING		17	4	13
2	EVENT 1		16	1	1
3	EVENT 2		14	1	1
4	EVENT 3		12	1	1
5	EVENT 3		10	1	1
Syscall Signal(1), remaining 1 -> Success


===== Iteration: 13 =====
Run 2 for 3 slices
PID	STATE		TOTAL	SYSCALL	EXECUTE
1	READY		19	5	15
2	RUNNING		18	1	1
3	EVENT 2		16	1	1
4	EVENT 3		14	1	1
5	EVENT 3		12	1	1
Syscall Signal(2), remaining 2 -> Success


===== Iteration: 14 =====
Run 3 for 3 slices
PID	STATE		TOTAL	SYSCALL	EXECUTE
1	READY		20	5	15
2	READY		19	2	2
3	RUNNING		17	1	1
4	EVENT 3		15	1	1
5	EVENT 3		13	1	1
Syscall Signal(3), remaining 2 -> Success


===== Iteration: 15 =====
Run 4 for 3 slices
PID	STATE		TOTAL	SYSCALL	EXECUTE
1	READY		21	5	15
2	READY		20	2	2
3	READY		18	2	2
4	RUNNING		16	1	1
5	READY		14	1	1
Syscall Exit, remaining 2 -> Success


===== Iteration: 16 =====
Run 5 for 3 slices
PID	STATE		TOTAL	SYSCALL	EXECUTE
1	READY		22	5	15
2	READY		21	2	2
3	READY		19	2	2
5	RUNNING		15	1	1
Syscall Exit, remaining 2 -> Success


===== Iteration: 17 =====
Run 1 for 3 slices
PID	STATE		TOTAL	SYSCALL	EXECUTE
1	RUNNING		23	5	15
2	READY		22	2	2
3	READY		20	2	2
Syscall Sleep(10), remaining 2 -> Success


===== Iteration: 18 =====
Run 2 for 3 slices
PID	STATE		TOTAL	SYSCALL	EXECUTE
1	SLEEP		24	6	16
2	RUNNING		23	2	2
3	READY		21	2	2
Syscall Exit, remaining 2 -> Success


===== Iteration: 19 =====
Run 3 for 3 slices
PID	STATE		TOTAL	SYSCALL	EXECUTE
1	SLEEP		25	6	16
3	RUNNING		22	2	2
Syscall Exit, remaining 2 -> Success


===== Iteration: 20 =====
Sleep for 8 slices
PID	STATE		TOTAL	SYSCALL	EXECUTE
1	SLEEP		26	6	16


===== Iteration: 21 =====
Run 1 for 3 slices
PID	STATE		TOTAL	SYSCALL	EXECUTE
1	RUNNING		34	6	16
Syscall Exit, remaining 2 -> Success


===== Iteration: 22 =====
Done, no more processes
PID	STATE		TOTAL	SYSCALL	EXECUTE


