===== Iteration: 1 =====
Run 1 for 5 slices
PID	STATE		TOTAL	SYSCALL	EXECUTE
1	RUNNING		0	0	0
Syscall Fork(0), remaining 4 -> Pid(Pid(2))


===== Iteration: 2 =====
Run 1 for 4 slices
PID	STATE		TOTAL	SYSCALL	EXECUTE
1	RUNNING		1	1	1
2	READY		0	0	0
Expired -> Success


===== Iteration: 3 =====
Run 2 for 5 slices
PID	STATE		TOTAL	SYSCALL	EXECUTE
1	READY		5	1	5
2	RUNNING		4	0	0
Syscall Wait(1), remaining 4 -> Success


===== Iteration: 4 =====
Run 1 for 5 slices
PID	STATE		TOTAL	SYSCALL	EXECUTE
1	RUNNING		6	1	5
2	EVENT 1		5	1	1
Syscall Signal(1), remaining 3 -> Success


===== Iteration: 5 =====
Run 1 for 3 slices
PID	STATE		TOTAL	SYSCALL	EXECUTE
1	RUNNING		8	2	7
2	READY		7	1	1
Syscall Sleep(10), remaining 2 -> Success


===== Iteration: 6 =====
Run 2 for 5 slices
PID	STATE		TOTAL	SYSCALL	EXECUTE
1	SLEEP		9	3	8
2	RUNNING		8	1	1
Expired -> Success


===== Iteration: 7 =====
Run 2 for 5 slices
PID	STATE		TOTAL	SYSCALL	EXECUTE
1	SLEEP		14	3	8
2	RUNNING		13	1	6
Syscall Exit, remaining 4 -> Success


===== Iteration: 8 =====
Sleep for 4 slices
PID	STATE		TOTAL	SYSCALL	EXECUTE
1	SLEEP		15	3	8


===== Iteration: 9 =====
Run 1 for 5 slices
PID	STATE		TOTAL	SYSCALL	EXECUTE
1	RUNNING		19	3	8
Syscall Exit, remaining 4 -> Success


===== Iteration: 10 =====
Done, no more processes
PID	STATE		TOTAL	SYSCALL	EXECUTE


