===== Iteration: 1 =====
Run 1 for 5 slices
PID	STATE		TOTAL	SYSCALL	EXECUTE
1	RUNNING		0	0	0
Syscall Fork(0), remaining 4 -> Pid(Pid(2))


===== Iteration: 2 =====
Run 1 for 4 slices
PID	STATE		TOTAL	SYSCALL	EXECUTE
1	RUNNING		1	1	1
2	READY		0	0	0
Syscall Fork(0), remaining 3 -> Pid(Pid(3))


===== Iteration: 3 =====
Run 1 for 3 slices
PID	STATE		TOTAL	SYSCALL	EXECUTE
1	RUNNING		2	2	2
2	READY		1	0	0
3	READY		0	0	0
Syscall Fork(0), remaining 2 -> Pid(Pid(4))


===== Iteration: 4 =====
Run 1 for 2 slices
PID	STATE		TOTAL	SYSCALL	EXECUTE
1	RUNNING		3	3	3
2	READY		2	0	0
3	READY		1	0	0
4	READY		0	0	0
Expired -> Success


===== Iteration: 5 =====
Run 2 for 5 slices
PID	STATE		TOTAL	SYSCALL	EXECUTE
1	READY		5	3	5
2	RUNNING		4	0	0
3	READY		3	0	0
4	READY		2	0	0
Syscall Wait(1), remaining 4 -> Success


===== Iteration: 6 =====
Run 3 for 5 slices
PID	STATE		TOTAL	SYSCALL	EXECUTE
1	READY		6	3	5
2	EVENT 1		5	1	1
3	RUNNING		4	0	0
4	READY		3	0	0
Syscall Wait(1), remaining 4 -> Success


===== Iteration: 7 =====
Run 4 for 5 slices
PID	STATE		TOTAL	SYSCALL	EXECUTE
1	READY		7	3	5
2	EVENT 1		6	1	1
3	EVENT 1		5	1	1
4	RUNNING		4	0	0
Syscall Wait(2), remaining 4 -> Success


===== Iteration: 8 =====
Run 1 for 5 slices
PID	STATE		TOTAL	SYSCALL	EXECUTE
1	RUNNING		8	3	5
2	EVENT 1		7	1	1
3	EVENT 1		6	1	1
4	EVENT 2		5	1	1
Expired -> Success


===== Iteration: 9 =====
Run 1 for 5 slices
PID	STATE		TOTAL	SYSCALL	EXECUTE
1	RUNNING		13	3	10
2	EVENT 1		12	1	1
3	EVENT 1		11	1	1
4	EVENT 2		10	1	1
Syscall Signal(1), remaining 1 -> Success


===== Iteration: 10 =====
Run 2 for 5 slices
PID	STATE		TOTAL	SYSCALL	EXECUTE
1	READY		17	4	14
2	RUNNING		16	1	1
3	READY		15	1	1
4	EVENT 2		14	1	1
Syscall Exit, remaining 4 -> Success


===== Iteration: 11 =====
Run 3 for 5 slices
PID	STATE		TOTAL	SYSCALL	EXECUTE
1	READY		18	4	14
3	RUNNING		16	1	1
4	EVENT 2		15	1	1
Syscall Exit, remaining 4 -> Success


===== Iteration: 12 =====
Run 1 for 5 slices
PID	STATE		TOTAL	SYSCALL	EXECUTE
1	RUNNING		19	4	14
4	EVENT 2		16	1	1
Syscall Signal(2), remaining 4 -> Success


===== Iteration: 13 =====
Run 1 for 4 slices
PID	STATE		TOTAL	SYSCALL	EXECUTE
1	RUNNING		20	5	15
4	READY		17	1	1
Syscall Sleep(10), remaining 3 -> Success


===== Iteration: 14 =====
Run 4 for 5 slices
PID	STATE		TOTAL	SYSCALL	EXECUTE
1	SLEEP		21	6	16
4	RUNNING		18	1	1
Syscall Exit, remaining 4 -> Success


===== Iteration: 15 =====
Sleep for 9 slices
PID	STATE		TOTAL	SYSCALL	EXECUTE
1	SLEEP		22	6	16


===== Iteration: 16 =====
Run 1 for 5 slices
PID	STATE		TOTAL	SYSCALL	EXECUTE
1	RUNNING		31	6	16
Syscall Exit, remaining 4 -> Success


===== Iteration: 17 =====
Done, no more processes
PID	STATE		TOTAL	SYSCALL	EXECUTE


