===== Iteration: 1 =====
Run 1 for 3 slices
PID	STATE		TOTAL	SYSCALL	EXECUTE
1	RUNNING		0	0	0
Syscall Fork(0), remaining 2 -> Pid(Pid(2))


===== Iteration: 2 =====
Run 2 for 3 slices
PID	STATE		TOTAL	SYSCALL	EXECUTE
1	READY		1	1	1
2	RUNNING		0	0	0
Syscall Wait(1), remaining 2 -> Success


===== Iteration: 3 =====
Run 1 for 3 slices
PID	STATE		TOTAL	SYSCALL	EXECUTE
1	RUNNING		2	1	1
2	EVENT 1		1	1	1
Syscall Fork(0), remaining 2 -> Pid(Pid(3))


===== Iteration: 4 =====
Run 3 for 3 slices
PID	STATE		TOTAL	SYSCALL	EXECUTE
1	READY		3	2	2
2	EVENT 1		2	1	1
3	RUNNING		0	0	0
Syscall Wait(1), remaining 2 -> Success


===== Iteration: 5 =====
Run 1 for 3 slices
PID	STATE		TOTAL	SYSCALL	EXECUTE
1	RUNNING		4	2	2
2	EVENT 1		3	1	1
3	EVENT 1		1	1	1
Syscall Fork(0), remaining 2 -> Pid(Pid(4))


===== Iteration: 6 =====
Run 4 for 3 slices
PID	STATE		TOTAL	SYSCALL	EXECUTE
1	READY		5	3	3
2	EVENT 1		4	1	1
3	EVENT 1		2	1	1
4	RUNNING		0	0	0
Syscall Wait(2), remaining 2 -> Success


===== Iteration: 7 =====
Run 1 for 3 slices
PID	STATE		TOTAL	SYSCALL	EXECUTE
1	RUNNING		6	3	3
2	EVENT 1		5	1	1
3	EVENT 1		3	1	1
4	EVENT 2		1	1	1
Expired -> Success


===== Iteration: 8 =====
Run 1 for 3 slices
PID	STATE		TOTAL	SYSCALL	EXECUTE
1	RUNNING		9	3	6
2	EVENT 1		8	1	1
3	EVENT 1		6	1	1
4	EVENT 2		4	1	1
Expired -> Success


===== Iteration: 9 =====
Run 1 for 3 slices
PID	STATE		TOTAL	SYSCALL	EXECUTE
1	RUNNING		12	3	9
2	EVENT 1		11	1	1
3	EVENT 1		9	1	1
4	EVENT 2		7	1	1
Expired -> Success


===== Iteration: 10 =====
Run 1 for 3 slices
PID	STATE		TOTAL	SYSCALL	EXECUTE
1	RUNNING		15	3	12
2	EVENT 1		14	1	1
3	EVENT 1		12	1	1
4	EVENT 2		10	1	1
Syscall Signal(1), remaining 1 -> Success


===== Iteration: 11 =====
Run 2 for 3 slices
PID	STATE		TOTAL	SYSCALL	EXECUTE
1	READY		17	4	14
2	RUNNING		16	1	1
3	READY		14	1	1
4	EVENT 2		12	1	1
Syscall Exit, remaining 2 -> Success


===== Iteration: 12 =====
Run 3 for 3 slices
PID	STATE		TOTAL	SYSCALL	EXECUTE
1	READY		18	4	14
3	RUNNING		15	1	1
4	EVENT 2		13	1	1
Syscall Exit, remaining 2 -> Success


===== Iteration: 13 =====
Run 1 for 3 slices
PID	STATE		TOTAL	SYSCALL	EXECUTE
1	RUNNING		19	4	14
4	EVENT 2		14	1	1
Syscall Signal(2), remaining 2 -> Success


===== Iteration: 14 =====
Run 4 for 3 slices
PID	STATE		TOTAL	SYSCALL	EXECUTE
1	READY		20	5	15
4	RUNNING		15	1	1
Syscall Exit, remaining 2 -> Success


===== Iteration: 15 =====
Run 1 for 3 slices
PID	STATE		TOTAL	SYSCALL	EXECUTE
1	RUNNING		21	5	15
Syscall Sleep(10), remaining 2 -> Success


===== Iteration: 16 =====
Sleep for 10 slices
PID	STATE		TOTAL	SYSCALL	EXECUTE
1	SLEEP		22	6	16


===== Iteration: 17 =====
Run 1 for 3 slices
PID	STATE		TOTAL	SYSCALL	EXECUTE
1	RUNNING		32	6	16
Syscall Exit, remaining 2 -> Success


===== Iteration: 18 =====
Done, no more processes
PID	STATE		TOTAL	SYSCALL	EXECUTE


