===== Iteration: 1 =====
Run 1 for 18 slices
PID	STATE		PRI	TOTAL	SYSCALL	EXECUTE	EXTRA
1	RUNNING		0	0	0	0	vruntime=0
Syscall Fork(5), remaining 17 -> Pid(2)


===== Iteration: 2 =====
Run 1 for 9 slices
PID	STATE		PRI	TOTAL	SYSCALL	EXECUTE	EXTRA
1	RUNNING		0	1	1	0	vruntime=1
2	READY		5	0	0	0	vruntime=1
Expired -> Success


===== Iteration: 3 =====
Run 2 for 9 slices
PID	STATE		PRI	TOTAL	SYSCALL	EXECUTE	EXTRA
1	READY		0	10	1	9	vruntime=10
2	RUNNING		5	9	0	0	vruntime=1
Expired -> Success


===== Iteration: 4 =====
Run 1 for 9 slices
PID	STATE		PRI	TOTAL	SYSCALL	EXECUTE	EXTRA
1	RUNNING		0	19	1	9	vruntime=10
2	READY		5	18	0	9	vruntime=10
Expired -> Success


===== Iteration: 5 =====
Run 2 for 9 slices
PID	STATE		PRI	TOTAL	SYSCALL	EXECUTE	EXTRA
1	READY		0	28	1	18	vruntime=19
2	RUNNING		5	27	0	9	vruntime=10
Expired -> Success


===== Iteration: 6 =====
Run 1 for 9 slices
PID	STATE		PRI	TOTAL	SYSCALL	EXECUTE	EXTRA
1	RUNNING		0	37	1	18	vruntime=19
2	READY		5	36	0	18	vruntime=19
Expired -> Success


===== Iteration: 7 =====
Run 2 for 9 slices
PID	STATE		PRI	TOTAL	SYSCALL	EXECUTE	EXTRA
1	READY		0	46	1	27	vruntime=28
2	RUNNING		5	45	0	18	vruntime=19
Syscall Exit, remaining 6 -> Success


===== Iteration: 8 =====
Run 1 for 18 slices
PID	STATE		PRI	TOTAL	SYSCALL	EXECUTE	EXTRA
1	RUNNING		0	49	1	27	vruntime=28
Syscall Exit, remaining 14 -> Success


===== Iteration: 9 =====
Done, no more processes
PID	STATE		PRI	TOTAL	SYSCALL	EXECUTE	EXTRA


