===== Iteration: 1 =====
Run 1 for 10 slices
PID	STATE		PRI	TOTAL	SYSCALL	EXECUTE	EXTRA
1	RUNNING		0	0	0	0	vruntime=0
Syscall Fork(5), remaining 9 -> Pid(2)


===== Iteration: 2 =====
Run 1 for 5 slices
PID	STATE		PRI	TOTAL	SYSCALL	EXECUTE	EXTRA
1	RUNNING		0	1	1	0	vruntime=1
2	READY		5	0	0	0	vruntime=1
Expired -> Success


===== Iteration: 3 =====
Run 2 for 5 slices
PID	STATE		PRI	TOTAL	SYSCALL	EXECUTE	EXTRA
1	READY		0	6	1	5	vruntime=6
2	RUNNING		5	5	0	0	vruntime=1
Expired -> Success


===== Iteration: 4 =====
Run 1 for 5 slices
PID	STATE		PRI	TOTAL	SYSCALL	EXECUTE	EXTRA
1	RUNNING		0	11	1	5	vruntime=6
2	READY		5	10	0	5	vruntime=6
Expired -> Success


===== Iteration: 5 =====
Run 2 for 5 slices
PID	STATE		PRI	TOTAL	SYSCALL	EXECUTE	EXTRA
1	READY		0	16	1	10	vruntime=11
2	RUNNING		5	15	0	5	vruntime=6
Expired -> Success


===== Iteration: 6 =====
Run 1 for 5 slices
PID	STATE		PRI	TOTAL	SYSCALL	EXECUTE	EXTRA
1	RUNNING		0	21	1	10	vruntime=11
2	READY		5	20	0	10	vruntime=11
Expired -> Success


===== Iteration: 7 =====
Run 2 for 5 slices
PID	STATE		PRI	TOTAL	SYSCALL	EXECUTE	EXTRA
1	READY		0	26	1	15	vruntime=16
2	RUNNING		5	25	0	10	vruntime=11
Expired -> Success


===== Iteration: 8 =====
Run 1 for 5 slices
PID	STATE		PRI	TOTAL	SYSCALL	EXECUTE	EXTRA
1	RUNNING		0	31	1	15	vruntime=16
2	READY		5	30	0	15	vruntime=16
Expired -> Success


===== Iteration: 9 =====
Run 2 for 5 slices
PID	STATE		PRI	TOTAL	SYSCALL	EXECUTE	EXTRA
1	READY		0	36	1	20	vruntime=21
2	RUNNING		5	35	0	15	vruntime=16
Expired -> Success


===== Iteration: 10 =====
Run 1 for 5 slices
PID	STATE		PRI	TOTAL	SYSCALL	EXECUTE	EXTRA
1	RUNNING		0	41	1	20	vruntime=21
2	READY		5	40	0	20	vruntime=21
Expired -> Success


===== Iteration: 11 =====
Run 2 for 5 slices
PID	STATE		PRI	TOTAL	SYSCALL	EXECUTE	EXTRA
1	READY		0	46	1	25	vruntime=26
2	RUNNING		5	45	0	20	vruntime=21
Syscall Exit, remaining 4 -> Success


===== Iteration: 12 =====
Run 1 for 10 slices
PID	STATE		PRI	TOTAL	SYSCALL	EXECUTE	EXTRA
1	RUNNING		0	47	1	25	vruntime=26
Syscall Exit, remaining 4 -> Success


===== Iteration: 13 =====
Done, no more processes
PID	STATE		PRI	TOTAL	SYSCALL	EXECUTE	EXTRA


