===== Iteration: 1 =====
Run 1 for 18 slices
PID	STATE		PRI	TOTAL	SYSCALL	EXECUTE	EXTRA
1	RUNNING		0	0	0	0	vruntime=0
Syscall Fork(5), remaining 17 -> Pid(2)


===== Iteration: 2 =====
Run 1 for 9 slices
PID	STATE		PRI	TOTAL	SYSCALL	EXECUTE	EXTRA
1	RUNNING		0	1	1	0	vruntime=1
2	READY		5	0	0	0	vruntime=1
Expired -> Success


===== Iteration: 3 =====
Run 2 for 9 slices
PID	STATE		PRI	TOTAL	SYSCALL	EXECUTE	EXTRA
1	READY		0	10	1	9	vruntime=10
2	RUNNING		5	9	0	0	vruntime=1
Expired -> Success


===== Iteration: 4 =====
Run 1 for 9 slices
PID	STATE		PRI	TOTAL	SYSCALL	EXECUTE	EXTRA
1	RUNNING		0	19	1	9	vruntime=10
2	READY		5	18	0	9	vruntime=10
Expired -> Success


===== Iteration: 5 =====
Run 2 for 9 slices
PID	STATE		PRI	TOTAL	SYSCALL	EXECUTE	EXTRA
1	READY		0	28	1	18	vruntime=19
2	RUNNING		5	27	0	9	vruntime=10
Expired -> Success


===== Iteration: 6 =====
Run 1 for 9 slices
PID	STATE		PRI	TOTAL	SYSCALL	EXECUTE	EXTRA
1	RUNNING		0	37	1	18	vruntime=19
2	READY		5	36	0	18	vruntime=19
Expired -> Success


===== Iteration: 7 =====
Run 2 for 9 slices
PID	STATE		PRI	TOTAL	SYSCALL	EXECUTE	EXTRA
1	READY		0	46	1	27	vruntime=28
2	RUNNING		5	45	0	18	vruntime=19
Syscall Fork(5), remaining 6 -> Pid(3)


===== Iteration: 8 =====
Run 2 for 6 slices
PID	STATE		PRI	TOTAL	SYSCALL	EXECUTE	EXTRA
1	READY		0	49	1	27	vruntime=28
2	RUNNING		5	48	1	20	vruntime=22
3	READY		5	0	0	0	vruntime=22
Syscall Exit, remaining 5 -> Success


===== Iteration: 9 =====
Run 3 for 9 slices
PID	STATE		PRI	TOTAL	SYSCALL	EXECUTE	EXTRA
1	READY		0	50	1	27	vruntime=28
3	RUNNING		5	1	0	0	vruntime=22
Expired -> Success


===== Iteration: 10 =====
Run 1 for 9 slices
PID	STATE		PRI	TOTAL	SYSCALL	EXECUTE	EXTRA
1	RUNNING		0	59	1	27	vruntime=28
3	READY		5	10	0	9	vruntime=31
Expired -> Success


===== Iteration: 11 =====
Run 3 for 9 slices
PID	STATE		PRI	TOTAL	SYSCALL	EXECUTE	EXTRA
1	READY		0	68	1	36	vruntime=37
3	RUNNING		5	19	0	9	vruntime=31
Expired -> Success


===== Iteration: 12 =====
Run 1 for 9 slices
PID	STATE		PRI	TOTAL	SYSCALL	EXECUTE	EXTRA
1	RUNNING		0	77	1	36	vruntime=37
3	READY		5	28	0	18	vruntime=40
Expired -> Success


===== Iteration: 13 =====
Run 3 for 9 slices
PID	STATE		PRI	TOTAL	SYSCALL	EXECUTE	EXTRA
1	READY		0	86	1	45	vruntime=46
3	RUNNING		5	37	0	18	vruntime=40
Syscall Exit, remaining 6 -> Success


===== Iteration: 14 =====
Run 1 for 18 slices
PID	STATE		PRI	TOTAL	SYSCALL	EXECUTE	EXTRA
1	RUNNING		0	89	1	45	vruntime=46
Syscall Exit, remaining 12 -> Success


===== Iteration: 15 =====
Done, no more processes
PID	STATE		PRI	TOTAL	SYSCALL	EXECUTE	EXTRA


