===== Iteration: 1 =====
Run 1 for 10 slices
PID	STATE		PRI	TOTAL	SYSCALL	EXECUTE	EXTRA
1	RUNNING		0	0	0	0	vruntime=0
Syscall Fork(0), remaining 9 -> Pid(2)


===== Iteration: 2 =====
Run 1 for 5 slices
PID	STATE		PRI	TOTAL	SYSCALL	EXECUTE	EXTRA
1	RUNNING		0	1	1	0	vruntime=1
2	READY		0	0	0	0	vruntime=1
Syscall Fork(0), remaining 4 -> Pid(3)


===== Iteration: 3 =====
Run 1 for 3 slices
PID	STATE		PRI	TOTAL	SYSCALL	EXECUTE	EXTRA
1	RUNNING		0	2	2	0	vruntime=2
2	READY		0	1	0	0	vruntime=1
3	READY		0	0	0	0	vruntime=1
Syscall Fork(0), remaining 2 -> Pid(4)


===== Iteration: 4 =====
Run 1 for 2 slices
PID	STATE		PRI	TOTAL	SYSCALL	EXECUTE	EXTRA
1	RUNNING		0	3	3	0	vruntime=3
2	READY		0	2	0	0	vruntime=1
3	READY		0	1	0	0	vruntime=1
4	READY		0	0	0	0	vruntime=1
Syscall Fork(0), remaining 1 -> Pid(5)


===== Iteration: 5 =====
Run 1 for 1 slices
PID	STATE		PRI	TOTAL	SYSCALL	EXECUTE	EXTRA
1	RUNNING		0	4	4	0	vruntime=4
2	READY		0	3	0	0	vruntime=1
3	READY		0	2	0	0	vruntime=1
4	READY		0	1	0	0	vruntime=1
5	READY		0	0	0	0	vruntime=1
Expired -> Success


===== Iteration: 6 =====
Run 2 for 2 slices
PID	STATE		PRI	TOTAL	SYSCALL	EXECUTE	EXTRA
1	READY		0	5	4	1	vruntime=5
2	RUNNING		0	4	0	0	vruntime=1
3	READY		0	3	0	0	vruntime=1
4	READY		0	2	0	0	vruntime=1
5	READY		0	1	0	0	vruntime=1
Syscall Wait(1), remaining 1 -> Success


===== Iteration: 7 =====
Run 3 for 2 slices
PID	STATE		PRI	TOTAL	SYSCALL	EXECUTE	EXTRA
1	READY		0	6	4	1	vruntime=5
2	EVENT 1		0	5	1	0	vruntime=2
3	RUNNING		0	4	0	0	vruntime=1
4	READY		0	3	0	0	vruntime=1
5	READY		0	2	0	0	vruntime=1
Syscall Wait(2), remaining 1 -> Success


===== Iteration: 8 =====
Run 4 for 3 slices
PID	STATE		PRI	TOTAL	SYSCALL	EXECUTE	EXTRA
1	READY		0	7	4	1	vruntime=5
2	EVENT 1		0	6	1	0	vruntime=2
3	EVENT 2		0	5	1	0	vruntime=2
4	RUNNING		0	4	0	0	vruntime=1
5	READY		0	3	0	0	vruntime=1
Syscall Wait(3), remaining 2 -> Success


===== Iteration: 9 =====
Run 5 for 5 slices
PID	STATE		PRI	TOTAL	SYSCALL	EXECUTE	EXTRA
1	READY		0	8	4	1	vruntime=5
2	EVENT 1		0	7	1	0	vruntime=2
3	EVENT 2		0	6	1	0	vruntime=2
4	EVENT 3		0	5	1	0	vruntime=2
5	RUNNING		0	4	0	0	vruntime=1
Syscall Wait(3), remaining 4 -> Success


===== Iteration: 10 =====
Run 1 for 10 slices
PID	STATE		PRI	TOTAL	SYSCALL	EXECUTE	EXTRA
1	RUNNING		0	9	4	1	vruntime=5
2	EVENT 1		0	8	1	0	vruntime=2
3	EVENT 2		0	7	1	0	vruntime=2
4	EVENT 3		0	6	1	0	vruntime=2
5	EVENT 3		0	5	1	0	vruntime=2
Syscall Signal(1), remaining 0 -> Success


===== Iteration: 11 =====
Run 2 for 5 slices
PID	STATE		PRI	TOTAL	SYSCALL	EXECUTE	EXTRA
1	READY		0	19	5	10	vruntime=15
2	RUNNING		0	18	1	0	vruntime=2
3	EVENT 2		0	17	1	0	vruntime=2
4	EVENT 3		0	16	1	0	vruntime=2
5	EVENT 3		0	15	1	0	vruntime=2
Syscall Signal(2), remaining 4 -> Success


===== Iteration: 12 =====
Run 2 for 3 slices
PID	STATE		PRI	TOTAL	SYSCALL	EXECUTE	EXTRA
1	READY		0	20	5	10	vruntime=15
2	RUNNING		0	19	2	0	vruntime=3
3	READY		0	18	1	0	vruntime=2
4	EVENT 3		0	17	1	0	vruntime=2
5	EVENT 3		0	16	1	0	vruntime=2
Syscall Exit, remaining 2 -> Success


===== Iteration: 13 =====
Run 3 for 5 slices
PID	STATE		PRI	TOTAL	SYSCALL	EXECUTE	EXTRA
1	READY		0	21	5	10	vruntime=15
3	RUNNING		0	19	1	0	vruntime=2
4	EVENT 3		0	18	1	0	vruntime=2
5	EVENT 3		0	17	1	0	vruntime=2
Syscall Signal(3), remaining 4 -> Success


===== Iteration: 14 =====
Run 3 for 2 slices
PID	STATE		PRI	TOTAL	SYSCALL	EXECUTE	EXTRA
1	READY		0	22	5	10	vruntime=15
3	RUNNING		0	20	2	0	vruntime=3
4	READY		0	19	1	0	vruntime=2
5	READY		0	18	1	0	vruntime=2
Syscall Exit, remaining 1 -> Success


===== Iteration: 15 =====
Run 4 for 3 slices
PID	STATE		PRI	TOTAL	SYSCALL	EXECUTE	EXTRA
1	READY		0	23	5	10	vruntime=15
4	RUNNING		0	20	1	0	vruntime=2
5	READY		0	19	1	0	vruntime=2
Syscall Exit, remaining 2 -> Success


===== Iteration: 16 =====
Run 5 for 5 slices
PID	STATE		PRI	TOTAL	SYSCALL	EXECUTE	EXTRA
1	READY		0	24	5	10	vruntime=15
5	RUNNING		0	20	1	0	vruntime=2
Syscall Exit, remaining 4 -> Success


===== Iteration: 17 =====
Run 1 for 10 slices
PID	STATE		PRI	TOTAL	SYSCALL	EXECUTE	EXTRA
1	RUNNING		0	25	5	10	vruntime=15
Syscall Sleep(10), remaining 9 -> Success


===== Iteration: 18 =====
Sleep for 10 slices
PID	STATE		PRI	TOTAL	SYSCALL	EXECUTE	EXTRA
1	SLEEP		0	26	6	10	vruntime=16


===== Iteration: 19 =====
Run 1 for 10 slices
PID	STATE		PRI	TOTAL	SYSCALL	EXECUTE	EXTRA
1	RUNNING		0	36	6	10	vruntime=16
Syscall Exit, remaining 9 -> Success


===== Iteration: 20 =====
Done, no more processes
PID	STATE		PRI	TOTAL	SYSCALL	EXECUTE	EXTRA


