===== Iteration: 1 =====
Run 1 for 18 slices
PID	STATE		PRI	TOTAL	SYSCALL	EXECUTE	EXTRA
1	RUNNING		0	0	0	0	vruntime=0
Syscall Fork(0), remaining 17 -> Pid(2)


===== Iteration: 2 =====
Run 1 for 9 slices
PID	STATE		PRI	TOTAL	SYSCALL	EXECUTE	EXTRA
1	RUNNING		0	1	1	0	vruntime=1
2	READY		0	0	0	0	vruntime=1
Syscall Signal(1), remaining 3 -> Success


===== Iteration: 3 =====
Run 1 for 3 slices
PID	STATE		PRI	TOTAL	SYSCALL	EXECUTE	EXTRA
1	RUNNING		0	7	2	5	vruntime=7
2	READY		0	6	0	0	vruntime=1
Syscall Sleep(10), remaining 2 -> Success


===== Iteration: 4 =====
Run 2 for 18 slices
PID	STATE		PRI	TOTAL	SYSCALL	EXECUTE	EXTRA
1	SLEEP		0	8	3	5	vruntime=8
2	RUNNING		0	7	0	0	vruntime=1
Syscall Wait(1), remaining 17 -> Success


===== Iteration: 5 =====
Sleep for 9 slices
PID	STATE		PRI	TOTAL	SYSCALL	EXECUTE	EXTRA
1	SLEEP		0	9	3	5	vruntime=8
2	EVENT 1		0	8	1	0	vruntime=2


===== Iteration: 6 =====
Run 1 for 18 slices
PID	STATE		PRI	TOTAL	SYSCALL	EXECUTE	EXTRA
1	RUNNING		0	18	3	5	vruntime=8
2	EVENT 1		0	17	1	0	vruntime=2
Syscall Exit, remaining 17 -> Success


===== Iteration: 7 =====
Panic, process 1 has stopped
PID	STATE		PRI	TOTAL	SYSCALL	EXECUTE	EXTRA
2	EVENT 1		0	18	1	0	vruntime=2


