===== Iteration: 1 =====
Run 1 for 10 slices
PID	STATE		PRI	TOTAL	SYSCALL	EXECUTE	EXTRA
1	RUNNING		0	0	0	0	vruntime=0
Syscall Fork(0), remaining 9 -> Pid(2)


===== Iteration: 2 =====
Run 1 for 5 slices
PID	STATE		PRI	TOTAL	SYSCALL	EXECUTE	EXTRA
1	RUNNING		0	1	1	0	vruntime=1
2	READY		0	0	0	0	vruntime=1
Syscall Fork(0), remaining 4 -> Pid(3)


===== Iteration: 3 =====
Run 1 for 3 slices
PID	STATE		PRI	TOTAL	SYSCALL	EXECUTE	EXTRA
1	RUNNING		0	2	2	0	vruntime=2
2	READY		0	1	0	0	vruntime=1
3	READY		0	0	0	0	vruntime=1
Syscall Fork(0), remaining 2 -> Pid(4)


===== Iteration: 4 =====
Run 1 for 2 slices
PID	STATE		PRI	TOTAL	SYSCALL	EXECUTE	EXTRA
1	RUNNING		0	3	3	0	vruntime=3
2	READY		0	2	0	0	vruntime=1
3	READY		0	1	0	0	vruntime=1
4	READY		0	0	0	0	vruntime=1
Expired -> Success


===== Iteration: 5 =====
Run 2 for 2 slices
PID	STATE		PRI	TOTAL	SYSCALL	EXECUTE	EXTRA
1	READY		0	5	3	2	vruntime=5
2	RUNNING		0	4	0	0	vruntime=1
3	READY		0	3	0	0	vruntime=1
4	READY		0	2	0	0	vruntime=1
Syscall Wait(1), remaining 1 -> Success


===== Iteration: 6 =====
Run 3 for 3 slices
PID	STATE		PRI	TOTAL	SYSCALL	EXECUTE	EXTRA
1	READY		0	6	3	2	vruntime=5
2	EVENT 1		0	5	1	0	vruntime=2
3	RUNNING		0	4	0	0	vruntime=1
4	READY		0	3	0	0	vruntime=1
Syscall Wait(1), remaining 2 -> Success


===== Iteration: 7 =====
Run 4 for 5 slices
PID	STATE		PRI	TOTAL	SYSCALL	EXECUTE	EXTRA
1	READY		0	7	3	2	vruntime=5
2	EVENT 1		0	6	1	0	vruntime=2
3	EVENT 1		0	5	1	0	vruntime=2
4	RUNNING		0	4	0	0	vruntime=1
Syscall Wait(2), remaining 4 -> Success


===== Iteration: 8 =====
Run 1 for 10 slices
PID	STATE		PRI	TOTAL	SYSCALL	EXECUTE	EXTRA
1	RUNNING		0	8	3	2	vruntime=5
2	EVENT 1		0	7	1	0	vruntime=2
3	EVENT 1		0	6	1	0	vruntime=2
4	EVENT 2		0	5	1	0	vruntime=2
Syscall Signal(1), remaining 1 -> Success


===== Iteration: 9 =====
Run 1 for 1 slices
PID	STATE		PRI	TOTAL	SYSCALL	EXECUTE	EXTRA
1	RUNNING		0	17	4	10	vruntime=14
2	READY		0	16	1	0	vruntime=2
3	READY		0	15	1	0	vruntime=2
4	EVENT 2		0	14	1	0	vruntime=2
Syscall Signal(2), remaining 0 -> Success


===== Iteration: 10 =====
Run 2 for 2 slices
PID	STATE		PRI	TOTAL	SYSCALL	EXECUTE	EXTRA
1	READY		0	18	5	10	vruntime=15
2	RUNNING		0	17	1	0	vruntime=2
3	READY		0	16	1	0	vruntime=2
4	READY		0	15	1	0	vruntime=2
Syscall Exit, remaining 1 -> Success


===== Iteration: 11 =====
Run 3 for 3 slices
PID	STATE		PRI	TOTAL	SYSCALL	EXECUTE	EXTRA
1	READY		0	19	5	10	vruntime=15
3	RUNNING		0	17	1	0	vruntime=2
4	READY		0	16	1	0	vruntime=2
Syscall Exit, remaining 2 -> Success


===== Iteration: 12 =====
Run 4 for 5 slices
PID	STATE		PRI	TOTAL	SYSCALL	EXECUTE	EXTRA
1	READY		0	20	5	10	vruntime=15
4	RUNNING		0	17	1	0	vruntime=2
Syscall Exit, remaining 4 -> Success


===== Iteration: 13 =====
Run 1 for 10 slices
PID	STATE		PRI	TOTAL	SYSCALL	EXECUTE	EXTRA
1	RUNNING		0	21	5	10	vruntime=15
Syscall Sleep(10), remaining 9 -> Success


===== Iteration: 14 =====
Sleep for 10 slices
PID	STATE		PRI	TOTAL	SYSCALL	EXECUTE	EXTRA
1	SLEEP		0	22	6	10	vruntime=16


===== Iteration: 15 =====
Run 1 for 10 slices
PID	STATE		PRI	TOTAL	SYSCALL	EXECUTE	EXTRA
1	RUNNING		0	32	6	10	vruntime=16
Syscall Exit, remaining 9 -> Success


===== Iteration: 16 =====
Done, no more processes
PID	STATE		PRI	TOTAL	SYSCALL	EXECUTE	EXTRA


