===== Iteration: 1 =====
Run 1 for 3 slices
PID	STATE		PRI	TOTAL	SYSCALL	EXECUTE	EXTRA
1	RUNNING		0	0	0	0	
Syscall Fork(0), remaining 2 -> Pid(2)


===== Iteration: 2 =====
Run 1 for 2 slices
PID	STATE		PRI	TOTAL	SYSCALL	EXECUTE	EXTRA
1	RUNNING		0	1	1	0	
2	READY		0	0	0	0	
Syscall Fork(0), remaining 1 -> Pid(3)


===== Iteration: 3 =====
Run 1 for 1 slices
PID	STATE		PRI	TOTAL	SYSCALL	EXECUTE	EXTRA
1	RUNNING		0	2	2	0	
2	READY		0	1	0	0	
3	READY		0	0	0	0	
Syscall Fork(0), remaining 0 -> Pid(4)


===== Iteration: 4 =====
Run 2 for 3 slices
PID	STATE		PRI	TOTAL	SYSCALL	EXECUTE	EXTRA
1	READY		0	3	3	0	
2	RUNNING		0	2	0	0	
3	READY		0	1	0	0	
4	READY		0	0	0	0	
Syscall Wait(1), remaining 2 -> Success


===== Iteration: 5 =====
Run 3 for 3 slices
PID	STATE		PRI	TOTAL	SYSCALL	EXECUTE	EXTRA
1	READY		0	4	3	0	
2	EVENT 1		0	3	1	0	
3	RUNNING		0	2	0	0	
4	READY		0	1	0	0	
Syscall Wait(2), remaining 2 -> Success


===== Iteration: 6 =====
Run 4 for 3 slices
PID	STATE		PRI	TOTAL	SYSCALL	EXECUTE	EXTRA
1	READY		0	5	3	0	
2	EVENT 1		0	4	1	0	
3	EVENT 2		0	3	1	0	
4	RUNNING		0	2	0	0	
Syscall Wait(3), remaining 2 -> Success


===== Iteration: 7 =====
Run 1 for 3 slices
PID	STATE		PRI	TOTAL	SYSCALL	EXECUTE	EXTRA
1	RUNNING		0	6	3	0	
2	EVENT 1		0	5	1	0	
3	EVENT 2		0	4	1	0	
4	EVENT 3		0	3	1	0	
Syscall Fork(0), remaining 2 -> Pid(5)


===== Iteration: 8 =====
Run 1 for 2 slices
PID	STATE		PRI	TOTAL	SYSCALL	EXECUTE	EXTRA
1	RUNNING		0	7	4	0	
2	EVENT 1		0	6	1	0	
3	EVENT 2		0	5	1	0	
4	EVENT 3		0	4	1	0	
5	READY		0	0	0	0	
Expired -> Success


===== Iteration: 9 =====
Run 5 for 3 slices
PID	STATE		PRI	TOTAL	SYSCALL	EXECUTE	EXTRA
1	READY		0	9	4	2	
2	EVENT 1		0	8	1	0	
3	EVENT 2		0	7	1	0	
4	EVENT 3		0	6	1	0	
5	RUNNING		0	2	0	0	
Syscall Wait(3), remaining 2 -> Success


===== Iteration: 10 =====
Run 1 for 3 slices
PID	STATE		PRI	TOTAL	SYSCALL	EXECUTE	EXTRA
1	RUNNING		0	10	4	2	
2	EVENT 1		0	9	1	0	
3	EVENT 2		0	8	1	0	
4	EVENT 3		0	7	1	0	
5	EVENT 3		0	3	1	0	
Expired -> Success


===== Iteration: 11 =====
Run 1 for 3 slices
PID	STATE		PRI	TOTAL	SYSCALL	EXECUTE	EXTRA
1	RUNNING		0	13	4	5	
2	EVENT 1		0	12	1	0	
3	EVENT 2		0	11	1	0	
4	EVENT 3		0	10	1	0	
5	EVENT 3		0	6	1	0	
Expired -> Success


===== Iteration: 12 =====
Run 1 for 3 slices
PID	STATE		PRI	TOTAL	SYSCALL	EXECUTE	EXTRA
1	RUNNING		0	16	4	8	
2	EVENT 1		0	15	1	0	
3	EVENT 2		0	14	1	0	
4	EVENT 3		0	13	1	0	
5	EVENT 3		0	9	1	0	
Syscall Signal(1), remaining 0 -> Success


===== Iteration: 13 =====
Run 2 for 3 slices
PID	STATE		PRI	TOTAL	SYSCALL	EXECUTE	EXTRA
1	READY		0	19	5	10	
2	RUNNING		0	18	1	0	
3	EVENT 2		0	17	1	0	
4	EVENT 3		0	16	1	0	
5	EVENT 3		0	12	1	0	
Syscall Signal(2), remaining 2 -> Success


===== Iteration: 14 =====
Run 2 for 2 slices
PID	STATE		PRI	TOTAL	SYSCALL	EXECUTE	EXTRA
1	READY		0	20	5	10	
2	RUNNING		0	19	2	0	
3	READY		0	18	1	0	
4	EVENT 3		0	17	1	0	
5	EVENT 3		0	13	1	0	
Syscall Exit, remaining 1 -> Success


===== Iteration: 15 =====
Run 1 for 3 slices
PID	STATE		PRI	TOTAL	SYSCALL	EXECUTE	EXTRA
1	RUNNING		0	21	5	10	
3	READY		0	19	1	0	
4	EVENT 3		0	18	1	0	
5	EVENT 3		0	14	1	0	
Syscall Sleep(10), remaining 2 -> Success


===== Iteration: 16 =====
Run 3 for 3 slices
PID	STATE		PRI	TOTAL	SYSCALL	EXECUTE	EXTRA
1	SLEEP		0	22	6	10	
3	RUNNING		0	20	1	0	
4	EVENT 3		0	19	1	0	
5	EVENT 3		0	15	1	0	
Syscall Signal(3), remaining 2 -> Success


===== Iteration: 17 =====
Run 3 for 2 slices
PID	STATE		PRI	TOTAL	SYSCALL	EXECUTE	EXTRA
1	SLEEP		0	23	6	10	
3	RUNNING		0	21	2	0	
4	READY		0	20	1	0	
5	READY		0	16	1	0	
Syscall Exit, remaining 1 -> Success


===== Iteration: 18 =====
Run 4 for 3 slices
PID	STATE		PRI	TOTAL	SYSCALL	EXECUTE	EXTRA
1	SLEEP		0	24	6	10	
4	RUNNING		0	21	1	0	
5	READY		0	17	1	0	
Syscall Exit, remaining 2 -> Success


===== Iteration: 19 =====
Run 5 for 3 slices
PID	STATE		PRI	TOTAL	SYSCALL	EXECUTE	EXTRA
1	SLEEP		0	25	6	10	
5	RUNNING		0	18	1	0	
Syscall Exit, remaining 2 -> Success


===== Iteration: 20 =====
Sleep for 6 slices
PID	STATE		PRI	TOTAL	SYSCALL	EXECUTE	EXTRA
1	SLEEP		0	26	6	10	


===== Iteration: 21 =====
Run 1 for 3 slices
PID	STATE		PRI	TOTAL	SYSCALL	EXECUTE	EXTRA
1	RUNNING		0	32	6	10	
Syscall Exit, remaining 2 -> Success


===== Iteration: 22 =====
Done, no more processes
PID	STATE		PRI	TOTAL	SYSCALL	EXECUTE	EXTRA


