===== Iteration: 1 =====
Run 1 for 3 slices
PID	STATE		PRI	TOTAL	SYSCALL	EXECUTE	EXTRA
1	RUNNING		0	0	0	0	
Syscall Fork(0), remaining 2 -> Pid(2)


===== Iteration: 2 =====
Run 2 for 3 slices
PID	STATE		PRI	TOTAL	SYSCALL	EXECUTE	EXTRA
1	READY		0	1	1	0	
2	RUNNING		0	0	0	0	
Syscall Wait(1), remaining 2 -> Success


===== Iteration: 3 =====
Run 1 for 3 slices
PID	STATE		PRI	TOTAL	SYSCALL	EXECUTE	EXTRA
1	RUNNING		0	2	1	0	
2	EVENT 1		0	1	1	0	
Expired -> Success


===== Iteration: 4 =====
Run 1 for 3 slices
PID	STATE		PRI	TOTAL	SYSCALL	EXECUTE	EXTRA
1	RUNNING		0	5	1	3	
2	EVENT 1		0	4	1	0	
Syscall Signal(1), remaining 0 -> Success


===== Iteration: 5 =====
Run 2 for 3 slices
PID	STATE		PRI	TOTAL	SYSCALL	EXECUTE	EXTRA
1	READY		0	8	2	5	
2	RUNNING		0	7	1	0	
Expired -> Success


===== Iteration: 6 =====
Run 1 for 3 slices
PID	STATE		PRI	TOTAL	SYSCALL	EXECUTE	EXTRA
1	RUNNING		0	11	2	5	
2	READY		0	10	1	3	
Syscall Sleep(10), remaining 2 -> Success


===== Iteration: 7 =====
Run 2 for 3 slices
PID	STATE		PRI	TOTAL	SYSCALL	EXECUTE	EXTRA
1	SLEEP		0	12	3	5	
2	RUNNING		0	11	1	3	
Syscall Exit, remaining 0 -> Success


===== Iteration: 8 =====
Sleep for 7 slices
PID	STATE		PRI	TOTAL	SYSCALL	EXECUTE	EXTRA
1	SLEEP		0	15	3	5	


===== Iteration: 9 =====
Run 1 for 3 slices
PID	STATE		PRI	TOTAL	SYSCALL	EXECUTE	EXTRA
1	RUNNING		0	22	3	5	
Syscall Exit, remaining 2 -> Success


===== Iteration: 10 =====
Done, no more processes
PID	STATE		PRI	TOTAL	SYSCALL	EXECUTE	EXTRA


