===== Iteration: 1 =====
Run 1 for 3 slices
PID	STATE		PRI	TOTAL	SYSCALL	EXECUTE	EXTRA
1	RUNNING		0	0	0	0	
Syscall Fork(0), remaining 2 -> Pid(2)


===== Iteration: 2 =====
Run 2 for 3 slices
PID	STATE		PRI	TOTAL	SYSCALL	EXECUTE	EXTRA
1	READY		0	1	1	0	
2	RUNNING		0	0	0	0	
Syscall Wait(1), remaining 2 -> Success


===== Iteration: 3 =====
Run 1 for 3 slices
PID	STATE		PRI	TOTAL	SYSCALL	EXECUTE	EXTRA
1	RUNNING		0	2	1	0	
2	EVENT 1		0	1	1	0	
Syscall Fork(0), remaining 2 -> Pid(3)


===== Iteration: 4 =====
Run 3 for 3 slices
PID	STATE		PRI	TOTAL	SYSCALL	EXECUTE	EXTRA
1	READY		0	3	2	0	
2	EVENT 1		0	2	1	0	
3	RUNNING		0	0	0	0	
Syscall Wait(1), remaining 2 -> Success


===== Iteration: 5 =====
Run 1 for 3 slices
PID	STATE		PRI	TOTAL	SYSCALL	EXECUTE	EXTRA
1	RUNNING		0	4	2	0	
2	EVENT 1		0	3	1	0	
3	EVENT 1		0	1	1	0	
Syscall Fork(0), remaining 2 -> Pid(4)


===== Iteration: 6 =====
Run 4 for 3 slices
PID	STATE		PRI	TOTAL	SYSCALL	EXECUTE	EXTRA
1	READY		0	5	3	0	
2	EVENT 1		0	4	1	0	
3	EVENT 1		0	2	1	0	
4	RUNNING		0	0	0	0	
Syscall Wait(2), remaining 2 -> Success


===== Iteration: 7 =====
Run 1 for 3 slices
PID	STATE		PRI	TOTAL	SYSCALL	EXECUTE	EXTRA
1	RUNNING		0	6	3	0	
2	EVENT 1		0	5	1	0	
3	EVENT 1		0	3	1	0	
4	EVENT 2		0	1	1	0	
Expired -> Success


===== Iteration: 8 =====
Run 1 for 3 slices
PID	STATE		PRI	TOTAL	SYSCALL	EXECUTE	EXTRA
1	RUNNING		0	9	3	3	
2	EVENT 1		0	8	1	0	
3	EVENT 1		0	6	1	0	
4	EVENT 2		0	4	1	0	
Expired -> Success


===== Iteration: 9 =====
Run 1 for 3 slices
PID	STATE		PRI	TOTAL	SYSCALL	EXECUTE	EXTRA
1	RUNNING		0	12	3	6	
2	EVENT 1		0	11	1	0	
3	EVENT 1		0	9	1	0	
4	EVENT 2		0	7	1	0	
Expired -> Success


===== Iteration: 10 =====
Run 1 for 3 slices
PID	STATE		PRI	TOTAL	SYSCALL	EXECUTE	EXTRA
1	RUNNING		0	15	3	9	
2	EVENT 1		0	14	1	0	
3	EVENT 1		0	12	1	0	
4	EVENT 2		0	10	1	0	
Syscall Signal(1), remaining 1 -> Success


===== Iteration: 11 =====
Run 2 for 3 slices
PID	STATE		PRI	TOTAL	SYSCALL	EXECUTE	EXTRA
1	READY		0	17	4	10	
2	RUNNING		0	16	1	0	
3	READY		0	14	1	0	
4	EVENT 2		0	12	1	0	
Syscall Exit, remaining 2 -> Success


===== Iteration: 12 =====
Run 3 for 3 slices
PID	STATE		PRI	TOTAL	SYSCALL	EXECUTE	EXTRA
1	READY		0	18	4	10	
3	RUNNING		0	15	1	0	
4	EVENT 2		0	13	1	0	
Syscall Exit, remaining 2 -> Success


===== Iteration: 13 =====
Run 1 for 3 slices
PID	STATE		PRI	TOTAL	SYSCALL	EXECUTE	EXTRA
1	RUNNING		0	19	4	10	
4	EVENT 2		0	14	1	0	
Syscall Signal(2), remaining 2 -> Success


===== Iteration: 14 =====
Run 4 for 3 slices
PID	STATE		PRI	TOTAL	SYSCALL	EXECUTE	EXTRA
1	READY		0	20	5	10	
4	RUNNING		0	15	1	0	
Syscall Exit, remaining 2 -> Success


===== Iteration: 15 =====
Run 1 for 3 slices
PID	STATE		PRI	TOTAL	SYSCALL	EXECUTE	EXTRA
1	RUNNING		0	21	5	10	
Syscall Sleep(10), remaining 2 -> Success


===== Iteration: 16 =====
Sleep for 10 slices
PID	STATE		PRI	TOTAL	SYSCALL	EXECUTE	EXTRA
1	SLEEP		0	22	6	10	


===== Iteration: 17 =====
Run 1 for 3 slices
PID	STATE		PRI	TOTAL	SYSCALL	EXECUTE	EXTRA
1	RUNNING		0	32	6	10	
Syscall Exit, remaining 2 -> Success


===== Iteration: 18 =====
Done, no more processes
PID	STATE		PRI	TOTAL	SYSCALL	EXECUTE	EXTRA


