===== Iteration: 1 =====
Run 1 for 5 slices
PID	STATE		PRI	TOTAL	SYSCALL	EXECUTE	EXTRA
1	RUNNING		0	0	0	0	
Syscall Fork(0), remaining 4 -> Pid(2)


===== Iteration: 2 =====
Run 1 for 4 slices
PID	STATE		PRI	TOTAL	SYSCALL	EXECUTE	EXTRA
1	RUNNING		0	1	1	0	
2	READY		0	0	0	0	
Syscall Fork(0), remaining 3 -> Pid(3)


===== Iteration: 3 =====
Run 1 for 3 slices
PID	STATE		PRI	TOTAL	SYSCALL	EXECUTE	EXTRA
1	RUNNING		0	2	2	0	
2	READY		0	1	0	0	
3	READY		0	0	0	0	
Syscall Fork(0), remaining 2 -> Pid(4)


===== Iteration: 4 =====
Run 1 for 2 slices
PID	STATE		PRI	TOTAL	SYSCALL	EXECUTE	EXTRA
1	RUNNING		0	3	3	0	
2	READY		0	2	0	0	
3	READY		0	1	0	0	
4	READY		0	0	0	0	
Expired -> Success


===== Iteration: 5 =====
Run 2 for 5 slices
PID	STATE		PRI	TOTAL	SYSCALL	EXECUTE	EXTRA
1	READY		0	5	3	2	
2	RUNNING		0	4	0	0	
3	READY		0	3	0	0	
4	READY		0	2	0	0	
Syscall Wait(1), remaining 4 -> Success


===== Iteration: 6 =====
Run 3 for 5 slices
PID	STATE		PRI	TOTAL	SYSCALL	EXECUTE	EXTRA
1	READY		0	6	3	2	
2	EVENT 1		0	5	1	0	
3	RUNNING		0	4	0	0	
4	READY		0	3	0	0	
Syscall Wait(1), remaining 4 -> Success


===== Iteration: 7 =====
Run 4 for 5 slices
PID	STATE		PRI	TOTAL	SYSCALL	EXECUTE	EXTRA
1	READY		0	7	3	2	
2	EVENT 1		0	6	1	0	
3	EVENT 1		0	5	1	0	
4	RUNNING		0	4	0	0	
Syscall Wait(2), remaining 4 -> Success


===== Iteration: 8 =====
Run 1 for 5 slices
PID	STATE		PRI	TOTAL	SYSCALL	EXECUTE	EXTRA
1	RUNNING		0	8	3	2	
2	EVENT 1		0	7	1	0	
3	EVENT 1		0	6	1	0	
4	EVENT 2		0	5	1	0	
Expired -> Success


===== Iteration: 9 =====
Run 1 for 5 slices
PID	STATE		PRI	TOTAL	SYSCALL	EXECUTE	EXTRA
1	RUNNING		0	13	3	7	
2	EVENT 1		0	12	1	0	
3	EVENT 1		0	11	1	0	
4	EVENT 2		0	10	1	0	
Syscall Signal(1), remaining 1 -> Success


===== Iteration: 10 =====
Run 2 for 5 slices
PID	STATE		PRI	TOTAL	SYSCALL	EXECUTE	EXTRA
1	READY		0	17	4	10	
2	RUNNING		0	16	1	0	
3	READY		0	15	1	0	
4	EVENT 2		0	14	1	0	
Syscall Exit, remaining 4 -> Success


===== Iteration: 11 =====
Run 3 for 5 slices
PID	STATE		PRI	TOTAL	SYSCALL	EXECUTE	EXTRA
1	READY		0	18	4	10	
3	RUNNING		0	16	1	0	
4	EVENT 2		0	15	1	0	
Syscall Exit, remaining 4 -> Success


===== Iteration: 12 =====
Run 1 for 5 slices
PID	STATE		PRI	TOTAL	SYSCALL	EXECUTE	EXTRA
1	RUNNING		0	19	4	10	
4	EVENT 2		0	16	1	0	
Syscall Signal(2), remaining 4 -> Success


===== Iteration: 13 =====
Run 1 for 4 slices
PID	STATE		PRI	TOTAL	SYSCALL	EXECUTE	EXTRA
1	RUNNING		0	20	5	10	
4	READY		0	17	1	0	
Syscall Sleep(10), remaining 3 -> Success


===== Iteration: 14 =====
Run 4 for 5 slices
PID	STATE		PRI	TOTAL	SYSCALL	EXECUTE	EXTRA
1	SLEEP		0	21	6	10	
4	RUNNING		0	18	1	0	
Syscall Exit, remaining 4 -> Success


===== Iteration: 15 =====
Sleep for 9 slices
PID	STATE		PRI	TOTAL	SYSCALL	EXECUTE	EXTRA
1	SLEEP		0	22	6	10	


===== Iteration: 16 =====
Run 1 for 5 slices
PID	STATE		PRI	TOTAL	SYSCALL	EXECUTE	EXTRA
1	RUNNING		0	31	6	10	
Syscall Exit, remaining 4 -> Success


===== Iteration: 17 =====
Done, no more processes
PID	STATE		PRI	TOTAL	SYSCALL	EXECUTE	EXTRA


