===== Iteration: 1 =====
Run 1 for 5 slices
PID	STATE		TOTAL	SYSCALL	EXECUTE
1	RUNNING		0	0	0
Syscall Fork(0), remaining 4 -> Pid(Pid(2))


===== Iteration: 2 =====
Run 1 for 4 slices
PID	STATE		TOTAL	SYSCALL	EXECUTE
1	RUNNING		1	1	1
2	READY		0	0	0
Syscall Signal(2), remaining 3 -> Success


===== Iteration: 3 =====
Run 1 for 3 slices
PID	STATE		TOTAL	SYSCALL	EXECUTE
1	RUNNING		2	2	2
2	READY		1	0	0
Syscall Wait(2), remaining 2 -> Success


===== Iteration: 4 =====
Run 2 for 5 slices
PID	STATE		TOTAL	SYSCALL	EXECUTE
1	EVENT 2		3	3	3
2	RUNNING		2	0	0
Expired -> Success


===== Iteration: 5 =====
Run 2 for 5 slices
PID	STATE		TOTAL	SYSCALL	EXECUTE
1	EVENT 2		8	3	3
2	RUNNING		7	0	5
Syscall Wait(2), remaining 4 -> Success


===== Iteration: 6 =====
Deadlock, unable to schedule anymore processes
PID	STATE		TOTAL	SYSCALL	EXECUTE
1	EVENT 2		9	3	3
2	EVENT 2		8	1	6


