===== Iteration: 1 =====
Run 1 for 3 slices
PID	STATE		TOTAL	SYSCALL	EXECUTE
1	RUNNING		0	0	0
Syscall Fork(0), remaining 2 -> Pid(Pid(2))


===== Iteration: 2 =====
Run 2 for 3 slices
PID	STATE		TOTAL	SYSCALL	EXECUTE
1	READY		1	1	1
2	RUNNING		0	0	0
Expired -> Success


===== Iteration: 3 =====
Run 1 for 3 slices
PID	STATE		TOTAL	SYSCALL	EXECUTE
1	RUNNING		4	1	1
2	READY		3	0	3
Syscall Signal(2), remaining 2 -> Success


===== Iteration: 4 =====
Run 2 for 3 slices
PID	STATE		TOTAL	SYSCALL	EXECUTE
1	READY		5	2	2
2	RUNNING		4	0	3
Syscall Wait(2), remaining 0 -> Success


===== Iteration: 5 =====
Run 1 for 3 slices
PID	STATE		TOTAL	SYSCALL	EXECUTE
1	RUNNING		8	2	2
2	EVENT 2		7	1	6
Syscall Wait(2), remaining 2 -> Success


===== Iteration: 6 =====
Deadlock, unable to schedule anymore processes
PID	STATE		TOTAL	SYSCALL	EXECUTE
1	EVENT 2		9	3	3
2	EVENT 2		8	1	6


