===== Iteration: 1 =====
Run 1 for 5 slices
PID	STATE		TOTAL	SYSCALL	EXECUTE
1	RUNNING		0	0	0
Syscall Fork(0), remaining 4 -> Pid(Pid(2))


===== Iteration: 2 =====
Run 1 for 4 slices
PID	STATE		TOTAL	SYSCALL	EXECUTE
1	RUNNING		1	1	1
2	READY		0	0	0
Syscall Sleep(10), remaining 3 -> Success


===== Iteration: 3 =====
Run 2 for 5 slices
PID	STATE		TOTAL	SYSCALL	EXECUTE
1	SLEEP		2	2	2
2	RUNNING		1	0	0
Expired -> Success


===== Iteration: 4 =====
Run 2 for 5 slices
PID	STATE		TOTAL	SYSCALL	EXECUTE
1	SLEEP		7	2	2
2	RUNNING		6	0	5
Syscall Wait(2), remaining 4 -> Success


===== Iteration: 5 =====
Sleep for 4 slices
PID	STATE		TOTAL	SYSCALL	EXECUTE
1	SLEEP		8	2	2
2	EVENT 2		7	1	6


===== Iteration: 6 =====
Run 1 for 5 slices
PID	STATE		TOTAL	SYSCALL	EXECUTE
1	RUNNING		12	2	2
2	EVENT 2		11	1	6
Syscall Wait(1), remaining 4 -> Success


===== Iteration: 7 =====
Deadlock, unable to schedule anymore processes
PID	STATE		TOTAL	SYSCALL	EXECUTE
1	EVENT 1		13	3	3
2	EVENT 2		12	1	6


