===== Iteration: 1 =====
Run 1 for 5 slices
PID	STATE		TOTAL	SYSCALL	EXECUTE
1	RUNNING		0	0	0
Syscall Fork(0), remaining 4 -> Pid(Pid(2))


===== Iteration: 2 =====
Run 1 for 4 slices
PID	STATE		TOTAL	SYSCALL	EXECUTE
1	RUNNING		1	1	1
2	READY		0	0	0
Syscall Fork(0), remaining 3 -> Pid(Pid(3))


===== Iteration: 3 =====
Run 1 for 3 slices
PID	STATE		TOTAL	SYSCALL	EXECUTE
1	RUNNING		2	2	2
2	READY		1	0	0
3	READY		0	0	0
Syscall Fork(0), remaining 2 -> Pid(Pid(4))


===== Iteration: 4 =====
Run 1 for 2 slices
PID	STATE		TOTAL	SYSCALL	EXECUTE
1	RUNNING		3	3	3
2	READY		2	0	0
3	READY		1	0	0
4	READY		0	0	0
Syscall Sleep(10), remaining 1 -> Success


===== Iteration: 5 =====
Run 2 for 5 slices
PID	STATE		TOTAL	SYSCALL	EXECUTE
1	SLEEP		4	4	4
2	RUNNING		3	0	0
3	READY		2	0	0
4	READY		1	0	0
Expired -> Success


===== Iteration: 6 =====
Run 3 for 5 slices
PID	STATE		TOTAL	SYSCALL	EXECUTE
1	SLEEP		9	4	4
2	READY		8	0	5
3	RUNNING		7	0	0
4	READY		6	0	0
Expired -> Success


===== Iteration: 7 =====
Run 4 for 5 slices
PID	STATE		TOTAL	SYSCALL	EXECUTE
1	READY		14	4	4
2	READY		13	0	5
3	READY		12	0	5
4	RUNNING		11	0	0
Expired -> Success


===== Iteration: 8 =====
Run 1 for 5 slices
PID	STATE		TOTAL	SYSCALL	EXECUTE
1	RUNNING		19	4	4
2	READY		18	0	5
3	READY		17	0	5
4	READY		16	0	5
Syscall Signal(1), remaining 4 -> Success


===== Iteration: 9 =====
Run 1 for 4 slices
PID	STATE		TOTAL	SYSCALL	EXECUTE
1	RUNNING		20	5	5
2	READY		19	0	5
3	READY		18	0	5
4	READY		17	0	5
Syscall Wait(0), remaining 3 -> Success


===== Iteration: 10 =====
Run 2 for 5 slices
PID	STATE		TOTAL	SYSCALL	EXECUTE
1	EVENT 0		21	6	6
2	RUNNING		20	0	5
3	READY		19	0	5
4	READY		18	0	5
Syscall Wait(1), remaining 4 -> Success


===== Iteration: 11 =====
Run 3 for 5 slices
PID	STATE		TOTAL	SYSCALL	EXECUTE
1	EVENT 0		22	6	6
2	EVENT 1		21	1	6
3	RUNNING		20	0	5
4	READY		19	0	5
Syscall Wait(1), remaining 4 -> Success


===== Iteration: 12 =====
Run 4 for 5 slices
PID	STATE		TOTAL	SYSCALL	EXECUTE
1	EVENT 0		23	6	6
2	EVENT 1		22	1	6
3	EVENT 1		21	1	6
4	RUNNING		20	0	5
Syscall Wait(2), remaining 4 -> Success


===== Iteration: 13 =====
Deadlock, unable to schedule anymore processes
PID	STATE		TOTAL	SYSCALL	EXECUTE
1	EVENT 0		24	6	6
2	EVENT 1		23	1	6
3	EVENT 1		22	1	6
4	EVENT 2		21	1	6


