===== Iteration: 1 =====
Run 1 for 3 slices
PID	STATE		TOTAL	SYSCALL	EXECUTE
1	RUNNING		0	0	0
Syscall Fork(0), remaining 2 -> Pid(Pid(2))


===== Iteration: 2 =====
Run 1 for 2 slices
PID	STATE		TOTAL	SYSCALL	EXECUTE
1	RUNNING		1	1	1
2	READY		0	0	0
Syscall Fork(0), remaining 1 -> Pid(Pid(3))


===== Iteration: 3 =====
Run 1 for 1 slices
PID	STATE		TOTAL	SYSCALL	EXECUTE
1	RUNNING		2	2	2
2	READY		1	0	0
3	READY		0	0	0
Syscall Fork(0), remaining 0 -> Pid(Pid(4))


===== Iteration: 4 =====
Run 2 for 3 slices
PID	STATE		TOTAL	SYSCALL	EXECUTE
1	READY		3	3	3
2	RUNNING		2	0	0
3	READY		1	0	0
4	READY		0	0	0
Expired -> Success


===== Iteration: 5 =====
Run 3 for 3 slices
PID	STATE		TOTAL	SYSCALL	EXECUTE
1	READY		6	3	3
2	READY		5	0	3
3	RUNNING		4	0	0
4	READY		3	0	0
Expired -> Success


===== Iteration: 6 =====
Run 4 for 3 slices
PID	STATE		TOTAL	SYSCALL	EXECUTE
1	READY		9	3	3
2	READY		8	0	3
3	READY		7	0	3
4	RUNNING		6	0	0
Expired -> Success


===== Iteration: 7 =====
Run 1 for 3 slices
PID	STATE		TOTAL	SYSCALL	EXECUTE
1	RUNNING		12	3	3
2	READY		11	0	3
3	READY		10	0	3
4	READY		9	0	3
Syscall Sleep(10), remaining 2 -> Success


===== Iteration: 8 =====
Run 2 for 3 slices
PID	STATE		TOTAL	SYSCALL	EXECUTE
1	SLEEP		13	4	4
2	RUNNING		12	0	3
3	READY		11	0	3
4	READY		10	0	3
Syscall Wait(1), remaining 0 -> Success


===== Iteration: 9 =====
Run 3 for 3 slices
PID	STATE		TOTAL	SYSCALL	EXECUTE
1	SLEEP		16	4	4
2	EVENT 1		15	1	6
3	RUNNING		14	0	3
4	READY		13	0	3
Syscall Wait(1), remaining 0 -> Success


===== Iteration: 10 =====
Run 4 for 3 slices
PID	STATE		TOTAL	SYSCALL	EXECUTE
1	SLEEP		19	4	4
2	EVENT 1		18	1	6
3	EVENT 1		17	1	6
4	RUNNING		16	0	3
Syscall Wait(2), remaining 0 -> Success


===== Iteration: 11 =====
Sleep for 1 slices
PID	STATE		TOTAL	SYSCALL	EXECUTE
1	SLEEP		22	4	4
2	EVENT 1		21	1	6
3	EVENT 1		20	1	6
4	EVENT 2		19	1	6


===== Iteration: 12 =====
Run 1 for 3 slices
PID	STATE		TOTAL	SYSCALL	EXECUTE
1	RUNNING		23	4	4
2	EVENT 1		22	1	6
3	EVENT 1		21	1	6
4	EVENT 2		20	1	6
Syscall Signal(1), remaining 2 -> Success


===== Iteration: 13 =====
Run 1 for 2 slices
PID	STATE		TOTAL	SYSCALL	EXECUTE
1	RUNNING		24	5	5
2	READY		23	1	6
3	READY		22	1	6
4	EVENT 2		21	1	6
Syscall Wait(0), remaining 1 -> Success


===== Iteration: 14 =====
Run 2 for 3 slices
PID	STATE		TOTAL	SYSCALL	EXECUTE
1	EVENT 0		25	6	6
2	RUNNING		24	1	6
3	READY		23	1	6
4	EVENT 2		22	1	6
Syscall Exit, remaining 2 -> Success


===== Iteration: 15 =====
Run 3 for 3 slices
PID	STATE		TOTAL	SYSCALL	EXECUTE
1	EVENT 0		26	6	6
3	RUNNING		24	1	6
4	EVENT 2		23	1	6
Syscall Exit, remaining 2 -> Success


===== Iteration: 16 =====
Deadlock, unable to schedule anymore processes
PID	STATE		TOTAL	SYSCALL	EXECUTE
1	EVENT 0		27	6	6
4	EVENT 2		24	1	6


