===== Iteration: 1 =====
Run 1 for 3 slices
PID	STATE		TOTAL	SYSCALL	EXECUTE
1	RUNNING		0	0	0
Syscall Fork(0), remaining 2 -> Pid(Pid(2))


===== Iteration: 2 =====
Run 2 for 3 slices
PID	STATE		TOTAL	SYSCALL	EXECUTE
1	READY		1	1	1
2	RUNNING		0	0	0
Expired -> Success


===== Iteration: 3 =====
Run 1 for 3 slices
PID	STATE		TOTAL	SYSCALL	EXECUTE
1	RUNNING		4	1	1
2	READY		3	0	3
Syscall Fork(0), remaining 2 -> Pid(Pid(3))


===== Iteration: 4 =====
Run 2 for 3 slices
PID	STATE		TOTAL	SYSCALL	EXECUTE
1	READY		5	2	2
2	RUNNING		4	0	3
3	READY		0	0	0
Syscall Wait(1), remaining 0 -> Success


===== Iteration: 5 =====
Run 3 for 3 slices
PID	STATE		TOTAL	SYSCALL	EXECUTE
1	READY		8	2	2
2	EVENT 1		7	1	6
3	RUNNING		3	0	0
Expired -> Success


===== Iteration: 6 =====
Run 1 for 3 slices
PID	STATE		TOTAL	SYSCALL	EXECUTE
1	RUNNING		11	2	2
2	EVENT 1		10	1	6
3	READY		6	0	3
Syscall Fork(0), remaining 2 -> Pid(Pid(4))


===== Iteration: 7 =====
Run 3 for 3 slices
PID	STATE		TOTAL	SYSCALL	EXECUTE
1	READY		12	3	3
2	EVENT 1		11	1	6
3	RUNNING		7	0	3
4	READY		0	0	0
Syscall Wait(1), remaining 0 -> Success


===== Iteration: 8 =====
Run 4 for 3 slices
PID	STATE		TOTAL	SYSCALL	EXECUTE
1	READY		15	3	3
2	EVENT 1		14	1	6
3	EVENT 1		10	1	6
4	RUNNING		3	0	0
Expired -> Success


===== Iteration: 9 =====
Run 1 for 3 slices
PID	STATE		TOTAL	SYSCALL	EXECUTE
1	RUNNING		18	3	3
2	EVENT 1		17	1	6
3	EVENT 1		13	1	6
4	READY		6	0	3
Syscall Sleep(10), remaining 2 -> Success


===== Iteration: 10 =====
Run 4 for 3 slices
PID	STATE		TOTAL	SYSCALL	EXECUTE
1	SLEEP		19	4	4
2	EVENT 1		18	1	6
3	EVENT 1		14	1	6
4	RUNNING		7	0	3
Syscall Wait(2), remaining 0 -> Success


===== Iteration: 11 =====
Sleep for 7 slices
PID	STATE		TOTAL	SYSCALL	EXECUTE
1	SLEEP		22	4	4
2	EVENT 1		21	1	6
3	EVENT 1		17	1	6
4	EVENT 2		10	1	6


===== Iteration: 12 =====
Run 1 for 3 slices
PID	STATE		TOTAL	SYSCALL	EXECUTE
1	RUNNING		29	4	4
2	EVENT 1		28	1	6
3	EVENT 1		24	1	6
4	EVENT 2		17	1	6
Syscall Signal(1), remaining 2 -> Success


===== Iteration: 13 =====
Run 2 for 3 slices
PID	STATE		TOTAL	SYSCALL	EXECUTE
1	READY		30	5	5
2	RUNNING		29	1	6
3	READY		25	1	6
4	EVENT 2		18	1	6
Syscall Exit, remaining 2 -> Success


===== Iteration: 14 =====
Run 3 for 3 slices
PID	STATE		TOTAL	SYSCALL	EXECUTE
1	READY		31	5	5
3	RUNNING		26	1	6
4	EVENT 2		19	1	6
Syscall Exit, remaining 2 -> Success


===== Iteration: 15 =====
Run 1 for 3 slices
PID	STATE		TOTAL	SYSCALL	EXECUTE
1	RUNNING		32	5	5
4	EVENT 2		20	1	6
Syscall Wait(0), remaining 2 -> Success


===== Iteration: 16 =====
Deadlock, unable to schedule anymore processes
PID	STATE		TOTAL	SYSCALL	EXECUTE
1	EVENT 0		33	6	6
4	EVENT 2		21	1	6


